[0.078s] Invoking command in '/gobilda_sim/ros_ws/build/ros_gz_example_description': CMAKE_PREFIX_PATH=${CMAKE_PREFIX_PATH}:/opt/ros/humble:/gobilda_sim/ros_ws/install/bump_and_go_lidar /usr/bin/cmake --build /gobilda_sim/ros_ws/build/ros_gz_example_description -- -j16 -l16
[0.735s] Invoked command in '/gobilda_sim/ros_ws/build/ros_gz_example_description' returned '0': CMAKE_PREFIX_PATH=${CMAKE_PREFIX_PATH}:/opt/ros/humble:/gobilda_sim/ros_ws/install/bump_and_go_lidar /usr/bin/cmake --build /gobilda_sim/ros_ws/build/ros_gz_example_description -- -j16 -l16
[0.812s] Invoking command in '/gobilda_sim/ros_ws/build/ros_gz_example_description': CMAKE_PREFIX_PATH=${CMAKE_PREFIX_PATH}:/opt/ros/humble:/gobilda_sim/ros_ws/install/bump_and_go_lidar /usr/bin/cmake --install /gobilda_sim/ros_ws/build/ros_gz_example_description
[0.823s] -- Install configuration: ""
[0.825s] -- Execute custom install script
[0.826s] -- Up-to-date symlink: /gobilda_sim/ros_ws/install/ros_gz_example_description/share/ros_gz_example_description/models/diff_drive/model.config
[0.826s] -- Up-to-date symlink: /gobilda_sim/ros_ws/install/ros_gz_example_description/share/ros_gz_example_description/models/diff_drive/model.sdf
[0.827s] -- Up-to-date symlink: /gobilda_sim/ros_ws/install/ros_gz_example_description/share/ros_gz_example_description/environment/ros_gz_example_description.dsv
[0.827s] -- Up-to-date symlink: /gobilda_sim/ros_ws/install/ros_gz_example_description/share/ros_gz_example_description/environment/ros_gz_example_description.sh
[0.828s] -- Up-to-date symlink: /gobilda_sim/ros_ws/install/ros_gz_example_description/share/ament_index/resource_index/package_run_dependencies/ros_gz_example_description
[0.829s] -- Up-to-date symlink: /gobilda_sim/ros_ws/install/ros_gz_example_description/share/ament_index/resource_index/parent_prefix_path/ros_gz_example_description
[0.829s] -- Up-to-date symlink: /gobilda_sim/ros_ws/install/ros_gz_example_description/share/ros_gz_example_description/environment/ament_prefix_path.sh
[0.830s] -- Up-to-date symlink: /gobilda_sim/ros_ws/install/ros_gz_example_description/share/ros_gz_example_description/environment/ament_prefix_path.dsv
[0.830s] -- Up-to-date symlink: /gobilda_sim/ros_ws/install/ros_gz_example_description/share/ros_gz_example_description/environment/path.sh
[0.831s] -- Up-to-date symlink: /gobilda_sim/ros_ws/install/ros_gz_example_description/share/ros_gz_example_description/environment/path.dsv
[0.831s] -- Up-to-date symlink: /gobilda_sim/ros_ws/install/ros_gz_example_description/share/ros_gz_example_description/local_setup.bash
[0.832s] -- Up-to-date symlink: /gobilda_sim/ros_ws/install/ros_gz_example_description/share/ros_gz_example_description/local_setup.sh
[0.833s] -- Up-to-date symlink: /gobilda_sim/ros_ws/install/ros_gz_example_description/share/ros_gz_example_description/local_setup.zsh
[0.833s] -- Up-to-date symlink: /gobilda_sim/ros_ws/install/ros_gz_example_description/share/ros_gz_example_description/local_setup.dsv
[0.834s] -- Symlinking: /gobilda_sim/ros_ws/install/ros_gz_example_description/share/ros_gz_example_description/package.dsv
[0.855s] -- Up-to-date symlink: /gobilda_sim/ros_ws/install/ros_gz_example_description/share/ament_index/resource_index/packages/ros_gz_example_description
[0.856s] -- Up-to-date symlink: /gobilda_sim/ros_ws/install/ros_gz_example_description/share/ros_gz_example_description/cmake/ros_gz_example_descriptionConfig.cmake
[0.856s] -- Up-to-date symlink: /gobilda_sim/ros_ws/install/ros_gz_example_description/share/ros_gz_example_description/cmake/ros_gz_example_descriptionConfig-version.cmake
[0.856s] -- Up-to-date symlink: /gobilda_sim/ros_ws/install/ros_gz_example_description/share/ros_gz_example_description/package.xml
[0.861s] Invoked command in '/gobilda_sim/ros_ws/build/ros_gz_example_description' returned '0': CMAKE_PREFIX_PATH=${CMAKE_PREFIX_PATH}:/opt/ros/humble:/gobilda_sim/ros_ws/install/bump_and_go_lidar /usr/bin/cmake --install /gobilda_sim/ros_ws/build/ros_gz_example_description
