[0.075s] Invoking command in '/gobilda_sim/ros_ws/build/ros_gz_example_description': CMAKE_PREFIX_PATH=${CMAKE_PREFIX_PATH}:/opt/ros/humble:/gobilda_sim/ros_ws/install/bump_and_go_lidar /usr/bin/cmake --build /gobilda_sim/ros_ws/build/ros_gz_example_description -- -j16 -l16
[0.576s] Invoked command in '/gobilda_sim/ros_ws/build/ros_gz_example_description' returned '0': CMAKE_PREFIX_PATH=${CMAKE_PREFIX_PATH}:/opt/ros/humble:/gobilda_sim/ros_ws/install/bump_and_go_lidar /usr/bin/cmake --build /gobilda_sim/ros_ws/build/ros_gz_example_description -- -j16 -l16
[0.628s] Invoking command in '/gobilda_sim/ros_ws/build/ros_gz_example_description': CMAKE_PREFIX_PATH=${CMAKE_PREFIX_PATH}:/opt/ros/humble:/gobilda_sim/ros_ws/install/bump_and_go_lidar /usr/bin/cmake --install /gobilda_sim/ros_ws/build/ros_gz_example_description
[0.640s] -- Install configuration: ""
[0.642s] -- Execute custom install script
[0.646s] -- Up-to-date symlink: /gobilda_sim/ros_ws/install/ros_gz_example_description/share/ros_gz_example_description/models/diff_drive/model.config
[0.646s] -- Up-to-date symlink: /gobilda_sim/ros_ws/install/ros_gz_example_description/share/ros_gz_example_description/models/diff_drive/model.sdf
[0.646s] -- Up-to-date symlink: /gobilda_sim/ros_ws/install/ros_gz_example_description/share/ros_gz_example_description/environment/ros_gz_example_description.dsv
[0.647s] -- Up-to-date symlink: /gobilda_sim/ros_ws/install/ros_gz_example_description/share/ros_gz_example_description/environment/ros_gz_example_description.sh
[0.648s] -- Up-to-date symlink: /gobilda_sim/ros_ws/install/ros_gz_example_description/share/ament_index/resource_index/package_run_dependencies/ros_gz_example_description
[0.649s] -- Up-to-date symlink: /gobilda_sim/ros_ws/install/ros_gz_example_description/share/ament_index/resource_index/parent_prefix_path/ros_gz_example_description
[0.649s] -- Up-to-date symlink: /gobilda_sim/ros_ws/install/ros_gz_example_description/share/ros_gz_example_description/environment/ament_prefix_path.sh
[0.650s] -- Up-to-date symlink: /gobilda_sim/ros_ws/install/ros_gz_example_description/share/ros_gz_example_description/environment/ament_prefix_path.dsv
[0.650s] -- Up-to-date symlink: /gobilda_sim/ros_ws/install/ros_gz_example_description/share/ros_gz_example_description/environment/path.sh
[0.651s] -- Up-to-date symlink: /gobilda_sim/ros_ws/install/ros_gz_example_description/share/ros_gz_example_description/environment/path.dsv
[0.651s] -- Up-to-date symlink: /gobilda_sim/ros_ws/install/ros_gz_example_description/share/ros_gz_example_description/local_setup.bash
[0.651s] -- Up-to-date symlink: /gobilda_sim/ros_ws/install/ros_gz_example_description/share/ros_gz_example_description/local_setup.sh
[0.652s] -- Up-to-date symlink: /gobilda_sim/ros_ws/install/ros_gz_example_description/share/ros_gz_example_description/local_setup.zsh
[0.652s] -- Up-to-date symlink: /gobilda_sim/ros_ws/install/ros_gz_example_description/share/ros_gz_example_description/local_setup.dsv
[0.653s] -- Symlinking: /gobilda_sim/ros_ws/install/ros_gz_example_description/share/ros_gz_example_description/package.dsv
[0.669s] -- Up-to-date symlink: /gobilda_sim/ros_ws/install/ros_gz_example_description/share/ament_index/resource_index/packages/ros_gz_example_description
[0.669s] -- Up-to-date symlink: /gobilda_sim/ros_ws/install/ros_gz_example_description/share/ros_gz_example_description/cmake/ros_gz_example_descriptionConfig.cmake
[0.670s] -- Up-to-date symlink: /gobilda_sim/ros_ws/install/ros_gz_example_description/share/ros_gz_example_description/cmake/ros_gz_example_descriptionConfig-version.cmake
[0.670s] -- Up-to-date symlink: /gobilda_sim/ros_ws/install/ros_gz_example_description/share/ros_gz_example_description/package.xml
[0.673s] Invoked command in '/gobilda_sim/ros_ws/build/ros_gz_example_description' returned '0': CMAKE_PREFIX_PATH=${CMAKE_PREFIX_PATH}:/opt/ros/humble:/gobilda_sim/ros_ws/install/bump_and_go_lidar /usr/bin/cmake --install /gobilda_sim/ros_ws/build/ros_gz_example_description
