[0.459s] DEBUG:colcon:Command line arguments: ['/usr/bin/colcon', 'build', '--symlink-install']
[0.459s] DEBUG:colcon:Parsed command line arguments: Namespace(log_base=None, log_level=None, verb_name='build', build_base='build', install_base='install', merge_install=False, symlink_install=True, test_result_base=None, continue_on_error=False, executor='parallel', parallel_workers=16, event_handlers=None, ignore_user_meta=False, metas=['./colcon.meta'], base_paths=['.'], packages_ignore=None, packages_ignore_regex=None, paths=None, packages_up_to=None, packages_up_to_regex=None, packages_above=None, packages_above_and_dependencies=None, packages_above_depth=None, packages_select_by_dep=None, packages_skip_by_dep=None, packages_skip_up_to=None, packages_select_build_failed=False, packages_skip_build_finished=False, packages_select_test_failures=False, packages_skip_test_passed=False, packages_select=None, packages_skip=None, packages_select_regex=None, packages_skip_regex=None, packages_start=None, packages_end=None, cmake_args=None, cmake_target=None, cmake_target_skip_unavailable=False, cmake_clean_cache=False, cmake_clean_first=False, cmake_force_configure=False, ament_cmake_args=None, catkin_cmake_args=None, catkin_skip_building_tests=False, mixin_files=None, mixin=None, verb_parser=<colcon_mixin.mixin.mixin_argument.MixinArgumentDecorator object at 0x7f1a82900eb0>, verb_extension=<colcon_core.verb.build.BuildVerb object at 0x7f1a829f5690>, main=<bound method BuildVerb.main of <colcon_core.verb.build.BuildVerb object at 0x7f1a829f5690>>, mixin_verb=('build',))
[1.170s] Level 1:colcon.colcon_core.package_discovery:discover_packages(colcon_meta) check parameters
[1.175s] INFO:colcon.colcon_metadata.package_discovery.colcon_meta:Using configuration from '/root/.colcon/metadata/default/Gazebo.meta'
[1.177s] INFO:colcon.colcon_metadata.package_discovery.colcon_meta:Using configuration from '/root/.colcon/metadata/default/fastrtps.meta'
[1.177s] Level 1:colcon.colcon_core.package_discovery:discover_packages(recursive) check parameters
[1.177s] Level 1:colcon.colcon_core.package_discovery:discover_packages(ignore) check parameters
[1.177s] Level 1:colcon.colcon_core.package_discovery:discover_packages(path) check parameters
[1.177s] Level 1:colcon.colcon_core.package_discovery:discover_packages(colcon_meta) discover
[1.177s] Level 1:colcon.colcon_core.package_discovery:discover_packages(recursive) discover
[1.177s] INFO:colcon.colcon_core.package_discovery:Crawling recursively for packages in '/gobilda_sim/ros_ws/src'
[1.177s] Level 1:colcon.colcon_core.package_identification:_identify(.) by extensions ['ignore', 'ignore_ament_install']
[1.178s] Level 1:colcon.colcon_core.package_identification:_identify(.) by extension 'ignore'
[1.178s] Level 1:colcon.colcon_core.package_identification:_identify(.) by extension 'ignore_ament_install'
[1.178s] Level 1:colcon.colcon_core.package_identification:_identify(.) by extensions ['colcon_pkg']
[1.178s] Level 1:colcon.colcon_core.package_identification:_identify(.) by extension 'colcon_pkg'
[1.178s] Level 1:colcon.colcon_core.package_identification:_identify(.) by extensions ['colcon_meta']
[1.178s] Level 1:colcon.colcon_core.package_identification:_identify(.) by extension 'colcon_meta'
[1.178s] Level 1:colcon.colcon_core.package_identification:_identify(.) by extensions ['ros']
[1.178s] Level 1:colcon.colcon_core.package_identification:_identify(.) by extension 'ros'
[1.207s] Level 1:colcon.colcon_core.package_identification:_identify(.) by extensions ['cmake', 'python']
[1.208s] Level 1:colcon.colcon_core.package_identification:_identify(.) by extension 'cmake'
[1.208s] Level 1:colcon.colcon_core.package_identification:_identify(.) by extension 'python'
[1.208s] Level 1:colcon.colcon_core.package_identification:_identify(.) by extensions ['python_setup_py']
[1.208s] Level 1:colcon.colcon_core.package_identification:_identify(.) by extension 'python_setup_py'
[1.208s] Level 1:colcon.colcon_core.package_identification:_identify(build) by extensions ['ignore', 'ignore_ament_install']
[1.208s] Level 1:colcon.colcon_core.package_identification:_identify(build) by extension 'ignore'
[1.208s] Level 1:colcon.colcon_core.package_identification:_identify(build) ignored
[1.209s] Level 1:colcon.colcon_core.package_identification:_identify(bump_and_go_lidar) by extensions ['ignore', 'ignore_ament_install']
[1.209s] Level 1:colcon.colcon_core.package_identification:_identify(bump_and_go_lidar) by extension 'ignore'
[1.209s] Level 1:colcon.colcon_core.package_identification:_identify(bump_and_go_lidar) by extension 'ignore_ament_install'
[1.209s] Level 1:colcon.colcon_core.package_identification:_identify(bump_and_go_lidar) by extensions ['colcon_pkg']
[1.209s] Level 1:colcon.colcon_core.package_identification:_identify(bump_and_go_lidar) by extension 'colcon_pkg'
[1.209s] Level 1:colcon.colcon_core.package_identification:_identify(bump_and_go_lidar) by extensions ['colcon_meta']
[1.209s] Level 1:colcon.colcon_core.package_identification:_identify(bump_and_go_lidar) by extension 'colcon_meta'
[1.209s] Level 1:colcon.colcon_core.package_identification:_identify(bump_and_go_lidar) by extensions ['ros']
[1.209s] Level 1:colcon.colcon_core.package_identification:_identify(bump_and_go_lidar) by extension 'ros'
[1.218s] DEBUG:colcon.colcon_core.package_identification:Package 'bump_and_go_lidar' with type 'ros.ament_python' and name 'bump_and_go_lidar'
[1.218s] Level 1:colcon.colcon_core.package_identification:_identify(install) by extensions ['ignore', 'ignore_ament_install']
[1.219s] Level 1:colcon.colcon_core.package_identification:_identify(install) by extension 'ignore'
[1.219s] Level 1:colcon.colcon_core.package_identification:_identify(install) ignored
[1.219s] Level 1:colcon.colcon_core.package_identification:_identify(log) by extensions ['ignore', 'ignore_ament_install']
[1.219s] Level 1:colcon.colcon_core.package_identification:_identify(log) by extension 'ignore'
[1.219s] Level 1:colcon.colcon_core.package_identification:_identify(log) ignored
[1.219s] Level 1:colcon.colcon_core.package_identification:_identify(ros_gz_project) by extensions ['ignore', 'ignore_ament_install']
[1.219s] Level 1:colcon.colcon_core.package_identification:_identify(ros_gz_project) by extension 'ignore'
[1.219s] Level 1:colcon.colcon_core.package_identification:_identify(ros_gz_project) by extension 'ignore_ament_install'
[1.219s] Level 1:colcon.colcon_core.package_identification:_identify(ros_gz_project) by extensions ['colcon_pkg']
[1.220s] Level 1:colcon.colcon_core.package_identification:_identify(ros_gz_project) by extension 'colcon_pkg'
[1.220s] Level 1:colcon.colcon_core.package_identification:_identify(ros_gz_project) by extensions ['colcon_meta']
[1.220s] Level 1:colcon.colcon_core.package_identification:_identify(ros_gz_project) by extension 'colcon_meta'
[1.220s] Level 1:colcon.colcon_core.package_identification:_identify(ros_gz_project) by extensions ['ros']
[1.220s] Level 1:colcon.colcon_core.package_identification:_identify(ros_gz_project) by extension 'ros'
[1.220s] Level 1:colcon.colcon_core.package_identification:_identify(ros_gz_project) by extensions ['cmake', 'python']
[1.220s] Level 1:colcon.colcon_core.package_identification:_identify(ros_gz_project) by extension 'cmake'
[1.220s] Level 1:colcon.colcon_core.package_identification:_identify(ros_gz_project) by extension 'python'
[1.220s] Level 1:colcon.colcon_core.package_identification:_identify(ros_gz_project) by extensions ['python_setup_py']
[1.220s] Level 1:colcon.colcon_core.package_identification:_identify(ros_gz_project) by extension 'python_setup_py'
[1.220s] Level 1:colcon.colcon_core.package_identification:_identify(ros_gz_project/ros_gz_example_bringup) by extensions ['ignore', 'ignore_ament_install']
[1.220s] Level 1:colcon.colcon_core.package_identification:_identify(ros_gz_project/ros_gz_example_bringup) by extension 'ignore'
[1.221s] Level 1:colcon.colcon_core.package_identification:_identify(ros_gz_project/ros_gz_example_bringup) by extension 'ignore_ament_install'
[1.221s] Level 1:colcon.colcon_core.package_identification:_identify(ros_gz_project/ros_gz_example_bringup) by extensions ['colcon_pkg']
[1.221s] Level 1:colcon.colcon_core.package_identification:_identify(ros_gz_project/ros_gz_example_bringup) by extension 'colcon_pkg'
[1.221s] Level 1:colcon.colcon_core.package_identification:_identify(ros_gz_project/ros_gz_example_bringup) by extensions ['colcon_meta']
[1.221s] Level 1:colcon.colcon_core.package_identification:_identify(ros_gz_project/ros_gz_example_bringup) by extension 'colcon_meta'
[1.221s] Level 1:colcon.colcon_core.package_identification:_identify(ros_gz_project/ros_gz_example_bringup) by extensions ['ros']
[1.221s] Level 1:colcon.colcon_core.package_identification:_identify(ros_gz_project/ros_gz_example_bringup) by extension 'ros'
[1.223s] DEBUG:colcon.colcon_core.package_identification:Package 'ros_gz_project/ros_gz_example_bringup' with type 'ros.ament_cmake' and name 'ros_gz_example_bringup'
[1.223s] Level 1:colcon.colcon_core.package_identification:_identify(ros_gz_project/ros_gz_example_description) by extensions ['ignore', 'ignore_ament_install']
[1.223s] Level 1:colcon.colcon_core.package_identification:_identify(ros_gz_project/ros_gz_example_description) by extension 'ignore'
[1.223s] Level 1:colcon.colcon_core.package_identification:_identify(ros_gz_project/ros_gz_example_description) by extension 'ignore_ament_install'
[1.223s] Level 1:colcon.colcon_core.package_identification:_identify(ros_gz_project/ros_gz_example_description) by extensions ['colcon_pkg']
[1.223s] Level 1:colcon.colcon_core.package_identification:_identify(ros_gz_project/ros_gz_example_description) by extension 'colcon_pkg'
[1.223s] Level 1:colcon.colcon_core.package_identification:_identify(ros_gz_project/ros_gz_example_description) by extensions ['colcon_meta']
[1.223s] Level 1:colcon.colcon_core.package_identification:_identify(ros_gz_project/ros_gz_example_description) by extension 'colcon_meta'
[1.223s] Level 1:colcon.colcon_core.package_identification:_identify(ros_gz_project/ros_gz_example_description) by extensions ['ros']
[1.223s] Level 1:colcon.colcon_core.package_identification:_identify(ros_gz_project/ros_gz_example_description) by extension 'ros'
[1.224s] DEBUG:colcon.colcon_core.package_identification:Package 'ros_gz_project/ros_gz_example_description' with type 'ros.ament_cmake' and name 'ros_gz_example_description'
[1.224s] Level 1:colcon.colcon_core.package_identification:_identify(ros_gz_project/ros_gz_example_gazebo) by extensions ['ignore', 'ignore_ament_install']
[1.225s] Level 1:colcon.colcon_core.package_identification:_identify(ros_gz_project/ros_gz_example_gazebo) by extension 'ignore'
[1.225s] Level 1:colcon.colcon_core.package_identification:_identify(ros_gz_project/ros_gz_example_gazebo) by extension 'ignore_ament_install'
[1.225s] Level 1:colcon.colcon_core.package_identification:_identify(ros_gz_project/ros_gz_example_gazebo) by extensions ['colcon_pkg']
[1.225s] Level 1:colcon.colcon_core.package_identification:_identify(ros_gz_project/ros_gz_example_gazebo) by extension 'colcon_pkg'
[1.225s] Level 1:colcon.colcon_core.package_identification:_identify(ros_gz_project/ros_gz_example_gazebo) by extensions ['colcon_meta']
[1.225s] Level 1:colcon.colcon_core.package_identification:_identify(ros_gz_project/ros_gz_example_gazebo) by extension 'colcon_meta'
[1.225s] Level 1:colcon.colcon_core.package_identification:_identify(ros_gz_project/ros_gz_example_gazebo) by extensions ['ros']
[1.225s] Level 1:colcon.colcon_core.package_identification:_identify(ros_gz_project/ros_gz_example_gazebo) by extension 'ros'
[1.226s] DEBUG:colcon.colcon_core.package_identification:Package 'ros_gz_project/ros_gz_example_gazebo' with type 'ros.ament_cmake' and name 'ros_gz_example_gazebo'
[1.226s] Level 1:colcon.colcon_core.package_discovery:discover_packages(recursive) using defaults
[1.226s] Level 1:colcon.colcon_core.package_discovery:discover_packages(ignore) discover
[1.226s] Level 1:colcon.colcon_core.package_discovery:discover_packages(ignore) using defaults
[1.226s] Level 1:colcon.colcon_core.package_discovery:discover_packages(path) discover
[1.226s] Level 1:colcon.colcon_core.package_discovery:discover_packages(path) using defaults
[1.296s] Level 5:colcon.colcon_core.verb:set package 'bump_and_go_lidar' build argument 'cmake_args' from command line to 'None'
[1.296s] Level 5:colcon.colcon_core.verb:set package 'bump_and_go_lidar' build argument 'cmake_target' from command line to 'None'
[1.297s] Level 5:colcon.colcon_core.verb:set package 'bump_and_go_lidar' build argument 'cmake_target_skip_unavailable' from command line to 'False'
[1.297s] Level 5:colcon.colcon_core.verb:set package 'bump_and_go_lidar' build argument 'cmake_clean_cache' from command line to 'False'
[1.297s] Level 5:colcon.colcon_core.verb:set package 'bump_and_go_lidar' build argument 'cmake_clean_first' from command line to 'False'
[1.297s] Level 5:colcon.colcon_core.verb:set package 'bump_and_go_lidar' build argument 'cmake_force_configure' from command line to 'False'
[1.297s] Level 5:colcon.colcon_core.verb:set package 'bump_and_go_lidar' build argument 'ament_cmake_args' from command line to 'None'
[1.297s] Level 5:colcon.colcon_core.verb:set package 'bump_and_go_lidar' build argument 'catkin_cmake_args' from command line to 'None'
[1.297s] Level 5:colcon.colcon_core.verb:set package 'bump_and_go_lidar' build argument 'catkin_skip_building_tests' from command line to 'False'
[1.297s] DEBUG:colcon.colcon_core.verb:Building package 'bump_and_go_lidar' with the following arguments: {'ament_cmake_args': None, 'build_base': '/gobilda_sim/ros_ws/src/build/bump_and_go_lidar', 'catkin_cmake_args': None, 'catkin_skip_building_tests': False, 'cmake_args': None, 'cmake_clean_cache': False, 'cmake_clean_first': False, 'cmake_force_configure': False, 'cmake_target': None, 'cmake_target_skip_unavailable': False, 'install_base': '/gobilda_sim/ros_ws/src/install/bump_and_go_lidar', 'merge_install': False, 'path': '/gobilda_sim/ros_ws/src/bump_and_go_lidar', 'symlink_install': True, 'test_result_base': None}
[1.298s] Level 5:colcon.colcon_core.verb:set package 'ros_gz_example_description' build argument 'cmake_args' from command line to 'None'
[1.298s] Level 5:colcon.colcon_core.verb:set package 'ros_gz_example_description' build argument 'cmake_target' from command line to 'None'
[1.298s] Level 5:colcon.colcon_core.verb:set package 'ros_gz_example_description' build argument 'cmake_target_skip_unavailable' from command line to 'False'
[1.298s] Level 5:colcon.colcon_core.verb:set package 'ros_gz_example_description' build argument 'cmake_clean_cache' from command line to 'False'
[1.298s] Level 5:colcon.colcon_core.verb:set package 'ros_gz_example_description' build argument 'cmake_clean_first' from command line to 'False'
[1.298s] Level 5:colcon.colcon_core.verb:set package 'ros_gz_example_description' build argument 'cmake_force_configure' from command line to 'False'
[1.298s] Level 5:colcon.colcon_core.verb:set package 'ros_gz_example_description' build argument 'ament_cmake_args' from command line to 'None'
[1.299s] Level 5:colcon.colcon_core.verb:set package 'ros_gz_example_description' build argument 'catkin_cmake_args' from command line to 'None'
[1.299s] Level 5:colcon.colcon_core.verb:set package 'ros_gz_example_description' build argument 'catkin_skip_building_tests' from command line to 'False'
[1.299s] DEBUG:colcon.colcon_core.verb:Building package 'ros_gz_example_description' with the following arguments: {'ament_cmake_args': None, 'build_base': '/gobilda_sim/ros_ws/src/build/ros_gz_example_description', 'catkin_cmake_args': None, 'catkin_skip_building_tests': False, 'cmake_args': None, 'cmake_clean_cache': False, 'cmake_clean_first': False, 'cmake_force_configure': False, 'cmake_target': None, 'cmake_target_skip_unavailable': False, 'install_base': '/gobilda_sim/ros_ws/src/install/ros_gz_example_description', 'merge_install': False, 'path': '/gobilda_sim/ros_ws/src/ros_gz_project/ros_gz_example_description', 'symlink_install': True, 'test_result_base': None}
[1.300s] Level 5:colcon.colcon_core.verb:set package 'ros_gz_example_gazebo' build argument 'cmake_args' from command line to 'None'
[1.300s] Level 5:colcon.colcon_core.verb:set package 'ros_gz_example_gazebo' build argument 'cmake_target' from command line to 'None'
[1.300s] Level 5:colcon.colcon_core.verb:set package 'ros_gz_example_gazebo' build argument 'cmake_target_skip_unavailable' from command line to 'False'
[1.300s] Level 5:colcon.colcon_core.verb:set package 'ros_gz_example_gazebo' build argument 'cmake_clean_cache' from command line to 'False'
[1.300s] Level 5:colcon.colcon_core.verb:set package 'ros_gz_example_gazebo' build argument 'cmake_clean_first' from command line to 'False'
[1.300s] Level 5:colcon.colcon_core.verb:set package 'ros_gz_example_gazebo' build argument 'cmake_force_configure' from command line to 'False'
[1.300s] Level 5:colcon.colcon_core.verb:set package 'ros_gz_example_gazebo' build argument 'ament_cmake_args' from command line to 'None'
[1.300s] Level 5:colcon.colcon_core.verb:set package 'ros_gz_example_gazebo' build argument 'catkin_cmake_args' from command line to 'None'
[1.300s] Level 5:colcon.colcon_core.verb:set package 'ros_gz_example_gazebo' build argument 'catkin_skip_building_tests' from command line to 'False'
[1.300s] DEBUG:colcon.colcon_core.verb:Building package 'ros_gz_example_gazebo' with the following arguments: {'ament_cmake_args': None, 'build_base': '/gobilda_sim/ros_ws/src/build/ros_gz_example_gazebo', 'catkin_cmake_args': None, 'catkin_skip_building_tests': False, 'cmake_args': None, 'cmake_clean_cache': False, 'cmake_clean_first': False, 'cmake_force_configure': False, 'cmake_target': None, 'cmake_target_skip_unavailable': False, 'install_base': '/gobilda_sim/ros_ws/src/install/ros_gz_example_gazebo', 'merge_install': False, 'path': '/gobilda_sim/ros_ws/src/ros_gz_project/ros_gz_example_gazebo', 'symlink_install': True, 'test_result_base': None}
[1.301s] Level 5:colcon.colcon_core.verb:set package 'ros_gz_example_bringup' build argument 'cmake_args' from command line to 'None'
[1.301s] Level 5:colcon.colcon_core.verb:set package 'ros_gz_example_bringup' build argument 'cmake_target' from command line to 'None'
[1.301s] Level 5:colcon.colcon_core.verb:set package 'ros_gz_example_bringup' build argument 'cmake_target_skip_unavailable' from command line to 'False'
[1.301s] Level 5:colcon.colcon_core.verb:set package 'ros_gz_example_bringup' build argument 'cmake_clean_cache' from command line to 'False'
[1.301s] Level 5:colcon.colcon_core.verb:set package 'ros_gz_example_bringup' build argument 'cmake_clean_first' from command line to 'False'
[1.301s] Level 5:colcon.colcon_core.verb:set package 'ros_gz_example_bringup' build argument 'cmake_force_configure' from command line to 'False'
[1.301s] Level 5:colcon.colcon_core.verb:set package 'ros_gz_example_bringup' build argument 'ament_cmake_args' from command line to 'None'
[1.301s] Level 5:colcon.colcon_core.verb:set package 'ros_gz_example_bringup' build argument 'catkin_cmake_args' from command line to 'None'
[1.301s] Level 5:colcon.colcon_core.verb:set package 'ros_gz_example_bringup' build argument 'catkin_skip_building_tests' from command line to 'False'
[1.301s] DEBUG:colcon.colcon_core.verb:Building package 'ros_gz_example_bringup' with the following arguments: {'ament_cmake_args': None, 'build_base': '/gobilda_sim/ros_ws/src/build/ros_gz_example_bringup', 'catkin_cmake_args': None, 'catkin_skip_building_tests': False, 'cmake_args': None, 'cmake_clean_cache': False, 'cmake_clean_first': False, 'cmake_force_configure': False, 'cmake_target': None, 'cmake_target_skip_unavailable': False, 'install_base': '/gobilda_sim/ros_ws/src/install/ros_gz_example_bringup', 'merge_install': False, 'path': '/gobilda_sim/ros_ws/src/ros_gz_project/ros_gz_example_bringup', 'symlink_install': True, 'test_result_base': None}
[1.302s] INFO:colcon.colcon_core.executor:Executing jobs using 'parallel' executor
[1.304s] DEBUG:colcon.colcon_parallel_executor.executor.parallel:run_until_complete
[1.305s] INFO:colcon.colcon_ros.task.ament_cmake.build:Building ROS package in '/gobilda_sim/ros_ws/src/ros_gz_project/ros_gz_example_description' with build type 'ament_cmake'
[1.305s] INFO:colcon.colcon_cmake.task.cmake.build:Building CMake package in '/gobilda_sim/ros_ws/src/ros_gz_project/ros_gz_example_description'
[1.318s] INFO:colcon.colcon_core.plugin_system:Skipping extension 'colcon_core.shell.bat': Not used on non-Windows systems
[1.318s] INFO:colcon.colcon_core.shell:Skip shell extension 'powershell' for command environment: Not usable outside of PowerShell
[1.318s] DEBUG:colcon.colcon_core.shell:Skip shell extension 'dsv' for command environment
[1.334s] INFO:colcon.colcon_ros.task.ament_python.build:Building ROS package in '/gobilda_sim/ros_ws/src/bump_and_go_lidar' with build type 'ament_python'
[1.335s] Level 1:colcon.colcon_core.shell:create_environment_hook('bump_and_go_lidar', 'ament_prefix_path')
[1.336s] INFO:colcon.colcon_core.shell:Creating environment hook '/gobilda_sim/ros_ws/src/install/bump_and_go_lidar/share/bump_and_go_lidar/hook/ament_prefix_path.ps1'
[1.341s] INFO:colcon.colcon_core.shell:Creating environment descriptor '/gobilda_sim/ros_ws/src/install/bump_and_go_lidar/share/bump_and_go_lidar/hook/ament_prefix_path.dsv'
[1.343s] INFO:colcon.colcon_core.shell:Creating environment hook '/gobilda_sim/ros_ws/src/install/bump_and_go_lidar/share/bump_and_go_lidar/hook/ament_prefix_path.sh'
[1.345s] INFO:colcon.colcon_core.shell:Skip shell extension 'powershell' for command environment: Not usable outside of PowerShell
[1.345s] DEBUG:colcon.colcon_core.shell:Skip shell extension 'dsv' for command environment
[1.385s] DEBUG:colcon.colcon_core.event_handler.log_command:Invoking command in '/gobilda_sim/ros_ws/src/build/ros_gz_example_description': CMAKE_PREFIX_PATH=${CMAKE_PREFIX_PATH}:/gobilda_sim/ros_ws/install/bump_and_go_lidar:/opt/ros/humble /usr/bin/cmake /gobilda_sim/ros_ws/src/ros_gz_project/ros_gz_example_description -DAMENT_CMAKE_SYMLINK_INSTALL=1 -DCMAKE_INSTALL_PREFIX=/gobilda_sim/ros_ws/src/install/ros_gz_example_description
[1.847s] INFO:colcon.colcon_core.task.python.build:Building Python package in '/gobilda_sim/ros_ws/src/bump_and_go_lidar'
[1.848s] INFO:colcon.colcon_core.shell:Skip shell extension 'powershell' for command environment: Not usable outside of PowerShell
[1.848s] DEBUG:colcon.colcon_core.shell:Skip shell extension 'dsv' for command environment
[2.571s] DEBUG:colcon.colcon_core.event_handler.log_command:Invoking command in '/gobilda_sim/ros_ws/src/build/bump_and_go_lidar': PYTHONPATH=/gobilda_sim/ros_ws/src/build/bump_and_go_lidar/prefix_override:/usr/lib/python3/dist-packages/colcon_core/task/python/colcon_distutils_commands:/gobilda_sim/ros_ws/src/install/bump_and_go_lidar/lib/python3.10/site-packages:${PYTHONPATH} /usr/bin/python3 -W ignore:setup.py install is deprecated setup.py develop --editable --build-directory /gobilda_sim/ros_ws/src/build/bump_and_go_lidar/build --no-deps symlink_data
[3.170s] DEBUG:colcon.colcon_core.event_handler.log_command:Invoked command in '/gobilda_sim/ros_ws/src/build/ros_gz_example_description' returned '0': CMAKE_PREFIX_PATH=${CMAKE_PREFIX_PATH}:/gobilda_sim/ros_ws/install/bump_and_go_lidar:/opt/ros/humble /usr/bin/cmake /gobilda_sim/ros_ws/src/ros_gz_project/ros_gz_example_description -DAMENT_CMAKE_SYMLINK_INSTALL=1 -DCMAKE_INSTALL_PREFIX=/gobilda_sim/ros_ws/src/install/ros_gz_example_description
[3.176s] DEBUG:colcon.colcon_core.event_handler.log_command:Invoking command in '/gobilda_sim/ros_ws/src/build/ros_gz_example_description': CMAKE_PREFIX_PATH=${CMAKE_PREFIX_PATH}:/gobilda_sim/ros_ws/install/bump_and_go_lidar:/opt/ros/humble /usr/bin/cmake --build /gobilda_sim/ros_ws/src/build/ros_gz_example_description -- -j16 -l16
[3.277s] DEBUG:colcon.colcon_core.event_handler.log_command:Invoked command in '/gobilda_sim/ros_ws/src/build/ros_gz_example_description' returned '0': CMAKE_PREFIX_PATH=${CMAKE_PREFIX_PATH}:/gobilda_sim/ros_ws/install/bump_and_go_lidar:/opt/ros/humble /usr/bin/cmake --build /gobilda_sim/ros_ws/src/build/ros_gz_example_description -- -j16 -l16
[3.429s] DEBUG:colcon.colcon_core.event_handler.log_command:Invoking command in '/gobilda_sim/ros_ws/src/build/ros_gz_example_description': CMAKE_PREFIX_PATH=${CMAKE_PREFIX_PATH}:/gobilda_sim/ros_ws/install/bump_and_go_lidar:/opt/ros/humble /usr/bin/cmake --install /gobilda_sim/ros_ws/src/build/ros_gz_example_description
[3.626s] Level 1:colcon.colcon_core.shell:create_environment_hook('bump_and_go_lidar', 'pythonpath_develop')
[3.626s] INFO:colcon.colcon_core.shell:Creating environment hook '/gobilda_sim/ros_ws/src/build/bump_and_go_lidar/share/bump_and_go_lidar/hook/pythonpath_develop.ps1'
[3.628s] INFO:colcon.colcon_core.shell:Creating environment descriptor '/gobilda_sim/ros_ws/src/build/bump_and_go_lidar/share/bump_and_go_lidar/hook/pythonpath_develop.dsv'
[3.629s] INFO:colcon.colcon_core.shell:Creating environment hook '/gobilda_sim/ros_ws/src/build/bump_and_go_lidar/share/bump_and_go_lidar/hook/pythonpath_develop.sh'
[3.630s] DEBUG:colcon.colcon_core.event_handler.log_command:Invoked command in '/gobilda_sim/ros_ws/src/build/bump_and_go_lidar' returned '0': PYTHONPATH=/gobilda_sim/ros_ws/src/build/bump_and_go_lidar/prefix_override:/usr/lib/python3/dist-packages/colcon_core/task/python/colcon_distutils_commands:/gobilda_sim/ros_ws/src/install/bump_and_go_lidar/lib/python3.10/site-packages:${PYTHONPATH} /usr/bin/python3 -W ignore:setup.py install is deprecated setup.py develop --editable --build-directory /gobilda_sim/ros_ws/src/build/bump_and_go_lidar/build --no-deps symlink_data
[3.682s] Level 1:colcon.colcon_core.environment:checking '/gobilda_sim/ros_ws/src/install/bump_and_go_lidar' for CMake module files
[3.687s] Level 1:colcon.colcon_core.environment:checking '/gobilda_sim/ros_ws/src/install/bump_and_go_lidar' for CMake config files
[3.710s] Level 1:colcon.colcon_core.environment:checking '/gobilda_sim/ros_ws/src/install/bump_and_go_lidar/lib'
[3.711s] Level 1:colcon.colcon_core.environment:checking '/gobilda_sim/ros_ws/src/install/bump_and_go_lidar/bin'
[3.711s] Level 1:colcon.colcon_core.environment:checking '/gobilda_sim/ros_ws/src/install/bump_and_go_lidar/lib/pkgconfig/bump_and_go_lidar.pc'
[3.711s] Level 1:colcon.colcon_core.environment:checking '/gobilda_sim/ros_ws/src/install/bump_and_go_lidar/lib/python3.10/site-packages'
[3.711s] Level 1:colcon.colcon_core.shell:create_environment_hook('bump_and_go_lidar', 'pythonpath')
[3.712s] INFO:colcon.colcon_core.shell:Creating environment hook '/gobilda_sim/ros_ws/src/install/bump_and_go_lidar/share/bump_and_go_lidar/hook/pythonpath.ps1'
[3.713s] INFO:colcon.colcon_core.shell:Creating environment descriptor '/gobilda_sim/ros_ws/src/install/bump_and_go_lidar/share/bump_and_go_lidar/hook/pythonpath.dsv'
[3.725s] INFO:colcon.colcon_core.shell:Creating environment hook '/gobilda_sim/ros_ws/src/install/bump_and_go_lidar/share/bump_and_go_lidar/hook/pythonpath.sh'
[3.727s] Level 1:colcon.colcon_core.environment:checking '/gobilda_sim/ros_ws/src/install/bump_and_go_lidar/bin'
[3.728s] Level 1:colcon.colcon_core.environment:create_environment_scripts_only(bump_and_go_lidar)
[3.729s] INFO:colcon.colcon_core.shell:Creating package script '/gobilda_sim/ros_ws/src/install/bump_and_go_lidar/share/bump_and_go_lidar/package.ps1'
[3.743s] INFO:colcon.colcon_core.shell:Creating package descriptor '/gobilda_sim/ros_ws/src/install/bump_and_go_lidar/share/bump_and_go_lidar/package.dsv'
[3.745s] INFO:colcon.colcon_core.shell:Creating package script '/gobilda_sim/ros_ws/src/install/bump_and_go_lidar/share/bump_and_go_lidar/package.sh'
[3.747s] INFO:colcon.colcon_core.shell:Creating package script '/gobilda_sim/ros_ws/src/install/bump_and_go_lidar/share/bump_and_go_lidar/package.bash'
[3.763s] INFO:colcon.colcon_core.shell:Creating package script '/gobilda_sim/ros_ws/src/install/bump_and_go_lidar/share/bump_and_go_lidar/package.zsh'
[3.766s] Level 1:colcon.colcon_core.environment:create_file_with_runtime_dependencies(/gobilda_sim/ros_ws/src/install/bump_and_go_lidar/share/colcon-core/packages/bump_and_go_lidar)
[4.046s] Level 1:colcon.colcon_core.environment:create_environment_scripts_only(ros_gz_example_description)
[4.047s] Level 1:colcon.colcon_core.environment:checking '/gobilda_sim/ros_ws/src/install/ros_gz_example_description' for CMake module files
[4.048s] Level 1:colcon.colcon_core.environment:checking '/gobilda_sim/ros_ws/src/install/ros_gz_example_description' for CMake config files
[4.048s] Level 1:colcon.colcon_core.shell:create_environment_hook('ros_gz_example_description', 'cmake_prefix_path')
[4.049s] INFO:colcon.colcon_core.shell:Creating environment hook '/gobilda_sim/ros_ws/src/install/ros_gz_example_description/share/ros_gz_example_description/hook/cmake_prefix_path.ps1'
[4.050s] INFO:colcon.colcon_core.shell:Creating environment descriptor '/gobilda_sim/ros_ws/src/install/ros_gz_example_description/share/ros_gz_example_description/hook/cmake_prefix_path.dsv'
[4.051s] INFO:colcon.colcon_core.shell:Creating environment hook '/gobilda_sim/ros_ws/src/install/ros_gz_example_description/share/ros_gz_example_description/hook/cmake_prefix_path.sh'
[4.052s] Level 1:colcon.colcon_core.environment:checking '/gobilda_sim/ros_ws/src/install/ros_gz_example_description/bin'
[4.052s] Level 1:colcon.colcon_core.environment:checking '/gobilda_sim/ros_ws/src/install/ros_gz_example_description/lib/pkgconfig/ros_gz_example_description.pc'
[4.052s] Level 1:colcon.colcon_core.environment:checking '/gobilda_sim/ros_ws/src/install/ros_gz_example_description/lib/python3.10/site-packages'
[4.053s] Level 1:colcon.colcon_core.environment:checking '/gobilda_sim/ros_ws/src/install/ros_gz_example_description/bin'
[4.054s] INFO:colcon.colcon_core.shell:Creating package script '/gobilda_sim/ros_ws/src/install/ros_gz_example_description/share/ros_gz_example_description/package.ps1'
[4.055s] INFO:colcon.colcon_core.shell:Creating package descriptor '/gobilda_sim/ros_ws/src/install/ros_gz_example_description/share/ros_gz_example_description/package.dsv'
[4.056s] DEBUG:colcon.colcon_core.event_handler.log_command:Invoked command in '/gobilda_sim/ros_ws/src/build/ros_gz_example_description' returned '0': CMAKE_PREFIX_PATH=${CMAKE_PREFIX_PATH}:/gobilda_sim/ros_ws/install/bump_and_go_lidar:/opt/ros/humble /usr/bin/cmake --install /gobilda_sim/ros_ws/src/build/ros_gz_example_description
[4.057s] INFO:colcon.colcon_core.shell:Creating package script '/gobilda_sim/ros_ws/src/install/ros_gz_example_description/share/ros_gz_example_description/package.sh'
[4.058s] INFO:colcon.colcon_core.shell:Creating package script '/gobilda_sim/ros_ws/src/install/ros_gz_example_description/share/ros_gz_example_description/package.bash'
[4.059s] INFO:colcon.colcon_core.shell:Creating package script '/gobilda_sim/ros_ws/src/install/ros_gz_example_description/share/ros_gz_example_description/package.zsh'
[4.060s] Level 1:colcon.colcon_core.environment:create_file_with_runtime_dependencies(/gobilda_sim/ros_ws/src/install/ros_gz_example_description/share/colcon-core/packages/ros_gz_example_description)
[4.107s] Level 1:colcon.colcon_core.environment:create_environment_scripts_only(ros_gz_example_description)
[4.108s] Level 1:colcon.colcon_core.environment:checking '/gobilda_sim/ros_ws/src/install/ros_gz_example_description' for CMake module files
[4.108s] Level 1:colcon.colcon_core.environment:checking '/gobilda_sim/ros_ws/src/install/ros_gz_example_description' for CMake config files
[4.109s] Level 1:colcon.colcon_core.shell:create_environment_hook('ros_gz_example_description', 'cmake_prefix_path')
[4.109s] INFO:colcon.colcon_core.shell:Creating environment hook '/gobilda_sim/ros_ws/src/install/ros_gz_example_description/share/ros_gz_example_description/hook/cmake_prefix_path.ps1'
[4.110s] INFO:colcon.colcon_core.shell:Creating environment descriptor '/gobilda_sim/ros_ws/src/install/ros_gz_example_description/share/ros_gz_example_description/hook/cmake_prefix_path.dsv'
[4.111s] INFO:colcon.colcon_core.shell:Creating environment hook '/gobilda_sim/ros_ws/src/install/ros_gz_example_description/share/ros_gz_example_description/hook/cmake_prefix_path.sh'
[4.112s] Level 1:colcon.colcon_core.environment:checking '/gobilda_sim/ros_ws/src/install/ros_gz_example_description/bin'
[4.112s] Level 1:colcon.colcon_core.environment:checking '/gobilda_sim/ros_ws/src/install/ros_gz_example_description/lib/pkgconfig/ros_gz_example_description.pc'
[4.113s] Level 1:colcon.colcon_core.environment:checking '/gobilda_sim/ros_ws/src/install/ros_gz_example_description/lib/python3.10/site-packages'
[4.114s] Level 1:colcon.colcon_core.environment:checking '/gobilda_sim/ros_ws/src/install/ros_gz_example_description/bin'
[4.114s] INFO:colcon.colcon_core.shell:Creating package script '/gobilda_sim/ros_ws/src/install/ros_gz_example_description/share/ros_gz_example_description/package.ps1'
[4.115s] INFO:colcon.colcon_core.shell:Creating package descriptor '/gobilda_sim/ros_ws/src/install/ros_gz_example_description/share/ros_gz_example_description/package.dsv'
[4.117s] INFO:colcon.colcon_core.shell:Creating package script '/gobilda_sim/ros_ws/src/install/ros_gz_example_description/share/ros_gz_example_description/package.sh'
[4.117s] INFO:colcon.colcon_core.shell:Creating package script '/gobilda_sim/ros_ws/src/install/ros_gz_example_description/share/ros_gz_example_description/package.bash'
[4.118s] INFO:colcon.colcon_core.shell:Creating package script '/gobilda_sim/ros_ws/src/install/ros_gz_example_description/share/ros_gz_example_description/package.zsh'
[4.119s] Level 1:colcon.colcon_core.environment:create_file_with_runtime_dependencies(/gobilda_sim/ros_ws/src/install/ros_gz_example_description/share/colcon-core/packages/ros_gz_example_description)
[4.120s] INFO:colcon.colcon_ros.task.ament_cmake.build:Building ROS package in '/gobilda_sim/ros_ws/src/ros_gz_project/ros_gz_example_gazebo' with build type 'ament_cmake'
[4.121s] INFO:colcon.colcon_cmake.task.cmake.build:Building CMake package in '/gobilda_sim/ros_ws/src/ros_gz_project/ros_gz_example_gazebo'
[4.122s] INFO:colcon.colcon_core.shell:Skip shell extension 'powershell' for command environment: Not usable outside of PowerShell
[4.122s] DEBUG:colcon.colcon_core.shell:Skip shell extension 'dsv' for command environment
[4.143s] DEBUG:colcon.colcon_core.event_handler.log_command:Invoking command in '/gobilda_sim/ros_ws/src/build/ros_gz_example_gazebo': AMENT_PREFIX_PATH=/gobilda_sim/ros_ws/src/install/ros_gz_example_description:${AMENT_PREFIX_PATH} CMAKE_PREFIX_PATH=/gobilda_sim/ros_ws/src/install/ros_gz_example_description:/gobilda_sim/ros_ws/install/ros_gz_example_bringup:/gobilda_sim/ros_ws/install/ros_gz_example_gazebo:/gobilda_sim/ros_ws/install/ros_gz_example_description:/gobilda_sim/ros_ws/install/bump_and_go_lidar:/opt/ros/humble IGN_GAZEBO_RESOURCE_PATH=/gobilda_sim/ros_ws/src/install/ros_gz_example_description/share/ros_gz_example_description/models:${IGN_GAZEBO_RESOURCE_PATH} /usr/bin/cmake /gobilda_sim/ros_ws/src/ros_gz_project/ros_gz_example_gazebo -DAMENT_CMAKE_SYMLINK_INSTALL=1 -DCMAKE_INSTALL_PREFIX=/gobilda_sim/ros_ws/src/install/ros_gz_example_gazebo
[7.772s] DEBUG:colcon.colcon_core.event_handler.log_command:Invoked command in '/gobilda_sim/ros_ws/src/build/ros_gz_example_gazebo' returned '0': AMENT_PREFIX_PATH=/gobilda_sim/ros_ws/src/install/ros_gz_example_description:${AMENT_PREFIX_PATH} CMAKE_PREFIX_PATH=/gobilda_sim/ros_ws/src/install/ros_gz_example_description:/gobilda_sim/ros_ws/install/ros_gz_example_bringup:/gobilda_sim/ros_ws/install/ros_gz_example_gazebo:/gobilda_sim/ros_ws/install/ros_gz_example_description:/gobilda_sim/ros_ws/install/bump_and_go_lidar:/opt/ros/humble IGN_GAZEBO_RESOURCE_PATH=/gobilda_sim/ros_ws/src/install/ros_gz_example_description/share/ros_gz_example_description/models:${IGN_GAZEBO_RESOURCE_PATH} /usr/bin/cmake /gobilda_sim/ros_ws/src/ros_gz_project/ros_gz_example_gazebo -DAMENT_CMAKE_SYMLINK_INSTALL=1 -DCMAKE_INSTALL_PREFIX=/gobilda_sim/ros_ws/src/install/ros_gz_example_gazebo
[7.780s] DEBUG:colcon.colcon_core.event_handler.log_command:Invoking command in '/gobilda_sim/ros_ws/src/build/ros_gz_example_gazebo': AMENT_PREFIX_PATH=/gobilda_sim/ros_ws/src/install/ros_gz_example_description:${AMENT_PREFIX_PATH} CMAKE_PREFIX_PATH=/gobilda_sim/ros_ws/src/install/ros_gz_example_description:/gobilda_sim/ros_ws/install/ros_gz_example_bringup:/gobilda_sim/ros_ws/install/ros_gz_example_gazebo:/gobilda_sim/ros_ws/install/ros_gz_example_description:/gobilda_sim/ros_ws/install/bump_and_go_lidar:/opt/ros/humble IGN_GAZEBO_RESOURCE_PATH=/gobilda_sim/ros_ws/src/install/ros_gz_example_description/share/ros_gz_example_description/models:${IGN_GAZEBO_RESOURCE_PATH} /usr/bin/cmake --build /gobilda_sim/ros_ws/src/build/ros_gz_example_gazebo -- -j16 -l16
[18.385s] DEBUG:colcon.colcon_core.event_handler.log_command:Invoked command in '/gobilda_sim/ros_ws/src/build/ros_gz_example_gazebo' returned '0': AMENT_PREFIX_PATH=/gobilda_sim/ros_ws/src/install/ros_gz_example_description:${AMENT_PREFIX_PATH} CMAKE_PREFIX_PATH=/gobilda_sim/ros_ws/src/install/ros_gz_example_description:/gobilda_sim/ros_ws/install/ros_gz_example_bringup:/gobilda_sim/ros_ws/install/ros_gz_example_gazebo:/gobilda_sim/ros_ws/install/ros_gz_example_description:/gobilda_sim/ros_ws/install/bump_and_go_lidar:/opt/ros/humble IGN_GAZEBO_RESOURCE_PATH=/gobilda_sim/ros_ws/src/install/ros_gz_example_description/share/ros_gz_example_description/models:${IGN_GAZEBO_RESOURCE_PATH} /usr/bin/cmake --build /gobilda_sim/ros_ws/src/build/ros_gz_example_gazebo -- -j16 -l16
[18.442s] DEBUG:colcon.colcon_core.event_handler.log_command:Invoking command in '/gobilda_sim/ros_ws/src/build/ros_gz_example_gazebo': AMENT_PREFIX_PATH=/gobilda_sim/ros_ws/src/install/ros_gz_example_description:${AMENT_PREFIX_PATH} CMAKE_PREFIX_PATH=/gobilda_sim/ros_ws/src/install/ros_gz_example_description:/gobilda_sim/ros_ws/install/ros_gz_example_bringup:/gobilda_sim/ros_ws/install/ros_gz_example_gazebo:/gobilda_sim/ros_ws/install/ros_gz_example_description:/gobilda_sim/ros_ws/install/bump_and_go_lidar:/opt/ros/humble IGN_GAZEBO_RESOURCE_PATH=/gobilda_sim/ros_ws/src/install/ros_gz_example_description/share/ros_gz_example_description/models:${IGN_GAZEBO_RESOURCE_PATH} /usr/bin/cmake --install /gobilda_sim/ros_ws/src/build/ros_gz_example_gazebo
[18.761s] Level 1:colcon.colcon_core.environment:create_environment_scripts_only(ros_gz_example_gazebo)
[18.763s] Level 1:colcon.colcon_core.environment:checking '/gobilda_sim/ros_ws/src/install/ros_gz_example_gazebo' for CMake module files
[18.763s] DEBUG:colcon.colcon_core.event_handler.log_command:Invoked command in '/gobilda_sim/ros_ws/src/build/ros_gz_example_gazebo' returned '0': AMENT_PREFIX_PATH=/gobilda_sim/ros_ws/src/install/ros_gz_example_description:${AMENT_PREFIX_PATH} CMAKE_PREFIX_PATH=/gobilda_sim/ros_ws/src/install/ros_gz_example_description:/gobilda_sim/ros_ws/install/ros_gz_example_bringup:/gobilda_sim/ros_ws/install/ros_gz_example_gazebo:/gobilda_sim/ros_ws/install/ros_gz_example_description:/gobilda_sim/ros_ws/install/bump_and_go_lidar:/opt/ros/humble IGN_GAZEBO_RESOURCE_PATH=/gobilda_sim/ros_ws/src/install/ros_gz_example_description/share/ros_gz_example_description/models:${IGN_GAZEBO_RESOURCE_PATH} /usr/bin/cmake --install /gobilda_sim/ros_ws/src/build/ros_gz_example_gazebo
[18.764s] Level 1:colcon.colcon_core.environment:checking '/gobilda_sim/ros_ws/src/install/ros_gz_example_gazebo' for CMake config files
[18.764s] Level 1:colcon.colcon_core.shell:create_environment_hook('ros_gz_example_gazebo', 'cmake_prefix_path')
[18.765s] INFO:colcon.colcon_core.shell:Creating environment hook '/gobilda_sim/ros_ws/src/install/ros_gz_example_gazebo/share/ros_gz_example_gazebo/hook/cmake_prefix_path.ps1'
[18.766s] INFO:colcon.colcon_core.shell:Creating environment descriptor '/gobilda_sim/ros_ws/src/install/ros_gz_example_gazebo/share/ros_gz_example_gazebo/hook/cmake_prefix_path.dsv'
[18.767s] INFO:colcon.colcon_core.shell:Creating environment hook '/gobilda_sim/ros_ws/src/install/ros_gz_example_gazebo/share/ros_gz_example_gazebo/hook/cmake_prefix_path.sh'
[18.768s] Level 1:colcon.colcon_core.environment:checking '/gobilda_sim/ros_ws/src/install/ros_gz_example_gazebo/lib'
[18.768s] Level 1:colcon.colcon_core.environment:checking '/gobilda_sim/ros_ws/src/install/ros_gz_example_gazebo/bin'
[18.768s] Level 1:colcon.colcon_core.environment:checking '/gobilda_sim/ros_ws/src/install/ros_gz_example_gazebo/lib/pkgconfig/ros_gz_example_gazebo.pc'
[18.769s] Level 1:colcon.colcon_core.environment:checking '/gobilda_sim/ros_ws/src/install/ros_gz_example_gazebo/lib/python3.10/site-packages'
[18.770s] Level 1:colcon.colcon_core.environment:checking '/gobilda_sim/ros_ws/src/install/ros_gz_example_gazebo/bin'
[18.770s] INFO:colcon.colcon_core.shell:Creating package script '/gobilda_sim/ros_ws/src/install/ros_gz_example_gazebo/share/ros_gz_example_gazebo/package.ps1'
[18.771s] INFO:colcon.colcon_core.shell:Creating package descriptor '/gobilda_sim/ros_ws/src/install/ros_gz_example_gazebo/share/ros_gz_example_gazebo/package.dsv'
[18.773s] INFO:colcon.colcon_core.shell:Creating package script '/gobilda_sim/ros_ws/src/install/ros_gz_example_gazebo/share/ros_gz_example_gazebo/package.sh'
[18.774s] INFO:colcon.colcon_core.shell:Creating package script '/gobilda_sim/ros_ws/src/install/ros_gz_example_gazebo/share/ros_gz_example_gazebo/package.bash'
[18.775s] INFO:colcon.colcon_core.shell:Creating package script '/gobilda_sim/ros_ws/src/install/ros_gz_example_gazebo/share/ros_gz_example_gazebo/package.zsh'
[18.776s] Level 1:colcon.colcon_core.environment:create_file_with_runtime_dependencies(/gobilda_sim/ros_ws/src/install/ros_gz_example_gazebo/share/colcon-core/packages/ros_gz_example_gazebo)
[18.840s] Level 1:colcon.colcon_core.environment:create_environment_scripts_only(ros_gz_example_gazebo)
[18.841s] Level 1:colcon.colcon_core.environment:checking '/gobilda_sim/ros_ws/src/install/ros_gz_example_gazebo' for CMake module files
[18.842s] Level 1:colcon.colcon_core.environment:checking '/gobilda_sim/ros_ws/src/install/ros_gz_example_gazebo' for CMake config files
[18.842s] Level 1:colcon.colcon_core.shell:create_environment_hook('ros_gz_example_gazebo', 'cmake_prefix_path')
[18.843s] INFO:colcon.colcon_core.shell:Creating environment hook '/gobilda_sim/ros_ws/src/install/ros_gz_example_gazebo/share/ros_gz_example_gazebo/hook/cmake_prefix_path.ps1'
[18.844s] INFO:colcon.colcon_core.shell:Creating environment descriptor '/gobilda_sim/ros_ws/src/install/ros_gz_example_gazebo/share/ros_gz_example_gazebo/hook/cmake_prefix_path.dsv'
[18.844s] INFO:colcon.colcon_core.shell:Creating environment hook '/gobilda_sim/ros_ws/src/install/ros_gz_example_gazebo/share/ros_gz_example_gazebo/hook/cmake_prefix_path.sh'
[18.846s] Level 1:colcon.colcon_core.environment:checking '/gobilda_sim/ros_ws/src/install/ros_gz_example_gazebo/lib'
[18.846s] Level 1:colcon.colcon_core.environment:checking '/gobilda_sim/ros_ws/src/install/ros_gz_example_gazebo/bin'
[18.846s] Level 1:colcon.colcon_core.environment:checking '/gobilda_sim/ros_ws/src/install/ros_gz_example_gazebo/lib/pkgconfig/ros_gz_example_gazebo.pc'
[18.848s] Level 1:colcon.colcon_core.environment:checking '/gobilda_sim/ros_ws/src/install/ros_gz_example_gazebo/lib/python3.10/site-packages'
[18.848s] Level 1:colcon.colcon_core.environment:checking '/gobilda_sim/ros_ws/src/install/ros_gz_example_gazebo/bin'
[18.849s] INFO:colcon.colcon_core.shell:Creating package script '/gobilda_sim/ros_ws/src/install/ros_gz_example_gazebo/share/ros_gz_example_gazebo/package.ps1'
[18.850s] INFO:colcon.colcon_core.shell:Creating package descriptor '/gobilda_sim/ros_ws/src/install/ros_gz_example_gazebo/share/ros_gz_example_gazebo/package.dsv'
[18.851s] INFO:colcon.colcon_core.shell:Creating package script '/gobilda_sim/ros_ws/src/install/ros_gz_example_gazebo/share/ros_gz_example_gazebo/package.sh'
[18.851s] INFO:colcon.colcon_core.shell:Creating package script '/gobilda_sim/ros_ws/src/install/ros_gz_example_gazebo/share/ros_gz_example_gazebo/package.bash'
[18.852s] INFO:colcon.colcon_core.shell:Creating package script '/gobilda_sim/ros_ws/src/install/ros_gz_example_gazebo/share/ros_gz_example_gazebo/package.zsh'
[18.853s] Level 1:colcon.colcon_core.environment:create_file_with_runtime_dependencies(/gobilda_sim/ros_ws/src/install/ros_gz_example_gazebo/share/colcon-core/packages/ros_gz_example_gazebo)
[18.854s] INFO:colcon.colcon_ros.task.ament_cmake.build:Building ROS package in '/gobilda_sim/ros_ws/src/ros_gz_project/ros_gz_example_bringup' with build type 'ament_cmake'
[18.855s] INFO:colcon.colcon_cmake.task.cmake.build:Building CMake package in '/gobilda_sim/ros_ws/src/ros_gz_project/ros_gz_example_bringup'
[18.855s] INFO:colcon.colcon_core.shell:Skip shell extension 'powershell' for command environment: Not usable outside of PowerShell
[18.855s] DEBUG:colcon.colcon_core.shell:Skip shell extension 'dsv' for command environment
[18.873s] DEBUG:colcon.colcon_core.event_handler.log_command:Invoking command in '/gobilda_sim/ros_ws/src/build/ros_gz_example_bringup': AMENT_PREFIX_PATH=/gobilda_sim/ros_ws/src/install/ros_gz_example_gazebo:/gobilda_sim/ros_ws/src/install/ros_gz_example_description:${AMENT_PREFIX_PATH} CMAKE_PREFIX_PATH=/gobilda_sim/ros_ws/src/install/ros_gz_example_gazebo:/gobilda_sim/ros_ws/src/install/ros_gz_example_description:/gobilda_sim/ros_ws/install/ros_gz_example_bringup:/gobilda_sim/ros_ws/install/ros_gz_example_gazebo:/gobilda_sim/ros_ws/install/ros_gz_example_description:/gobilda_sim/ros_ws/install/bump_and_go_lidar:/opt/ros/humble IGN_GAZEBO_PLUGIN_PATH=/gobilda_sim/ros_ws/src/install/ros_gz_example_gazebo/lib/ros_gz_example_gazebo IGN_GAZEBO_RESOURCE_PATH=/gobilda_sim/ros_ws/src/install/ros_gz_example_gazebo/share/ros_gz_example_gazebo/worlds:/gobilda_sim/ros_ws/src/install/ros_gz_example_description/share/ros_gz_example_description/models:${IGN_GAZEBO_RESOURCE_PATH} /usr/bin/cmake /gobilda_sim/ros_ws/src/ros_gz_project/ros_gz_example_bringup -DAMENT_CMAKE_SYMLINK_INSTALL=1 -DCMAKE_INSTALL_PREFIX=/gobilda_sim/ros_ws/src/install/ros_gz_example_bringup
[20.060s] DEBUG:colcon.colcon_core.event_handler.log_command:Invoked command in '/gobilda_sim/ros_ws/src/build/ros_gz_example_bringup' returned '0': AMENT_PREFIX_PATH=/gobilda_sim/ros_ws/src/install/ros_gz_example_gazebo:/gobilda_sim/ros_ws/src/install/ros_gz_example_description:${AMENT_PREFIX_PATH} CMAKE_PREFIX_PATH=/gobilda_sim/ros_ws/src/install/ros_gz_example_gazebo:/gobilda_sim/ros_ws/src/install/ros_gz_example_description:/gobilda_sim/ros_ws/install/ros_gz_example_bringup:/gobilda_sim/ros_ws/install/ros_gz_example_gazebo:/gobilda_sim/ros_ws/install/ros_gz_example_description:/gobilda_sim/ros_ws/install/bump_and_go_lidar:/opt/ros/humble IGN_GAZEBO_PLUGIN_PATH=/gobilda_sim/ros_ws/src/install/ros_gz_example_gazebo/lib/ros_gz_example_gazebo IGN_GAZEBO_RESOURCE_PATH=/gobilda_sim/ros_ws/src/install/ros_gz_example_gazebo/share/ros_gz_example_gazebo/worlds:/gobilda_sim/ros_ws/src/install/ros_gz_example_description/share/ros_gz_example_description/models:${IGN_GAZEBO_RESOURCE_PATH} /usr/bin/cmake /gobilda_sim/ros_ws/src/ros_gz_project/ros_gz_example_bringup -DAMENT_CMAKE_SYMLINK_INSTALL=1 -DCMAKE_INSTALL_PREFIX=/gobilda_sim/ros_ws/src/install/ros_gz_example_bringup
[20.060s] DEBUG:colcon.colcon_core.event_handler.log_command:Invoking command in '/gobilda_sim/ros_ws/src/build/ros_gz_example_bringup': AMENT_PREFIX_PATH=/gobilda_sim/ros_ws/src/install/ros_gz_example_gazebo:/gobilda_sim/ros_ws/src/install/ros_gz_example_description:${AMENT_PREFIX_PATH} CMAKE_PREFIX_PATH=/gobilda_sim/ros_ws/src/install/ros_gz_example_gazebo:/gobilda_sim/ros_ws/src/install/ros_gz_example_description:/gobilda_sim/ros_ws/install/ros_gz_example_bringup:/gobilda_sim/ros_ws/install/ros_gz_example_gazebo:/gobilda_sim/ros_ws/install/ros_gz_example_description:/gobilda_sim/ros_ws/install/bump_and_go_lidar:/opt/ros/humble IGN_GAZEBO_PLUGIN_PATH=/gobilda_sim/ros_ws/src/install/ros_gz_example_gazebo/lib/ros_gz_example_gazebo IGN_GAZEBO_RESOURCE_PATH=/gobilda_sim/ros_ws/src/install/ros_gz_example_gazebo/share/ros_gz_example_gazebo/worlds:/gobilda_sim/ros_ws/src/install/ros_gz_example_description/share/ros_gz_example_description/models:${IGN_GAZEBO_RESOURCE_PATH} /usr/bin/cmake --build /gobilda_sim/ros_ws/src/build/ros_gz_example_bringup -- -j16 -l16
[20.126s] DEBUG:colcon.colcon_core.event_handler.log_command:Invoked command in '/gobilda_sim/ros_ws/src/build/ros_gz_example_bringup' returned '0': AMENT_PREFIX_PATH=/gobilda_sim/ros_ws/src/install/ros_gz_example_gazebo:/gobilda_sim/ros_ws/src/install/ros_gz_example_description:${AMENT_PREFIX_PATH} CMAKE_PREFIX_PATH=/gobilda_sim/ros_ws/src/install/ros_gz_example_gazebo:/gobilda_sim/ros_ws/src/install/ros_gz_example_description:/gobilda_sim/ros_ws/install/ros_gz_example_bringup:/gobilda_sim/ros_ws/install/ros_gz_example_gazebo:/gobilda_sim/ros_ws/install/ros_gz_example_description:/gobilda_sim/ros_ws/install/bump_and_go_lidar:/opt/ros/humble IGN_GAZEBO_PLUGIN_PATH=/gobilda_sim/ros_ws/src/install/ros_gz_example_gazebo/lib/ros_gz_example_gazebo IGN_GAZEBO_RESOURCE_PATH=/gobilda_sim/ros_ws/src/install/ros_gz_example_gazebo/share/ros_gz_example_gazebo/worlds:/gobilda_sim/ros_ws/src/install/ros_gz_example_description/share/ros_gz_example_description/models:${IGN_GAZEBO_RESOURCE_PATH} /usr/bin/cmake --build /gobilda_sim/ros_ws/src/build/ros_gz_example_bringup -- -j16 -l16
[20.165s] DEBUG:colcon.colcon_core.event_handler.log_command:Invoking command in '/gobilda_sim/ros_ws/src/build/ros_gz_example_bringup': AMENT_PREFIX_PATH=/gobilda_sim/ros_ws/src/install/ros_gz_example_gazebo:/gobilda_sim/ros_ws/src/install/ros_gz_example_description:${AMENT_PREFIX_PATH} CMAKE_PREFIX_PATH=/gobilda_sim/ros_ws/src/install/ros_gz_example_gazebo:/gobilda_sim/ros_ws/src/install/ros_gz_example_description:/gobilda_sim/ros_ws/install/ros_gz_example_bringup:/gobilda_sim/ros_ws/install/ros_gz_example_gazebo:/gobilda_sim/ros_ws/install/ros_gz_example_description:/gobilda_sim/ros_ws/install/bump_and_go_lidar:/opt/ros/humble IGN_GAZEBO_PLUGIN_PATH=/gobilda_sim/ros_ws/src/install/ros_gz_example_gazebo/lib/ros_gz_example_gazebo IGN_GAZEBO_RESOURCE_PATH=/gobilda_sim/ros_ws/src/install/ros_gz_example_gazebo/share/ros_gz_example_gazebo/worlds:/gobilda_sim/ros_ws/src/install/ros_gz_example_description/share/ros_gz_example_description/models:${IGN_GAZEBO_RESOURCE_PATH} /usr/bin/cmake --install /gobilda_sim/ros_ws/src/build/ros_gz_example_bringup
[20.516s] Level 1:colcon.colcon_core.environment:create_environment_scripts_only(ros_gz_example_bringup)
[20.516s] Level 1:colcon.colcon_core.environment:checking '/gobilda_sim/ros_ws/src/install/ros_gz_example_bringup' for CMake module files
[20.518s] Level 1:colcon.colcon_core.environment:checking '/gobilda_sim/ros_ws/src/install/ros_gz_example_bringup' for CMake config files
[20.519s] DEBUG:colcon.colcon_core.event_handler.log_command:Invoked command in '/gobilda_sim/ros_ws/src/build/ros_gz_example_bringup' returned '0': AMENT_PREFIX_PATH=/gobilda_sim/ros_ws/src/install/ros_gz_example_gazebo:/gobilda_sim/ros_ws/src/install/ros_gz_example_description:${AMENT_PREFIX_PATH} CMAKE_PREFIX_PATH=/gobilda_sim/ros_ws/src/install/ros_gz_example_gazebo:/gobilda_sim/ros_ws/src/install/ros_gz_example_description:/gobilda_sim/ros_ws/install/ros_gz_example_bringup:/gobilda_sim/ros_ws/install/ros_gz_example_gazebo:/gobilda_sim/ros_ws/install/ros_gz_example_description:/gobilda_sim/ros_ws/install/bump_and_go_lidar:/opt/ros/humble IGN_GAZEBO_PLUGIN_PATH=/gobilda_sim/ros_ws/src/install/ros_gz_example_gazebo/lib/ros_gz_example_gazebo IGN_GAZEBO_RESOURCE_PATH=/gobilda_sim/ros_ws/src/install/ros_gz_example_gazebo/share/ros_gz_example_gazebo/worlds:/gobilda_sim/ros_ws/src/install/ros_gz_example_description/share/ros_gz_example_description/models:${IGN_GAZEBO_RESOURCE_PATH} /usr/bin/cmake --install /gobilda_sim/ros_ws/src/build/ros_gz_example_bringup
[20.519s] Level 1:colcon.colcon_core.shell:create_environment_hook('ros_gz_example_bringup', 'cmake_prefix_path')
[20.520s] INFO:colcon.colcon_core.shell:Creating environment hook '/gobilda_sim/ros_ws/src/install/ros_gz_example_bringup/share/ros_gz_example_bringup/hook/cmake_prefix_path.ps1'
[20.526s] INFO:colcon.colcon_core.shell:Creating environment descriptor '/gobilda_sim/ros_ws/src/install/ros_gz_example_bringup/share/ros_gz_example_bringup/hook/cmake_prefix_path.dsv'
[20.526s] INFO:colcon.colcon_core.shell:Creating environment hook '/gobilda_sim/ros_ws/src/install/ros_gz_example_bringup/share/ros_gz_example_bringup/hook/cmake_prefix_path.sh'
[20.527s] Level 1:colcon.colcon_core.environment:checking '/gobilda_sim/ros_ws/src/install/ros_gz_example_bringup/bin'
[20.527s] Level 1:colcon.colcon_core.environment:checking '/gobilda_sim/ros_ws/src/install/ros_gz_example_bringup/lib/pkgconfig/ros_gz_example_bringup.pc'
[20.528s] Level 1:colcon.colcon_core.environment:checking '/gobilda_sim/ros_ws/src/install/ros_gz_example_bringup/lib/python3.10/site-packages'
[20.528s] Level 1:colcon.colcon_core.environment:checking '/gobilda_sim/ros_ws/src/install/ros_gz_example_bringup/bin'
[20.528s] INFO:colcon.colcon_core.shell:Creating package script '/gobilda_sim/ros_ws/src/install/ros_gz_example_bringup/share/ros_gz_example_bringup/package.ps1'
[20.529s] INFO:colcon.colcon_core.shell:Creating package descriptor '/gobilda_sim/ros_ws/src/install/ros_gz_example_bringup/share/ros_gz_example_bringup/package.dsv'
[20.530s] INFO:colcon.colcon_core.shell:Creating package script '/gobilda_sim/ros_ws/src/install/ros_gz_example_bringup/share/ros_gz_example_bringup/package.sh'
[20.530s] INFO:colcon.colcon_core.shell:Creating package script '/gobilda_sim/ros_ws/src/install/ros_gz_example_bringup/share/ros_gz_example_bringup/package.bash'
[20.531s] INFO:colcon.colcon_core.shell:Creating package script '/gobilda_sim/ros_ws/src/install/ros_gz_example_bringup/share/ros_gz_example_bringup/package.zsh'
[20.531s] Level 1:colcon.colcon_core.environment:create_file_with_runtime_dependencies(/gobilda_sim/ros_ws/src/install/ros_gz_example_bringup/share/colcon-core/packages/ros_gz_example_bringup)
[20.573s] Level 1:colcon.colcon_core.environment:create_environment_scripts_only(ros_gz_example_bringup)
[20.573s] Level 1:colcon.colcon_core.environment:checking '/gobilda_sim/ros_ws/src/install/ros_gz_example_bringup' for CMake module files
[20.574s] Level 1:colcon.colcon_core.environment:checking '/gobilda_sim/ros_ws/src/install/ros_gz_example_bringup' for CMake config files
[20.574s] Level 1:colcon.colcon_core.shell:create_environment_hook('ros_gz_example_bringup', 'cmake_prefix_path')
[20.575s] INFO:colcon.colcon_core.shell:Creating environment hook '/gobilda_sim/ros_ws/src/install/ros_gz_example_bringup/share/ros_gz_example_bringup/hook/cmake_prefix_path.ps1'
[20.576s] INFO:colcon.colcon_core.shell:Creating environment descriptor '/gobilda_sim/ros_ws/src/install/ros_gz_example_bringup/share/ros_gz_example_bringup/hook/cmake_prefix_path.dsv'
[20.577s] INFO:colcon.colcon_core.shell:Creating environment hook '/gobilda_sim/ros_ws/src/install/ros_gz_example_bringup/share/ros_gz_example_bringup/hook/cmake_prefix_path.sh'
[20.578s] Level 1:colcon.colcon_core.environment:checking '/gobilda_sim/ros_ws/src/install/ros_gz_example_bringup/bin'
[20.578s] Level 1:colcon.colcon_core.environment:checking '/gobilda_sim/ros_ws/src/install/ros_gz_example_bringup/lib/pkgconfig/ros_gz_example_bringup.pc'
[20.578s] Level 1:colcon.colcon_core.environment:checking '/gobilda_sim/ros_ws/src/install/ros_gz_example_bringup/lib/python3.10/site-packages'
[20.578s] Level 1:colcon.colcon_core.environment:checking '/gobilda_sim/ros_ws/src/install/ros_gz_example_bringup/bin'
[20.579s] INFO:colcon.colcon_core.shell:Creating package script '/gobilda_sim/ros_ws/src/install/ros_gz_example_bringup/share/ros_gz_example_bringup/package.ps1'
[20.580s] INFO:colcon.colcon_core.shell:Creating package descriptor '/gobilda_sim/ros_ws/src/install/ros_gz_example_bringup/share/ros_gz_example_bringup/package.dsv'
[20.580s] INFO:colcon.colcon_core.shell:Creating package script '/gobilda_sim/ros_ws/src/install/ros_gz_example_bringup/share/ros_gz_example_bringup/package.sh'
[20.581s] INFO:colcon.colcon_core.shell:Creating package script '/gobilda_sim/ros_ws/src/install/ros_gz_example_bringup/share/ros_gz_example_bringup/package.bash'
[20.582s] INFO:colcon.colcon_core.shell:Creating package script '/gobilda_sim/ros_ws/src/install/ros_gz_example_bringup/share/ros_gz_example_bringup/package.zsh'
[20.582s] Level 1:colcon.colcon_core.environment:create_file_with_runtime_dependencies(/gobilda_sim/ros_ws/src/install/ros_gz_example_bringup/share/colcon-core/packages/ros_gz_example_bringup)
[20.583s] DEBUG:colcon.colcon_parallel_executor.executor.parallel:closing loop
[20.584s] DEBUG:colcon.colcon_parallel_executor.executor.parallel:loop closed
[20.584s] DEBUG:colcon.colcon_parallel_executor.executor.parallel:run_until_complete finished with '0'
[20.584s] DEBUG:colcon.colcon_core.event_reactor:joining thread
[20.621s] INFO:colcon.colcon_core.plugin_system:Skipping extension 'colcon_notification.desktop_notification.notify_send': Could not find 'notify-send'
[20.621s] INFO:colcon.colcon_core.plugin_system:Skipping extension 'colcon_notification.desktop_notification.terminal_notifier': Not used on non-Darwin systems
[20.621s] INFO:colcon.colcon_core.plugin_system:Skipping extension 'colcon_notification.desktop_notification.win32': Not used on non-Windows systems
[20.622s] INFO:colcon.colcon_notification.desktop_notification:Sending desktop notification using 'notify2'
[20.627s] DEBUG:colcon.colcon_notification.desktop_notification.notify2:Failed to initialize notify2: org.freedesktop.DBus.Error.Spawn.ExecFailed: /usr/bin/dbus-launch terminated abnormally without any error message
[20.627s] DEBUG:colcon.colcon_core.event_reactor:joined thread
[20.628s] INFO:colcon.colcon_core.shell:Creating prefix script '/gobilda_sim/ros_ws/src/install/local_setup.ps1'
[20.634s] INFO:colcon.colcon_core.shell:Creating prefix util module '/gobilda_sim/ros_ws/src/install/_local_setup_util_ps1.py'
[20.637s] INFO:colcon.colcon_core.shell:Creating prefix chain script '/gobilda_sim/ros_ws/src/install/setup.ps1'
[20.640s] INFO:colcon.colcon_core.shell:Creating prefix script '/gobilda_sim/ros_ws/src/install/local_setup.sh'
[20.643s] INFO:colcon.colcon_core.shell:Creating prefix util module '/gobilda_sim/ros_ws/src/install/_local_setup_util_sh.py'
[20.644s] INFO:colcon.colcon_core.shell:Creating prefix chain script '/gobilda_sim/ros_ws/src/install/setup.sh'
[20.647s] INFO:colcon.colcon_core.shell:Creating prefix script '/gobilda_sim/ros_ws/src/install/local_setup.bash'
[20.648s] INFO:colcon.colcon_core.shell:Creating prefix chain script '/gobilda_sim/ros_ws/src/install/setup.bash'
[20.659s] INFO:colcon.colcon_core.shell:Creating prefix script '/gobilda_sim/ros_ws/src/install/local_setup.zsh'
[20.664s] INFO:colcon.colcon_core.shell:Creating prefix chain script '/gobilda_sim/ros_ws/src/install/setup.zsh'
