[0.231s] DEBUG:colcon:Command line arguments: ['/usr/bin/colcon', 'build', '--symlink-install']
[0.231s] DEBUG:colcon:Parsed command line arguments: Namespace(log_base=None, log_level=None, verb_name='build', build_base='build', install_base='install', merge_install=False, symlink_install=True, test_result_base=None, continue_on_error=False, executor='parallel', parallel_workers=16, event_handlers=None, ignore_user_meta=False, metas=['./colcon.meta'], base_paths=['.'], packages_ignore=None, packages_ignore_regex=None, paths=None, packages_up_to=None, packages_up_to_regex=None, packages_above=None, packages_above_and_dependencies=None, packages_above_depth=None, packages_select_by_dep=None, packages_skip_by_dep=None, packages_skip_up_to=None, packages_select_build_failed=False, packages_skip_build_finished=False, packages_select_test_failures=False, packages_skip_test_passed=False, packages_select=None, packages_skip=None, packages_select_regex=None, packages_skip_regex=None, packages_start=None, packages_end=None, cmake_args=None, cmake_target=None, cmake_target_skip_unavailable=False, cmake_clean_cache=False, cmake_clean_first=False, cmake_force_configure=False, ament_cmake_args=None, catkin_cmake_args=None, catkin_skip_building_tests=False, mixin_files=None, mixin=None, verb_parser=<colcon_mixin.mixin.mixin_argument.MixinArgumentDecorator object at 0x7f3728e98040>, verb_extension=<colcon_core.verb.build.BuildVerb object at 0x7f3728f94670>, main=<bound method BuildVerb.main of <colcon_core.verb.build.BuildVerb object at 0x7f3728f94670>>, mixin_verb=('build',))
[0.421s] Level 1:colcon.colcon_core.package_discovery:discover_packages(colcon_meta) check parameters
[0.423s] INFO:colcon.colcon_metadata.package_discovery.colcon_meta:Using configuration from '/root/.colcon/metadata/default/Gazebo.meta'
[0.423s] INFO:colcon.colcon_metadata.package_discovery.colcon_meta:Using configuration from '/root/.colcon/metadata/default/fastrtps.meta'
[0.423s] Level 1:colcon.colcon_core.package_discovery:discover_packages(recursive) check parameters
[0.423s] Level 1:colcon.colcon_core.package_discovery:discover_packages(ignore) check parameters
[0.424s] Level 1:colcon.colcon_core.package_discovery:discover_packages(path) check parameters
[0.424s] Level 1:colcon.colcon_core.package_discovery:discover_packages(colcon_meta) discover
[0.424s] Level 1:colcon.colcon_core.package_discovery:discover_packages(recursive) discover
[0.424s] INFO:colcon.colcon_core.package_discovery:Crawling recursively for packages in '/gobilda_sim/ros_ws'
[0.424s] Level 1:colcon.colcon_core.package_identification:_identify(.) by extensions ['ignore', 'ignore_ament_install']
[0.424s] Level 1:colcon.colcon_core.package_identification:_identify(.) by extension 'ignore'
[0.424s] Level 1:colcon.colcon_core.package_identification:_identify(.) by extension 'ignore_ament_install'
[0.424s] Level 1:colcon.colcon_core.package_identification:_identify(.) by extensions ['colcon_pkg']
[0.424s] Level 1:colcon.colcon_core.package_identification:_identify(.) by extension 'colcon_pkg'
[0.424s] Level 1:colcon.colcon_core.package_identification:_identify(.) by extensions ['colcon_meta']
[0.424s] Level 1:colcon.colcon_core.package_identification:_identify(.) by extension 'colcon_meta'
[0.424s] Level 1:colcon.colcon_core.package_identification:_identify(.) by extensions ['ros']
[0.424s] Level 1:colcon.colcon_core.package_identification:_identify(.) by extension 'ros'
[0.440s] Level 1:colcon.colcon_core.package_identification:_identify(.) by extensions ['cmake', 'python']
[0.440s] Level 1:colcon.colcon_core.package_identification:_identify(.) by extension 'cmake'
[0.440s] Level 1:colcon.colcon_core.package_identification:_identify(.) by extension 'python'
[0.440s] Level 1:colcon.colcon_core.package_identification:_identify(.) by extensions ['python_setup_py']
[0.440s] Level 1:colcon.colcon_core.package_identification:_identify(.) by extension 'python_setup_py'
[0.441s] Level 1:colcon.colcon_core.package_identification:_identify(build) by extensions ['ignore', 'ignore_ament_install']
[0.441s] Level 1:colcon.colcon_core.package_identification:_identify(build) by extension 'ignore'
[0.441s] Level 1:colcon.colcon_core.package_identification:_identify(build) ignored
[0.441s] Level 1:colcon.colcon_core.package_identification:_identify(install) by extensions ['ignore', 'ignore_ament_install']
[0.441s] Level 1:colcon.colcon_core.package_identification:_identify(install) by extension 'ignore'
[0.441s] Level 1:colcon.colcon_core.package_identification:_identify(install) ignored
[0.442s] Level 1:colcon.colcon_core.package_identification:_identify(log) by extensions ['ignore', 'ignore_ament_install']
[0.442s] Level 1:colcon.colcon_core.package_identification:_identify(log) by extension 'ignore'
[0.442s] Level 1:colcon.colcon_core.package_identification:_identify(log) ignored
[0.442s] Level 1:colcon.colcon_core.package_identification:_identify(src) by extensions ['ignore', 'ignore_ament_install']
[0.442s] Level 1:colcon.colcon_core.package_identification:_identify(src) by extension 'ignore'
[0.442s] Level 1:colcon.colcon_core.package_identification:_identify(src) by extension 'ignore_ament_install'
[0.442s] Level 1:colcon.colcon_core.package_identification:_identify(src) by extensions ['colcon_pkg']
[0.442s] Level 1:colcon.colcon_core.package_identification:_identify(src) by extension 'colcon_pkg'
[0.442s] Level 1:colcon.colcon_core.package_identification:_identify(src) by extensions ['colcon_meta']
[0.442s] Level 1:colcon.colcon_core.package_identification:_identify(src) by extension 'colcon_meta'
[0.442s] Level 1:colcon.colcon_core.package_identification:_identify(src) by extensions ['ros']
[0.442s] Level 1:colcon.colcon_core.package_identification:_identify(src) by extension 'ros'
[0.442s] Level 1:colcon.colcon_core.package_identification:_identify(src) by extensions ['cmake', 'python']
[0.442s] Level 1:colcon.colcon_core.package_identification:_identify(src) by extension 'cmake'
[0.442s] Level 1:colcon.colcon_core.package_identification:_identify(src) by extension 'python'
[0.442s] Level 1:colcon.colcon_core.package_identification:_identify(src) by extensions ['python_setup_py']
[0.442s] Level 1:colcon.colcon_core.package_identification:_identify(src) by extension 'python_setup_py'
[0.442s] Level 1:colcon.colcon_core.package_identification:_identify(src/bump_and_go_lidar) by extensions ['ignore', 'ignore_ament_install']
[0.442s] Level 1:colcon.colcon_core.package_identification:_identify(src/bump_and_go_lidar) by extension 'ignore'
[0.442s] Level 1:colcon.colcon_core.package_identification:_identify(src/bump_and_go_lidar) by extension 'ignore_ament_install'
[0.442s] Level 1:colcon.colcon_core.package_identification:_identify(src/bump_and_go_lidar) by extensions ['colcon_pkg']
[0.442s] Level 1:colcon.colcon_core.package_identification:_identify(src/bump_and_go_lidar) by extension 'colcon_pkg'
[0.442s] Level 1:colcon.colcon_core.package_identification:_identify(src/bump_and_go_lidar) by extensions ['colcon_meta']
[0.442s] Level 1:colcon.colcon_core.package_identification:_identify(src/bump_and_go_lidar) by extension 'colcon_meta'
[0.443s] Level 1:colcon.colcon_core.package_identification:_identify(src/bump_and_go_lidar) by extensions ['ros']
[0.443s] Level 1:colcon.colcon_core.package_identification:_identify(src/bump_and_go_lidar) by extension 'ros'
[0.447s] DEBUG:colcon.colcon_core.package_identification:Package 'src/bump_and_go_lidar' with type 'ros.ament_python' and name 'bump_and_go_lidar'
[0.447s] Level 1:colcon.colcon_core.package_identification:_identify(src/ros_gz_project) by extensions ['ignore', 'ignore_ament_install']
[0.447s] Level 1:colcon.colcon_core.package_identification:_identify(src/ros_gz_project) by extension 'ignore'
[0.447s] Level 1:colcon.colcon_core.package_identification:_identify(src/ros_gz_project) by extension 'ignore_ament_install'
[0.447s] Level 1:colcon.colcon_core.package_identification:_identify(src/ros_gz_project) by extensions ['colcon_pkg']
[0.447s] Level 1:colcon.colcon_core.package_identification:_identify(src/ros_gz_project) by extension 'colcon_pkg'
[0.447s] Level 1:colcon.colcon_core.package_identification:_identify(src/ros_gz_project) by extensions ['colcon_meta']
[0.447s] Level 1:colcon.colcon_core.package_identification:_identify(src/ros_gz_project) by extension 'colcon_meta'
[0.447s] Level 1:colcon.colcon_core.package_identification:_identify(src/ros_gz_project) by extensions ['ros']
[0.447s] Level 1:colcon.colcon_core.package_identification:_identify(src/ros_gz_project) by extension 'ros'
[0.447s] Level 1:colcon.colcon_core.package_identification:_identify(src/ros_gz_project) by extensions ['cmake', 'python']
[0.447s] Level 1:colcon.colcon_core.package_identification:_identify(src/ros_gz_project) by extension 'cmake'
[0.448s] Level 1:colcon.colcon_core.package_identification:_identify(src/ros_gz_project) by extension 'python'
[0.448s] Level 1:colcon.colcon_core.package_identification:_identify(src/ros_gz_project) by extensions ['python_setup_py']
[0.448s] Level 1:colcon.colcon_core.package_identification:_identify(src/ros_gz_project) by extension 'python_setup_py'
[0.448s] Level 1:colcon.colcon_core.package_identification:_identify(src/ros_gz_project/ros_gz_example_bringup) by extensions ['ignore', 'ignore_ament_install']
[0.448s] Level 1:colcon.colcon_core.package_identification:_identify(src/ros_gz_project/ros_gz_example_bringup) by extension 'ignore'
[0.448s] Level 1:colcon.colcon_core.package_identification:_identify(src/ros_gz_project/ros_gz_example_bringup) by extension 'ignore_ament_install'
[0.448s] Level 1:colcon.colcon_core.package_identification:_identify(src/ros_gz_project/ros_gz_example_bringup) by extensions ['colcon_pkg']
[0.448s] Level 1:colcon.colcon_core.package_identification:_identify(src/ros_gz_project/ros_gz_example_bringup) by extension 'colcon_pkg'
[0.448s] Level 1:colcon.colcon_core.package_identification:_identify(src/ros_gz_project/ros_gz_example_bringup) by extensions ['colcon_meta']
[0.448s] Level 1:colcon.colcon_core.package_identification:_identify(src/ros_gz_project/ros_gz_example_bringup) by extension 'colcon_meta'
[0.448s] Level 1:colcon.colcon_core.package_identification:_identify(src/ros_gz_project/ros_gz_example_bringup) by extensions ['ros']
[0.448s] Level 1:colcon.colcon_core.package_identification:_identify(src/ros_gz_project/ros_gz_example_bringup) by extension 'ros'
[0.449s] DEBUG:colcon.colcon_core.package_identification:Package 'src/ros_gz_project/ros_gz_example_bringup' with type 'ros.ament_cmake' and name 'ros_gz_example_bringup'
[0.450s] Level 1:colcon.colcon_core.package_identification:_identify(src/ros_gz_project/ros_gz_example_description) by extensions ['ignore', 'ignore_ament_install']
[0.450s] Level 1:colcon.colcon_core.package_identification:_identify(src/ros_gz_project/ros_gz_example_description) by extension 'ignore'
[0.450s] Level 1:colcon.colcon_core.package_identification:_identify(src/ros_gz_project/ros_gz_example_description) by extension 'ignore_ament_install'
[0.450s] Level 1:colcon.colcon_core.package_identification:_identify(src/ros_gz_project/ros_gz_example_description) by extensions ['colcon_pkg']
[0.450s] Level 1:colcon.colcon_core.package_identification:_identify(src/ros_gz_project/ros_gz_example_description) by extension 'colcon_pkg'
[0.450s] Level 1:colcon.colcon_core.package_identification:_identify(src/ros_gz_project/ros_gz_example_description) by extensions ['colcon_meta']
[0.450s] Level 1:colcon.colcon_core.package_identification:_identify(src/ros_gz_project/ros_gz_example_description) by extension 'colcon_meta'
[0.450s] Level 1:colcon.colcon_core.package_identification:_identify(src/ros_gz_project/ros_gz_example_description) by extensions ['ros']
[0.450s] Level 1:colcon.colcon_core.package_identification:_identify(src/ros_gz_project/ros_gz_example_description) by extension 'ros'
[0.451s] DEBUG:colcon.colcon_core.package_identification:Package 'src/ros_gz_project/ros_gz_example_description' with type 'ros.ament_cmake' and name 'ros_gz_example_description'
[0.451s] Level 1:colcon.colcon_core.package_identification:_identify(src/ros_gz_project/ros_gz_example_gazebo) by extensions ['ignore', 'ignore_ament_install']
[0.451s] Level 1:colcon.colcon_core.package_identification:_identify(src/ros_gz_project/ros_gz_example_gazebo) by extension 'ignore'
[0.451s] Level 1:colcon.colcon_core.package_identification:_identify(src/ros_gz_project/ros_gz_example_gazebo) by extension 'ignore_ament_install'
[0.451s] Level 1:colcon.colcon_core.package_identification:_identify(src/ros_gz_project/ros_gz_example_gazebo) by extensions ['colcon_pkg']
[0.451s] Level 1:colcon.colcon_core.package_identification:_identify(src/ros_gz_project/ros_gz_example_gazebo) by extension 'colcon_pkg'
[0.451s] Level 1:colcon.colcon_core.package_identification:_identify(src/ros_gz_project/ros_gz_example_gazebo) by extensions ['colcon_meta']
[0.451s] Level 1:colcon.colcon_core.package_identification:_identify(src/ros_gz_project/ros_gz_example_gazebo) by extension 'colcon_meta'
[0.451s] Level 1:colcon.colcon_core.package_identification:_identify(src/ros_gz_project/ros_gz_example_gazebo) by extensions ['ros']
[0.452s] Level 1:colcon.colcon_core.package_identification:_identify(src/ros_gz_project/ros_gz_example_gazebo) by extension 'ros'
[0.452s] DEBUG:colcon.colcon_core.package_identification:Package 'src/ros_gz_project/ros_gz_example_gazebo' with type 'ros.ament_cmake' and name 'ros_gz_example_gazebo'
[0.452s] Level 1:colcon.colcon_core.package_discovery:discover_packages(recursive) using defaults
[0.452s] Level 1:colcon.colcon_core.package_discovery:discover_packages(ignore) discover
[0.452s] Level 1:colcon.colcon_core.package_discovery:discover_packages(ignore) using defaults
[0.452s] Level 1:colcon.colcon_core.package_discovery:discover_packages(path) discover
[0.452s] Level 1:colcon.colcon_core.package_discovery:discover_packages(path) using defaults
[0.488s] Level 5:colcon.colcon_core.verb:set package 'bump_and_go_lidar' build argument 'cmake_args' from command line to 'None'
[0.488s] Level 5:colcon.colcon_core.verb:set package 'bump_and_go_lidar' build argument 'cmake_target' from command line to 'None'
[0.488s] Level 5:colcon.colcon_core.verb:set package 'bump_and_go_lidar' build argument 'cmake_target_skip_unavailable' from command line to 'False'
[0.488s] Level 5:colcon.colcon_core.verb:set package 'bump_and_go_lidar' build argument 'cmake_clean_cache' from command line to 'False'
[0.488s] Level 5:colcon.colcon_core.verb:set package 'bump_and_go_lidar' build argument 'cmake_clean_first' from command line to 'False'
[0.488s] Level 5:colcon.colcon_core.verb:set package 'bump_and_go_lidar' build argument 'cmake_force_configure' from command line to 'False'
[0.488s] Level 5:colcon.colcon_core.verb:set package 'bump_and_go_lidar' build argument 'ament_cmake_args' from command line to 'None'
[0.488s] Level 5:colcon.colcon_core.verb:set package 'bump_and_go_lidar' build argument 'catkin_cmake_args' from command line to 'None'
[0.488s] Level 5:colcon.colcon_core.verb:set package 'bump_and_go_lidar' build argument 'catkin_skip_building_tests' from command line to 'False'
[0.488s] DEBUG:colcon.colcon_core.verb:Building package 'bump_and_go_lidar' with the following arguments: {'ament_cmake_args': None, 'build_base': '/gobilda_sim/ros_ws/build/bump_and_go_lidar', 'catkin_cmake_args': None, 'catkin_skip_building_tests': False, 'cmake_args': None, 'cmake_clean_cache': False, 'cmake_clean_first': False, 'cmake_force_configure': False, 'cmake_target': None, 'cmake_target_skip_unavailable': False, 'install_base': '/gobilda_sim/ros_ws/install/bump_and_go_lidar', 'merge_install': False, 'path': '/gobilda_sim/ros_ws/src/bump_and_go_lidar', 'symlink_install': True, 'test_result_base': None}
[0.488s] Level 5:colcon.colcon_core.verb:set package 'ros_gz_example_description' build argument 'cmake_args' from command line to 'None'
[0.488s] Level 5:colcon.colcon_core.verb:set package 'ros_gz_example_description' build argument 'cmake_target' from command line to 'None'
[0.488s] Level 5:colcon.colcon_core.verb:set package 'ros_gz_example_description' build argument 'cmake_target_skip_unavailable' from command line to 'False'
[0.488s] Level 5:colcon.colcon_core.verb:set package 'ros_gz_example_description' build argument 'cmake_clean_cache' from command line to 'False'
[0.488s] Level 5:colcon.colcon_core.verb:set package 'ros_gz_example_description' build argument 'cmake_clean_first' from command line to 'False'
[0.488s] Level 5:colcon.colcon_core.verb:set package 'ros_gz_example_description' build argument 'cmake_force_configure' from command line to 'False'
[0.488s] Level 5:colcon.colcon_core.verb:set package 'ros_gz_example_description' build argument 'ament_cmake_args' from command line to 'None'
[0.488s] Level 5:colcon.colcon_core.verb:set package 'ros_gz_example_description' build argument 'catkin_cmake_args' from command line to 'None'
[0.488s] Level 5:colcon.colcon_core.verb:set package 'ros_gz_example_description' build argument 'catkin_skip_building_tests' from command line to 'False'
[0.489s] DEBUG:colcon.colcon_core.verb:Building package 'ros_gz_example_description' with the following arguments: {'ament_cmake_args': None, 'build_base': '/gobilda_sim/ros_ws/build/ros_gz_example_description', 'catkin_cmake_args': None, 'catkin_skip_building_tests': False, 'cmake_args': None, 'cmake_clean_cache': False, 'cmake_clean_first': False, 'cmake_force_configure': False, 'cmake_target': None, 'cmake_target_skip_unavailable': False, 'install_base': '/gobilda_sim/ros_ws/install/ros_gz_example_description', 'merge_install': False, 'path': '/gobilda_sim/ros_ws/src/ros_gz_project/ros_gz_example_description', 'symlink_install': True, 'test_result_base': None}
[0.489s] Level 5:colcon.colcon_core.verb:set package 'ros_gz_example_gazebo' build argument 'cmake_args' from command line to 'None'
[0.489s] Level 5:colcon.colcon_core.verb:set package 'ros_gz_example_gazebo' build argument 'cmake_target' from command line to 'None'
[0.489s] Level 5:colcon.colcon_core.verb:set package 'ros_gz_example_gazebo' build argument 'cmake_target_skip_unavailable' from command line to 'False'
[0.489s] Level 5:colcon.colcon_core.verb:set package 'ros_gz_example_gazebo' build argument 'cmake_clean_cache' from command line to 'False'
[0.489s] Level 5:colcon.colcon_core.verb:set package 'ros_gz_example_gazebo' build argument 'cmake_clean_first' from command line to 'False'
[0.489s] Level 5:colcon.colcon_core.verb:set package 'ros_gz_example_gazebo' build argument 'cmake_force_configure' from command line to 'False'
[0.489s] Level 5:colcon.colcon_core.verb:set package 'ros_gz_example_gazebo' build argument 'ament_cmake_args' from command line to 'None'
[0.489s] Level 5:colcon.colcon_core.verb:set package 'ros_gz_example_gazebo' build argument 'catkin_cmake_args' from command line to 'None'
[0.489s] Level 5:colcon.colcon_core.verb:set package 'ros_gz_example_gazebo' build argument 'catkin_skip_building_tests' from command line to 'False'
[0.489s] DEBUG:colcon.colcon_core.verb:Building package 'ros_gz_example_gazebo' with the following arguments: {'ament_cmake_args': None, 'build_base': '/gobilda_sim/ros_ws/build/ros_gz_example_gazebo', 'catkin_cmake_args': None, 'catkin_skip_building_tests': False, 'cmake_args': None, 'cmake_clean_cache': False, 'cmake_clean_first': False, 'cmake_force_configure': False, 'cmake_target': None, 'cmake_target_skip_unavailable': False, 'install_base': '/gobilda_sim/ros_ws/install/ros_gz_example_gazebo', 'merge_install': False, 'path': '/gobilda_sim/ros_ws/src/ros_gz_project/ros_gz_example_gazebo', 'symlink_install': True, 'test_result_base': None}
[0.489s] Level 5:colcon.colcon_core.verb:set package 'ros_gz_example_bringup' build argument 'cmake_args' from command line to 'None'
[0.489s] Level 5:colcon.colcon_core.verb:set package 'ros_gz_example_bringup' build argument 'cmake_target' from command line to 'None'
[0.489s] Level 5:colcon.colcon_core.verb:set package 'ros_gz_example_bringup' build argument 'cmake_target_skip_unavailable' from command line to 'False'
[0.489s] Level 5:colcon.colcon_core.verb:set package 'ros_gz_example_bringup' build argument 'cmake_clean_cache' from command line to 'False'
[0.489s] Level 5:colcon.colcon_core.verb:set package 'ros_gz_example_bringup' build argument 'cmake_clean_first' from command line to 'False'
[0.489s] Level 5:colcon.colcon_core.verb:set package 'ros_gz_example_bringup' build argument 'cmake_force_configure' from command line to 'False'
[0.489s] Level 5:colcon.colcon_core.verb:set package 'ros_gz_example_bringup' build argument 'ament_cmake_args' from command line to 'None'
[0.489s] Level 5:colcon.colcon_core.verb:set package 'ros_gz_example_bringup' build argument 'catkin_cmake_args' from command line to 'None'
[0.489s] Level 5:colcon.colcon_core.verb:set package 'ros_gz_example_bringup' build argument 'catkin_skip_building_tests' from command line to 'False'
[0.489s] DEBUG:colcon.colcon_core.verb:Building package 'ros_gz_example_bringup' with the following arguments: {'ament_cmake_args': None, 'build_base': '/gobilda_sim/ros_ws/build/ros_gz_example_bringup', 'catkin_cmake_args': None, 'catkin_skip_building_tests': False, 'cmake_args': None, 'cmake_clean_cache': False, 'cmake_clean_first': False, 'cmake_force_configure': False, 'cmake_target': None, 'cmake_target_skip_unavailable': False, 'install_base': '/gobilda_sim/ros_ws/install/ros_gz_example_bringup', 'merge_install': False, 'path': '/gobilda_sim/ros_ws/src/ros_gz_project/ros_gz_example_bringup', 'symlink_install': True, 'test_result_base': None}
[0.490s] INFO:colcon.colcon_core.executor:Executing jobs using 'parallel' executor
[0.491s] DEBUG:colcon.colcon_parallel_executor.executor.parallel:run_until_complete
[0.491s] INFO:colcon.colcon_ros.task.ament_cmake.build:Building ROS package in '/gobilda_sim/ros_ws/src/ros_gz_project/ros_gz_example_description' with build type 'ament_cmake'
[0.491s] INFO:colcon.colcon_cmake.task.cmake.build:Building CMake package in '/gobilda_sim/ros_ws/src/ros_gz_project/ros_gz_example_description'
[0.499s] INFO:colcon.colcon_core.plugin_system:Skipping extension 'colcon_core.shell.bat': Not used on non-Windows systems
[0.499s] INFO:colcon.colcon_core.shell:Skip shell extension 'powershell' for command environment: Not usable outside of PowerShell
[0.499s] DEBUG:colcon.colcon_core.shell:Skip shell extension 'dsv' for command environment
[0.505s] INFO:colcon.colcon_ros.task.ament_python.build:Building ROS package in '/gobilda_sim/ros_ws/src/bump_and_go_lidar' with build type 'ament_python'
[0.505s] Level 1:colcon.colcon_core.shell:create_environment_hook('bump_and_go_lidar', 'ament_prefix_path')
[0.505s] INFO:colcon.colcon_core.shell:Creating environment hook '/gobilda_sim/ros_ws/install/bump_and_go_lidar/share/bump_and_go_lidar/hook/ament_prefix_path.ps1'
[0.507s] INFO:colcon.colcon_core.shell:Creating environment descriptor '/gobilda_sim/ros_ws/install/bump_and_go_lidar/share/bump_and_go_lidar/hook/ament_prefix_path.dsv'
[0.508s] INFO:colcon.colcon_core.shell:Creating environment hook '/gobilda_sim/ros_ws/install/bump_and_go_lidar/share/bump_and_go_lidar/hook/ament_prefix_path.sh'
[0.509s] INFO:colcon.colcon_core.shell:Skip shell extension 'powershell' for command environment: Not usable outside of PowerShell
[0.509s] DEBUG:colcon.colcon_core.shell:Skip shell extension 'dsv' for command environment
[0.513s] DEBUG:colcon.colcon_core.event_handler.log_command:Invoking command in '/gobilda_sim/ros_ws/build/ros_gz_example_description': /usr/bin/cmake --build /gobilda_sim/ros_ws/build/ros_gz_example_description -- -j16 -l16
[0.699s] INFO:colcon.colcon_core.task.python.build:Building Python package in '/gobilda_sim/ros_ws/src/bump_and_go_lidar'
[0.699s] INFO:colcon.colcon_core.shell:Skip shell extension 'powershell' for command environment: Not usable outside of PowerShell
[0.699s] DEBUG:colcon.colcon_core.shell:Skip shell extension 'dsv' for command environment
[0.703s] DEBUG:colcon.colcon_core.event_handler.log_command:Invoked command in '/gobilda_sim/ros_ws/build/ros_gz_example_description' returned '0': /usr/bin/cmake --build /gobilda_sim/ros_ws/build/ros_gz_example_description -- -j16 -l16
[0.726s] DEBUG:colcon.colcon_core.event_handler.log_command:Invoking command in '/gobilda_sim/ros_ws/build/ros_gz_example_description': /usr/bin/cmake --install /gobilda_sim/ros_ws/build/ros_gz_example_description
[0.750s] Level 1:colcon.colcon_core.environment:create_environment_scripts_only(ros_gz_example_description)
[0.750s] DEBUG:colcon.colcon_core.event_handler.log_command:Invoked command in '/gobilda_sim/ros_ws/build/ros_gz_example_description' returned '0': /usr/bin/cmake --install /gobilda_sim/ros_ws/build/ros_gz_example_description
[0.758s] Level 1:colcon.colcon_core.environment:checking '/gobilda_sim/ros_ws/install/ros_gz_example_description' for CMake module files
[0.759s] Level 1:colcon.colcon_core.environment:checking '/gobilda_sim/ros_ws/install/ros_gz_example_description' for CMake config files
[0.760s] Level 1:colcon.colcon_core.shell:create_environment_hook('ros_gz_example_description', 'cmake_prefix_path')
[0.760s] INFO:colcon.colcon_core.shell:Creating environment hook '/gobilda_sim/ros_ws/install/ros_gz_example_description/share/ros_gz_example_description/hook/cmake_prefix_path.ps1'
[0.760s] INFO:colcon.colcon_core.shell:Creating environment descriptor '/gobilda_sim/ros_ws/install/ros_gz_example_description/share/ros_gz_example_description/hook/cmake_prefix_path.dsv'
[0.761s] INFO:colcon.colcon_core.shell:Creating environment hook '/gobilda_sim/ros_ws/install/ros_gz_example_description/share/ros_gz_example_description/hook/cmake_prefix_path.sh'
[0.761s] Level 1:colcon.colcon_core.environment:checking '/gobilda_sim/ros_ws/install/ros_gz_example_description/bin'
[0.761s] Level 1:colcon.colcon_core.environment:checking '/gobilda_sim/ros_ws/install/ros_gz_example_description/lib/pkgconfig/ros_gz_example_description.pc'
[0.762s] Level 1:colcon.colcon_core.environment:checking '/gobilda_sim/ros_ws/install/ros_gz_example_description/lib/python3.10/site-packages'
[0.762s] Level 1:colcon.colcon_core.environment:checking '/gobilda_sim/ros_ws/install/ros_gz_example_description/bin'
[0.762s] INFO:colcon.colcon_core.shell:Creating package script '/gobilda_sim/ros_ws/install/ros_gz_example_description/share/ros_gz_example_description/package.ps1'
[0.763s] INFO:colcon.colcon_core.shell:Creating package descriptor '/gobilda_sim/ros_ws/install/ros_gz_example_description/share/ros_gz_example_description/package.dsv'
[0.764s] INFO:colcon.colcon_core.shell:Creating package script '/gobilda_sim/ros_ws/install/ros_gz_example_description/share/ros_gz_example_description/package.sh'
[0.765s] INFO:colcon.colcon_core.shell:Creating package script '/gobilda_sim/ros_ws/install/ros_gz_example_description/share/ros_gz_example_description/package.bash'
[0.766s] INFO:colcon.colcon_core.shell:Creating package script '/gobilda_sim/ros_ws/install/ros_gz_example_description/share/ros_gz_example_description/package.zsh'
[0.767s] Level 1:colcon.colcon_core.environment:create_file_with_runtime_dependencies(/gobilda_sim/ros_ws/install/ros_gz_example_description/share/colcon-core/packages/ros_gz_example_description)
[0.784s] Level 1:colcon.colcon_core.environment:create_environment_scripts_only(ros_gz_example_description)
[0.784s] Level 1:colcon.colcon_core.environment:checking '/gobilda_sim/ros_ws/install/ros_gz_example_description' for CMake module files
[0.785s] Level 1:colcon.colcon_core.environment:checking '/gobilda_sim/ros_ws/install/ros_gz_example_description' for CMake config files
[0.785s] Level 1:colcon.colcon_core.shell:create_environment_hook('ros_gz_example_description', 'cmake_prefix_path')
[0.785s] INFO:colcon.colcon_core.shell:Creating environment hook '/gobilda_sim/ros_ws/install/ros_gz_example_description/share/ros_gz_example_description/hook/cmake_prefix_path.ps1'
[0.786s] INFO:colcon.colcon_core.shell:Creating environment descriptor '/gobilda_sim/ros_ws/install/ros_gz_example_description/share/ros_gz_example_description/hook/cmake_prefix_path.dsv'
[0.786s] INFO:colcon.colcon_core.shell:Creating environment hook '/gobilda_sim/ros_ws/install/ros_gz_example_description/share/ros_gz_example_description/hook/cmake_prefix_path.sh'
[0.786s] Level 1:colcon.colcon_core.environment:checking '/gobilda_sim/ros_ws/install/ros_gz_example_description/bin'
[0.786s] Level 1:colcon.colcon_core.environment:checking '/gobilda_sim/ros_ws/install/ros_gz_example_description/lib/pkgconfig/ros_gz_example_description.pc'
[0.787s] Level 1:colcon.colcon_core.environment:checking '/gobilda_sim/ros_ws/install/ros_gz_example_description/lib/python3.10/site-packages'
[0.787s] Level 1:colcon.colcon_core.environment:checking '/gobilda_sim/ros_ws/install/ros_gz_example_description/bin'
[0.787s] INFO:colcon.colcon_core.shell:Creating package script '/gobilda_sim/ros_ws/install/ros_gz_example_description/share/ros_gz_example_description/package.ps1'
[0.787s] INFO:colcon.colcon_core.shell:Creating package descriptor '/gobilda_sim/ros_ws/install/ros_gz_example_description/share/ros_gz_example_description/package.dsv'
[0.788s] INFO:colcon.colcon_core.shell:Creating package script '/gobilda_sim/ros_ws/install/ros_gz_example_description/share/ros_gz_example_description/package.sh'
[0.788s] INFO:colcon.colcon_core.shell:Creating package script '/gobilda_sim/ros_ws/install/ros_gz_example_description/share/ros_gz_example_description/package.bash'
[0.788s] INFO:colcon.colcon_core.shell:Creating package script '/gobilda_sim/ros_ws/install/ros_gz_example_description/share/ros_gz_example_description/package.zsh'
[0.789s] Level 1:colcon.colcon_core.environment:create_file_with_runtime_dependencies(/gobilda_sim/ros_ws/install/ros_gz_example_description/share/colcon-core/packages/ros_gz_example_description)
[0.789s] INFO:colcon.colcon_ros.task.ament_cmake.build:Building ROS package in '/gobilda_sim/ros_ws/src/ros_gz_project/ros_gz_example_gazebo' with build type 'ament_cmake'
[0.789s] INFO:colcon.colcon_cmake.task.cmake.build:Building CMake package in '/gobilda_sim/ros_ws/src/ros_gz_project/ros_gz_example_gazebo'
[0.790s] INFO:colcon.colcon_core.shell:Skip shell extension 'powershell' for command environment: Not usable outside of PowerShell
[0.790s] DEBUG:colcon.colcon_core.shell:Skip shell extension 'dsv' for command environment
[0.801s] DEBUG:colcon.colcon_core.event_handler.log_command:Invoking command in '/gobilda_sim/ros_ws/build/ros_gz_example_gazebo': AMENT_PREFIX_PATH=/gobilda_sim/ros_ws/install/ros_gz_example_description CMAKE_PREFIX_PATH=/gobilda_sim/ros_ws/install/ros_gz_example_description IGN_GAZEBO_RESOURCE_PATH=/gobilda_sim/ros_ws/install/ros_gz_example_description/share/ros_gz_example_description/models /usr/bin/cmake --build /gobilda_sim/ros_ws/build/ros_gz_example_gazebo -- -j16 -l16
[0.914s] DEBUG:colcon.colcon_core.event_handler.log_command:Invoked command in '/gobilda_sim/ros_ws/build/ros_gz_example_gazebo' returned '0': AMENT_PREFIX_PATH=/gobilda_sim/ros_ws/install/ros_gz_example_description CMAKE_PREFIX_PATH=/gobilda_sim/ros_ws/install/ros_gz_example_description IGN_GAZEBO_RESOURCE_PATH=/gobilda_sim/ros_ws/install/ros_gz_example_description/share/ros_gz_example_description/models /usr/bin/cmake --build /gobilda_sim/ros_ws/build/ros_gz_example_gazebo -- -j16 -l16
[0.936s] DEBUG:colcon.colcon_core.event_handler.log_command:Invoking command in '/gobilda_sim/ros_ws/build/ros_gz_example_gazebo': AMENT_PREFIX_PATH=/gobilda_sim/ros_ws/install/ros_gz_example_description CMAKE_PREFIX_PATH=/gobilda_sim/ros_ws/install/ros_gz_example_description IGN_GAZEBO_RESOURCE_PATH=/gobilda_sim/ros_ws/install/ros_gz_example_description/share/ros_gz_example_description/models /usr/bin/cmake --install /gobilda_sim/ros_ws/build/ros_gz_example_gazebo
[0.957s] Level 1:colcon.colcon_core.environment:create_environment_scripts_only(ros_gz_example_gazebo)
[0.957s] DEBUG:colcon.colcon_core.event_handler.log_command:Invoked command in '/gobilda_sim/ros_ws/build/ros_gz_example_gazebo' returned '0': AMENT_PREFIX_PATH=/gobilda_sim/ros_ws/install/ros_gz_example_description CMAKE_PREFIX_PATH=/gobilda_sim/ros_ws/install/ros_gz_example_description IGN_GAZEBO_RESOURCE_PATH=/gobilda_sim/ros_ws/install/ros_gz_example_description/share/ros_gz_example_description/models /usr/bin/cmake --install /gobilda_sim/ros_ws/build/ros_gz_example_gazebo
[0.958s] Level 1:colcon.colcon_core.environment:checking '/gobilda_sim/ros_ws/install/ros_gz_example_gazebo' for CMake module files
[0.960s] Level 1:colcon.colcon_core.environment:checking '/gobilda_sim/ros_ws/install/ros_gz_example_gazebo' for CMake config files
[0.960s] Level 1:colcon.colcon_core.shell:create_environment_hook('ros_gz_example_gazebo', 'cmake_prefix_path')
[0.961s] INFO:colcon.colcon_core.shell:Creating environment hook '/gobilda_sim/ros_ws/install/ros_gz_example_gazebo/share/ros_gz_example_gazebo/hook/cmake_prefix_path.ps1'
[0.961s] INFO:colcon.colcon_core.shell:Creating environment descriptor '/gobilda_sim/ros_ws/install/ros_gz_example_gazebo/share/ros_gz_example_gazebo/hook/cmake_prefix_path.dsv'
[0.961s] INFO:colcon.colcon_core.shell:Creating environment hook '/gobilda_sim/ros_ws/install/ros_gz_example_gazebo/share/ros_gz_example_gazebo/hook/cmake_prefix_path.sh'
[0.962s] Level 1:colcon.colcon_core.environment:checking '/gobilda_sim/ros_ws/install/ros_gz_example_gazebo/lib'
[0.962s] Level 1:colcon.colcon_core.environment:checking '/gobilda_sim/ros_ws/install/ros_gz_example_gazebo/bin'
[0.962s] Level 1:colcon.colcon_core.environment:checking '/gobilda_sim/ros_ws/install/ros_gz_example_gazebo/lib/pkgconfig/ros_gz_example_gazebo.pc'
[0.962s] Level 1:colcon.colcon_core.environment:checking '/gobilda_sim/ros_ws/install/ros_gz_example_gazebo/lib/python3.10/site-packages'
[0.963s] Level 1:colcon.colcon_core.environment:checking '/gobilda_sim/ros_ws/install/ros_gz_example_gazebo/bin'
[0.963s] INFO:colcon.colcon_core.shell:Creating package script '/gobilda_sim/ros_ws/install/ros_gz_example_gazebo/share/ros_gz_example_gazebo/package.ps1'
[0.963s] INFO:colcon.colcon_core.shell:Creating package descriptor '/gobilda_sim/ros_ws/install/ros_gz_example_gazebo/share/ros_gz_example_gazebo/package.dsv'
[0.963s] INFO:colcon.colcon_core.shell:Creating package script '/gobilda_sim/ros_ws/install/ros_gz_example_gazebo/share/ros_gz_example_gazebo/package.sh'
[0.964s] INFO:colcon.colcon_core.shell:Creating package script '/gobilda_sim/ros_ws/install/ros_gz_example_gazebo/share/ros_gz_example_gazebo/package.bash'
[0.964s] INFO:colcon.colcon_core.shell:Creating package script '/gobilda_sim/ros_ws/install/ros_gz_example_gazebo/share/ros_gz_example_gazebo/package.zsh'
[0.964s] Level 1:colcon.colcon_core.environment:create_file_with_runtime_dependencies(/gobilda_sim/ros_ws/install/ros_gz_example_gazebo/share/colcon-core/packages/ros_gz_example_gazebo)
[0.985s] Level 1:colcon.colcon_core.environment:create_environment_scripts_only(ros_gz_example_gazebo)
[0.985s] Level 1:colcon.colcon_core.environment:checking '/gobilda_sim/ros_ws/install/ros_gz_example_gazebo' for CMake module files
[0.986s] Level 1:colcon.colcon_core.environment:checking '/gobilda_sim/ros_ws/install/ros_gz_example_gazebo' for CMake config files
[0.986s] Level 1:colcon.colcon_core.shell:create_environment_hook('ros_gz_example_gazebo', 'cmake_prefix_path')
[0.986s] INFO:colcon.colcon_core.shell:Creating environment hook '/gobilda_sim/ros_ws/install/ros_gz_example_gazebo/share/ros_gz_example_gazebo/hook/cmake_prefix_path.ps1'
[0.986s] INFO:colcon.colcon_core.shell:Creating environment descriptor '/gobilda_sim/ros_ws/install/ros_gz_example_gazebo/share/ros_gz_example_gazebo/hook/cmake_prefix_path.dsv'
[0.987s] INFO:colcon.colcon_core.shell:Creating environment hook '/gobilda_sim/ros_ws/install/ros_gz_example_gazebo/share/ros_gz_example_gazebo/hook/cmake_prefix_path.sh'
[0.987s] Level 1:colcon.colcon_core.environment:checking '/gobilda_sim/ros_ws/install/ros_gz_example_gazebo/lib'
[0.987s] Level 1:colcon.colcon_core.environment:checking '/gobilda_sim/ros_ws/install/ros_gz_example_gazebo/bin'
[0.987s] Level 1:colcon.colcon_core.environment:checking '/gobilda_sim/ros_ws/install/ros_gz_example_gazebo/lib/pkgconfig/ros_gz_example_gazebo.pc'
[0.987s] Level 1:colcon.colcon_core.environment:checking '/gobilda_sim/ros_ws/install/ros_gz_example_gazebo/lib/python3.10/site-packages'
[0.988s] Level 1:colcon.colcon_core.environment:checking '/gobilda_sim/ros_ws/install/ros_gz_example_gazebo/bin'
[0.988s] INFO:colcon.colcon_core.shell:Creating package script '/gobilda_sim/ros_ws/install/ros_gz_example_gazebo/share/ros_gz_example_gazebo/package.ps1'
[0.988s] INFO:colcon.colcon_core.shell:Creating package descriptor '/gobilda_sim/ros_ws/install/ros_gz_example_gazebo/share/ros_gz_example_gazebo/package.dsv'
[0.988s] INFO:colcon.colcon_core.shell:Creating package script '/gobilda_sim/ros_ws/install/ros_gz_example_gazebo/share/ros_gz_example_gazebo/package.sh'
[0.989s] INFO:colcon.colcon_core.shell:Creating package script '/gobilda_sim/ros_ws/install/ros_gz_example_gazebo/share/ros_gz_example_gazebo/package.bash'
[0.989s] INFO:colcon.colcon_core.shell:Creating package script '/gobilda_sim/ros_ws/install/ros_gz_example_gazebo/share/ros_gz_example_gazebo/package.zsh'
[0.989s] Level 1:colcon.colcon_core.environment:create_file_with_runtime_dependencies(/gobilda_sim/ros_ws/install/ros_gz_example_gazebo/share/colcon-core/packages/ros_gz_example_gazebo)
[0.990s] INFO:colcon.colcon_ros.task.ament_cmake.build:Building ROS package in '/gobilda_sim/ros_ws/src/ros_gz_project/ros_gz_example_bringup' with build type 'ament_cmake'
[0.990s] INFO:colcon.colcon_cmake.task.cmake.build:Building CMake package in '/gobilda_sim/ros_ws/src/ros_gz_project/ros_gz_example_bringup'
[0.990s] INFO:colcon.colcon_core.shell:Skip shell extension 'powershell' for command environment: Not usable outside of PowerShell
[0.990s] DEBUG:colcon.colcon_core.shell:Skip shell extension 'dsv' for command environment
[0.998s] DEBUG:colcon.colcon_core.event_handler.log_command:Invoking command in '/gobilda_sim/ros_ws/build/ros_gz_example_bringup': AMENT_PREFIX_PATH=/gobilda_sim/ros_ws/install/ros_gz_example_gazebo:/gobilda_sim/ros_ws/install/ros_gz_example_description CMAKE_PREFIX_PATH=/gobilda_sim/ros_ws/install/ros_gz_example_gazebo:/gobilda_sim/ros_ws/install/ros_gz_example_description IGN_GAZEBO_PLUGIN_PATH=/gobilda_sim/ros_ws/install/ros_gz_example_gazebo/lib/ros_gz_example_gazebo IGN_GAZEBO_RESOURCE_PATH=/gobilda_sim/ros_ws/install/ros_gz_example_gazebo/share/ros_gz_example_gazebo/worlds:/gobilda_sim/ros_ws/install/ros_gz_example_description/share/ros_gz_example_description/models /usr/bin/cmake --build /gobilda_sim/ros_ws/build/ros_gz_example_bringup -- -j16 -l16
[1.002s] DEBUG:colcon.colcon_core.event_handler.log_command:Invoking command in '/gobilda_sim/ros_ws/build/bump_and_go_lidar': PYTHONPATH=/gobilda_sim/ros_ws/build/bump_and_go_lidar/prefix_override:/usr/lib/python3/dist-packages/colcon_core/task/python/colcon_distutils_commands:/gobilda_sim/ros_ws/install/bump_and_go_lidar/lib/python3.10/site-packages: /usr/bin/python3 -W ignore:setup.py install is deprecated setup.py develop --editable --build-directory /gobilda_sim/ros_ws/build/bump_and_go_lidar/build --no-deps symlink_data
[1.026s] DEBUG:colcon.colcon_core.event_handler.log_command:Invoked command in '/gobilda_sim/ros_ws/build/ros_gz_example_bringup' returned '0': AMENT_PREFIX_PATH=/gobilda_sim/ros_ws/install/ros_gz_example_gazebo:/gobilda_sim/ros_ws/install/ros_gz_example_description CMAKE_PREFIX_PATH=/gobilda_sim/ros_ws/install/ros_gz_example_gazebo:/gobilda_sim/ros_ws/install/ros_gz_example_description IGN_GAZEBO_PLUGIN_PATH=/gobilda_sim/ros_ws/install/ros_gz_example_gazebo/lib/ros_gz_example_gazebo IGN_GAZEBO_RESOURCE_PATH=/gobilda_sim/ros_ws/install/ros_gz_example_gazebo/share/ros_gz_example_gazebo/worlds:/gobilda_sim/ros_ws/install/ros_gz_example_description/share/ros_gz_example_description/models /usr/bin/cmake --build /gobilda_sim/ros_ws/build/ros_gz_example_bringup -- -j16 -l16
[1.042s] DEBUG:colcon.colcon_core.event_handler.log_command:Invoking command in '/gobilda_sim/ros_ws/build/ros_gz_example_bringup': AMENT_PREFIX_PATH=/gobilda_sim/ros_ws/install/ros_gz_example_gazebo:/gobilda_sim/ros_ws/install/ros_gz_example_description CMAKE_PREFIX_PATH=/gobilda_sim/ros_ws/install/ros_gz_example_gazebo:/gobilda_sim/ros_ws/install/ros_gz_example_description IGN_GAZEBO_PLUGIN_PATH=/gobilda_sim/ros_ws/install/ros_gz_example_gazebo/lib/ros_gz_example_gazebo IGN_GAZEBO_RESOURCE_PATH=/gobilda_sim/ros_ws/install/ros_gz_example_gazebo/share/ros_gz_example_gazebo/worlds:/gobilda_sim/ros_ws/install/ros_gz_example_description/share/ros_gz_example_description/models /usr/bin/cmake --install /gobilda_sim/ros_ws/build/ros_gz_example_bringup
[1.061s] Level 1:colcon.colcon_core.environment:create_environment_scripts_only(ros_gz_example_bringup)
[1.062s] DEBUG:colcon.colcon_core.event_handler.log_command:Invoked command in '/gobilda_sim/ros_ws/build/ros_gz_example_bringup' returned '0': AMENT_PREFIX_PATH=/gobilda_sim/ros_ws/install/ros_gz_example_gazebo:/gobilda_sim/ros_ws/install/ros_gz_example_description CMAKE_PREFIX_PATH=/gobilda_sim/ros_ws/install/ros_gz_example_gazebo:/gobilda_sim/ros_ws/install/ros_gz_example_description IGN_GAZEBO_PLUGIN_PATH=/gobilda_sim/ros_ws/install/ros_gz_example_gazebo/lib/ros_gz_example_gazebo IGN_GAZEBO_RESOURCE_PATH=/gobilda_sim/ros_ws/install/ros_gz_example_gazebo/share/ros_gz_example_gazebo/worlds:/gobilda_sim/ros_ws/install/ros_gz_example_description/share/ros_gz_example_description/models /usr/bin/cmake --install /gobilda_sim/ros_ws/build/ros_gz_example_bringup
[1.062s] Level 1:colcon.colcon_core.environment:checking '/gobilda_sim/ros_ws/install/ros_gz_example_bringup' for CMake module files
[1.064s] Level 1:colcon.colcon_core.environment:checking '/gobilda_sim/ros_ws/install/ros_gz_example_bringup' for CMake config files
[1.064s] Level 1:colcon.colcon_core.shell:create_environment_hook('ros_gz_example_bringup', 'cmake_prefix_path')
[1.065s] INFO:colcon.colcon_core.shell:Creating environment hook '/gobilda_sim/ros_ws/install/ros_gz_example_bringup/share/ros_gz_example_bringup/hook/cmake_prefix_path.ps1'
[1.065s] INFO:colcon.colcon_core.shell:Creating environment descriptor '/gobilda_sim/ros_ws/install/ros_gz_example_bringup/share/ros_gz_example_bringup/hook/cmake_prefix_path.dsv'
[1.065s] INFO:colcon.colcon_core.shell:Creating environment hook '/gobilda_sim/ros_ws/install/ros_gz_example_bringup/share/ros_gz_example_bringup/hook/cmake_prefix_path.sh'
[1.066s] Level 1:colcon.colcon_core.environment:checking '/gobilda_sim/ros_ws/install/ros_gz_example_bringup/bin'
[1.066s] Level 1:colcon.colcon_core.environment:checking '/gobilda_sim/ros_ws/install/ros_gz_example_bringup/lib/pkgconfig/ros_gz_example_bringup.pc'
[1.066s] Level 1:colcon.colcon_core.environment:checking '/gobilda_sim/ros_ws/install/ros_gz_example_bringup/lib/python3.10/site-packages'
[1.066s] Level 1:colcon.colcon_core.environment:checking '/gobilda_sim/ros_ws/install/ros_gz_example_bringup/bin'
[1.067s] INFO:colcon.colcon_core.shell:Creating package script '/gobilda_sim/ros_ws/install/ros_gz_example_bringup/share/ros_gz_example_bringup/package.ps1'
[1.067s] INFO:colcon.colcon_core.shell:Creating package descriptor '/gobilda_sim/ros_ws/install/ros_gz_example_bringup/share/ros_gz_example_bringup/package.dsv'
[1.067s] INFO:colcon.colcon_core.shell:Creating package script '/gobilda_sim/ros_ws/install/ros_gz_example_bringup/share/ros_gz_example_bringup/package.sh'
[1.068s] INFO:colcon.colcon_core.shell:Creating package script '/gobilda_sim/ros_ws/install/ros_gz_example_bringup/share/ros_gz_example_bringup/package.bash'
[1.068s] INFO:colcon.colcon_core.shell:Creating package script '/gobilda_sim/ros_ws/install/ros_gz_example_bringup/share/ros_gz_example_bringup/package.zsh'
[1.068s] Level 1:colcon.colcon_core.environment:create_file_with_runtime_dependencies(/gobilda_sim/ros_ws/install/ros_gz_example_bringup/share/colcon-core/packages/ros_gz_example_bringup)
[1.086s] Level 1:colcon.colcon_core.environment:create_environment_scripts_only(ros_gz_example_bringup)
[1.086s] Level 1:colcon.colcon_core.environment:checking '/gobilda_sim/ros_ws/install/ros_gz_example_bringup' for CMake module files
[1.086s] Level 1:colcon.colcon_core.environment:checking '/gobilda_sim/ros_ws/install/ros_gz_example_bringup' for CMake config files
[1.087s] Level 1:colcon.colcon_core.shell:create_environment_hook('ros_gz_example_bringup', 'cmake_prefix_path')
[1.087s] INFO:colcon.colcon_core.shell:Creating environment hook '/gobilda_sim/ros_ws/install/ros_gz_example_bringup/share/ros_gz_example_bringup/hook/cmake_prefix_path.ps1'
[1.087s] INFO:colcon.colcon_core.shell:Creating environment descriptor '/gobilda_sim/ros_ws/install/ros_gz_example_bringup/share/ros_gz_example_bringup/hook/cmake_prefix_path.dsv'
[1.088s] INFO:colcon.colcon_core.shell:Creating environment hook '/gobilda_sim/ros_ws/install/ros_gz_example_bringup/share/ros_gz_example_bringup/hook/cmake_prefix_path.sh'
[1.088s] Level 1:colcon.colcon_core.environment:checking '/gobilda_sim/ros_ws/install/ros_gz_example_bringup/bin'
[1.088s] Level 1:colcon.colcon_core.environment:checking '/gobilda_sim/ros_ws/install/ros_gz_example_bringup/lib/pkgconfig/ros_gz_example_bringup.pc'
[1.088s] Level 1:colcon.colcon_core.environment:checking '/gobilda_sim/ros_ws/install/ros_gz_example_bringup/lib/python3.10/site-packages'
[1.089s] Level 1:colcon.colcon_core.environment:checking '/gobilda_sim/ros_ws/install/ros_gz_example_bringup/bin'
[1.089s] INFO:colcon.colcon_core.shell:Creating package script '/gobilda_sim/ros_ws/install/ros_gz_example_bringup/share/ros_gz_example_bringup/package.ps1'
[1.089s] INFO:colcon.colcon_core.shell:Creating package descriptor '/gobilda_sim/ros_ws/install/ros_gz_example_bringup/share/ros_gz_example_bringup/package.dsv'
[1.090s] INFO:colcon.colcon_core.shell:Creating package script '/gobilda_sim/ros_ws/install/ros_gz_example_bringup/share/ros_gz_example_bringup/package.sh'
[1.090s] INFO:colcon.colcon_core.shell:Creating package script '/gobilda_sim/ros_ws/install/ros_gz_example_bringup/share/ros_gz_example_bringup/package.bash'
[1.090s] INFO:colcon.colcon_core.shell:Creating package script '/gobilda_sim/ros_ws/install/ros_gz_example_bringup/share/ros_gz_example_bringup/package.zsh'
[1.091s] Level 1:colcon.colcon_core.environment:create_file_with_runtime_dependencies(/gobilda_sim/ros_ws/install/ros_gz_example_bringup/share/colcon-core/packages/ros_gz_example_bringup)
[1.320s] Level 1:colcon.colcon_core.shell:create_environment_hook('bump_and_go_lidar', 'pythonpath_develop')
[1.320s] DEBUG:colcon.colcon_core.event_handler.log_command:Invoked command in '/gobilda_sim/ros_ws/build/bump_and_go_lidar' returned '0': PYTHONPATH=/gobilda_sim/ros_ws/build/bump_and_go_lidar/prefix_override:/usr/lib/python3/dist-packages/colcon_core/task/python/colcon_distutils_commands:/gobilda_sim/ros_ws/install/bump_and_go_lidar/lib/python3.10/site-packages: /usr/bin/python3 -W ignore:setup.py install is deprecated setup.py develop --editable --build-directory /gobilda_sim/ros_ws/build/bump_and_go_lidar/build --no-deps symlink_data
[1.321s] INFO:colcon.colcon_core.shell:Creating environment hook '/gobilda_sim/ros_ws/build/bump_and_go_lidar/share/bump_and_go_lidar/hook/pythonpath_develop.ps1'
[1.322s] INFO:colcon.colcon_core.shell:Creating environment descriptor '/gobilda_sim/ros_ws/build/bump_and_go_lidar/share/bump_and_go_lidar/hook/pythonpath_develop.dsv'
[1.322s] INFO:colcon.colcon_core.shell:Creating environment hook '/gobilda_sim/ros_ws/build/bump_and_go_lidar/share/bump_and_go_lidar/hook/pythonpath_develop.sh'
[1.322s] Level 1:colcon.colcon_core.environment:checking '/gobilda_sim/ros_ws/install/bump_and_go_lidar' for CMake module files
[1.323s] Level 1:colcon.colcon_core.environment:checking '/gobilda_sim/ros_ws/install/bump_and_go_lidar' for CMake config files
[1.323s] Level 1:colcon.colcon_core.environment:checking '/gobilda_sim/ros_ws/install/bump_and_go_lidar/lib'
[1.323s] Level 1:colcon.colcon_core.environment:checking '/gobilda_sim/ros_ws/install/bump_and_go_lidar/bin'
[1.323s] Level 1:colcon.colcon_core.environment:checking '/gobilda_sim/ros_ws/install/bump_and_go_lidar/lib/pkgconfig/bump_and_go_lidar.pc'
[1.323s] Level 1:colcon.colcon_core.environment:checking '/gobilda_sim/ros_ws/install/bump_and_go_lidar/lib/python3.10/site-packages'
[1.323s] Level 1:colcon.colcon_core.shell:create_environment_hook('bump_and_go_lidar', 'pythonpath')
[1.324s] INFO:colcon.colcon_core.shell:Creating environment hook '/gobilda_sim/ros_ws/install/bump_and_go_lidar/share/bump_and_go_lidar/hook/pythonpath.ps1'
[1.324s] INFO:colcon.colcon_core.shell:Creating environment descriptor '/gobilda_sim/ros_ws/install/bump_and_go_lidar/share/bump_and_go_lidar/hook/pythonpath.dsv'
[1.324s] INFO:colcon.colcon_core.shell:Creating environment hook '/gobilda_sim/ros_ws/install/bump_and_go_lidar/share/bump_and_go_lidar/hook/pythonpath.sh'
[1.325s] Level 1:colcon.colcon_core.environment:checking '/gobilda_sim/ros_ws/install/bump_and_go_lidar/bin'
[1.325s] Level 1:colcon.colcon_core.environment:create_environment_scripts_only(bump_and_go_lidar)
[1.325s] INFO:colcon.colcon_core.shell:Creating package script '/gobilda_sim/ros_ws/install/bump_and_go_lidar/share/bump_and_go_lidar/package.ps1'
[1.325s] INFO:colcon.colcon_core.shell:Creating package descriptor '/gobilda_sim/ros_ws/install/bump_and_go_lidar/share/bump_and_go_lidar/package.dsv'
[1.326s] INFO:colcon.colcon_core.shell:Creating package script '/gobilda_sim/ros_ws/install/bump_and_go_lidar/share/bump_and_go_lidar/package.sh'
[1.326s] INFO:colcon.colcon_core.shell:Creating package script '/gobilda_sim/ros_ws/install/bump_and_go_lidar/share/bump_and_go_lidar/package.bash'
[1.326s] INFO:colcon.colcon_core.shell:Creating package script '/gobilda_sim/ros_ws/install/bump_and_go_lidar/share/bump_and_go_lidar/package.zsh'
[1.326s] Level 1:colcon.colcon_core.environment:create_file_with_runtime_dependencies(/gobilda_sim/ros_ws/install/bump_and_go_lidar/share/colcon-core/packages/bump_and_go_lidar)
[1.327s] DEBUG:colcon.colcon_parallel_executor.executor.parallel:closing loop
[1.328s] DEBUG:colcon.colcon_parallel_executor.executor.parallel:loop closed
[1.328s] DEBUG:colcon.colcon_parallel_executor.executor.parallel:run_until_complete finished with '0'
[1.328s] DEBUG:colcon.colcon_core.event_reactor:joining thread
[1.346s] INFO:colcon.colcon_core.plugin_system:Skipping extension 'colcon_notification.desktop_notification.notify_send': Could not find 'notify-send'
[1.346s] INFO:colcon.colcon_core.plugin_system:Skipping extension 'colcon_notification.desktop_notification.terminal_notifier': Not used on non-Darwin systems
[1.346s] INFO:colcon.colcon_core.plugin_system:Skipping extension 'colcon_notification.desktop_notification.win32': Not used on non-Windows systems
[1.346s] INFO:colcon.colcon_notification.desktop_notification:Sending desktop notification using 'notify2'
[1.349s] DEBUG:colcon.colcon_notification.desktop_notification.notify2:Failed to initialize notify2: org.freedesktop.DBus.Error.Spawn.ExecFailed: /usr/bin/dbus-launch terminated abnormally without any error message
[1.350s] DEBUG:colcon.colcon_core.event_reactor:joined thread
[1.350s] INFO:colcon.colcon_core.shell:Creating prefix script '/gobilda_sim/ros_ws/install/local_setup.ps1'
[1.352s] INFO:colcon.colcon_core.shell:Creating prefix util module '/gobilda_sim/ros_ws/install/_local_setup_util_ps1.py'
[1.353s] INFO:colcon.colcon_core.shell:Creating prefix chain script '/gobilda_sim/ros_ws/install/setup.ps1'
[1.354s] INFO:colcon.colcon_core.shell:Creating prefix script '/gobilda_sim/ros_ws/install/local_setup.sh'
[1.355s] INFO:colcon.colcon_core.shell:Creating prefix util module '/gobilda_sim/ros_ws/install/_local_setup_util_sh.py'
[1.355s] INFO:colcon.colcon_core.shell:Creating prefix chain script '/gobilda_sim/ros_ws/install/setup.sh'
[1.356s] INFO:colcon.colcon_core.shell:Creating prefix script '/gobilda_sim/ros_ws/install/local_setup.bash'
[1.357s] INFO:colcon.colcon_core.shell:Creating prefix chain script '/gobilda_sim/ros_ws/install/setup.bash'
[1.358s] INFO:colcon.colcon_core.shell:Creating prefix script '/gobilda_sim/ros_ws/install/local_setup.zsh'
[1.358s] INFO:colcon.colcon_core.shell:Creating prefix chain script '/gobilda_sim/ros_ws/install/setup.zsh'
