[0.019s] Invoking command in '/gobilda_sim/ros_ws/build/ros_gz_example_description': CMAKE_PREFIX_PATH=/opt/ros/humble /usr/bin/cmake /gobilda_sim/ros_ws/src/ros_gz_project/ros_gz_example_description -DAMENT_CMAKE_SYMLINK_INSTALL=1 -DCMAKE_INSTALL_PREFIX=/gobilda_sim/ros_ws/install/ros_gz_example_description
[0.246s] -- The C compiler identification is GNU 11.4.0
[0.367s] -- The CXX compiler identification is GNU 11.4.0
[0.381s] -- Detecting C compiler ABI info
[0.511s] -- Detecting C compiler ABI info - done
[0.519s] -- Check for working C compiler: /usr/bin/cc - skipped
[0.520s] -- Detecting C compile features
[0.521s] -- Detecting C compile features - done
[0.526s] -- Detecting CXX compiler ABI info
[0.627s] -- Detecting CXX compiler ABI info - done
[0.635s] -- Check for working CXX compiler: /usr/bin/c++ - skipped
[0.635s] -- Detecting CXX compile features
[0.636s] -- Detecting CXX compile features - done
[0.640s] -- Found ament_cmake: 1.3.10 (/opt/ros/humble/share/ament_cmake/cmake)
[0.828s] -- Found Python3: /usr/bin/python3 (found version "3.10.12") found components: Interpreter 
[0.903s] -- Override CMake install command with custom implementation using symlinks instead of copying resources
[0.935s] -- Found ament_lint_auto: 0.12.11 (/opt/ros/humble/share/ament_lint_auto/cmake)
[1.003s] -- Configuring done
[1.008s] -- Generating done
[1.009s] -- Build files have been written to: /gobilda_sim/ros_ws/build/ros_gz_example_description
[1.016s] Invoked command in '/gobilda_sim/ros_ws/build/ros_gz_example_description' returned '0': CMAKE_PREFIX_PATH=/opt/ros/humble /usr/bin/cmake /gobilda_sim/ros_ws/src/ros_gz_project/ros_gz_example_description -DAMENT_CMAKE_SYMLINK_INSTALL=1 -DCMAKE_INSTALL_PREFIX=/gobilda_sim/ros_ws/install/ros_gz_example_description
[1.018s] Invoking command in '/gobilda_sim/ros_ws/build/ros_gz_example_description': CMAKE_PREFIX_PATH=/opt/ros/humble /usr/bin/cmake --build /gobilda_sim/ros_ws/build/ros_gz_example_description -- -j16 -l16
[1.052s] Invoked command in '/gobilda_sim/ros_ws/build/ros_gz_example_description' returned '0': CMAKE_PREFIX_PATH=/opt/ros/humble /usr/bin/cmake --build /gobilda_sim/ros_ws/build/ros_gz_example_description -- -j16 -l16
[1.085s] Invoking command in '/gobilda_sim/ros_ws/build/ros_gz_example_description': CMAKE_PREFIX_PATH=/opt/ros/humble /usr/bin/cmake --install /gobilda_sim/ros_ws/build/ros_gz_example_description
[1.091s] -- Install configuration: ""
[1.091s] -- Execute custom install script
[1.095s] -- Symlinking: /gobilda_sim/ros_ws/install/ros_gz_example_description/share/ros_gz_example_description/models/diff_drive/model.config
[1.104s] -- Symlinking: /gobilda_sim/ros_ws/install/ros_gz_example_description/share/ros_gz_example_description/models/diff_drive/model.sdf
[1.112s] -- Symlinking: /gobilda_sim/ros_ws/install/ros_gz_example_description/share/ros_gz_example_description/environment/ros_gz_example_description.dsv
[1.119s] -- Symlinking: /gobilda_sim/ros_ws/install/ros_gz_example_description/share/ros_gz_example_description/environment/ros_gz_example_description.sh
[1.126s] -- Symlinking: /gobilda_sim/ros_ws/install/ros_gz_example_description/share/ament_index/resource_index/package_run_dependencies/ros_gz_example_description
[1.133s] -- Symlinking: /gobilda_sim/ros_ws/install/ros_gz_example_description/share/ament_index/resource_index/parent_prefix_path/ros_gz_example_description
[1.140s] -- Symlinking: /gobilda_sim/ros_ws/install/ros_gz_example_description/share/ros_gz_example_description/environment/ament_prefix_path.sh
[1.147s] -- Symlinking: /gobilda_sim/ros_ws/install/ros_gz_example_description/share/ros_gz_example_description/environment/ament_prefix_path.dsv
[1.154s] -- Symlinking: /gobilda_sim/ros_ws/install/ros_gz_example_description/share/ros_gz_example_description/environment/path.sh
[1.162s] -- Symlinking: /gobilda_sim/ros_ws/install/ros_gz_example_description/share/ros_gz_example_description/environment/path.dsv
[1.168s] -- Symlinking: /gobilda_sim/ros_ws/install/ros_gz_example_description/share/ros_gz_example_description/local_setup.bash
[1.175s] -- Symlinking: /gobilda_sim/ros_ws/install/ros_gz_example_description/share/ros_gz_example_description/local_setup.sh
[1.182s] -- Symlinking: /gobilda_sim/ros_ws/install/ros_gz_example_description/share/ros_gz_example_description/local_setup.zsh
[1.189s] -- Symlinking: /gobilda_sim/ros_ws/install/ros_gz_example_description/share/ros_gz_example_description/local_setup.dsv
[1.195s] -- Symlinking: /gobilda_sim/ros_ws/install/ros_gz_example_description/share/ros_gz_example_description/package.dsv
[1.201s] -- Symlinking: /gobilda_sim/ros_ws/install/ros_gz_example_description/share/ament_index/resource_index/packages/ros_gz_example_description
[1.209s] -- Symlinking: /gobilda_sim/ros_ws/install/ros_gz_example_description/share/ros_gz_example_description/cmake/ros_gz_example_descriptionConfig.cmake
[1.216s] -- Symlinking: /gobilda_sim/ros_ws/install/ros_gz_example_description/share/ros_gz_example_description/cmake/ros_gz_example_descriptionConfig-version.cmake
[1.223s] -- Symlinking: /gobilda_sim/ros_ws/install/ros_gz_example_description/share/ros_gz_example_description/package.xml
[1.232s] Invoked command in '/gobilda_sim/ros_ws/build/ros_gz_example_description' returned '0': CMAKE_PREFIX_PATH=/opt/ros/humble /usr/bin/cmake --install /gobilda_sim/ros_ws/build/ros_gz_example_description
