[1.235s] Invoking command in '/gobilda_sim/ros_ws/src/build/bump_and_go_lidar': PYTHONPATH=/gobilda_sim/ros_ws/src/build/bump_and_go_lidar/prefix_override:/usr/lib/python3/dist-packages/colcon_core/task/python/colcon_distutils_commands:/gobilda_sim/ros_ws/src/install/bump_and_go_lidar/lib/python3.10/site-packages:${PYTHONPATH} /usr/bin/python3 -W ignore:setup.py install is deprecated setup.py develop --editable --build-directory /gobilda_sim/ros_ws/src/build/bump_and_go_lidar/build --no-deps symlink_data
[1.671s] running develop
[1.672s] /usr/lib/python3/dist-packages/setuptools/command/easy_install.py:158: EasyInstallDeprecationWarning: easy_install command is deprecated. Use build and pip and other standards-based tools.
[1.672s]   warnings.warn(
[2.016s] running egg_info
[2.016s] creating bump_and_go_lidar.egg-info
[2.017s] writing bump_and_go_lidar.egg-info/PKG-INFO
[2.017s] writing dependency_links to bump_and_go_lidar.egg-info/dependency_links.txt
[2.054s] writing entry points to bump_and_go_lidar.egg-info/entry_points.txt
[2.060s] writing requirements to bump_and_go_lidar.egg-info/requires.txt
[2.060s] writing top-level names to bump_and_go_lidar.egg-info/top_level.txt
[2.061s] writing manifest file 'bump_and_go_lidar.egg-info/SOURCES.txt'
[2.063s] reading manifest file 'bump_and_go_lidar.egg-info/SOURCES.txt'
[2.065s] writing manifest file 'bump_and_go_lidar.egg-info/SOURCES.txt'
[2.068s] running build_ext
[2.068s] Creating /gobilda_sim/ros_ws/src/install/bump_and_go_lidar/lib/python3.10/site-packages/bump-and-go-lidar.egg-link (link to .)
[2.071s] Installing control_node script to /gobilda_sim/ros_ws/src/install/bump_and_go_lidar/lib/bump_and_go_lidar
[2.081s] 
[2.081s] Installed /gobilda_sim/ros_ws/src/build/bump_and_go_lidar
[2.081s] running symlink_data
[2.081s] creating /gobilda_sim/ros_ws/src/install/bump_and_go_lidar/share/ament_index
[2.082s] creating /gobilda_sim/ros_ws/src/install/bump_and_go_lidar/share/ament_index/resource_index
[2.082s] creating /gobilda_sim/ros_ws/src/install/bump_and_go_lidar/share/ament_index/resource_index/packages
[2.082s] symbolically linking /gobilda_sim/ros_ws/src/build/bump_and_go_lidar/resource/bump_and_go_lidar -> /gobilda_sim/ros_ws/src/install/bump_and_go_lidar/share/ament_index/resource_index/packages
[2.082s] symbolically linking /gobilda_sim/ros_ws/src/build/bump_and_go_lidar/package.xml -> /gobilda_sim/ros_ws/src/install/bump_and_go_lidar/share/bump_and_go_lidar
[2.294s] Invoked command in '/gobilda_sim/ros_ws/src/build/bump_and_go_lidar' returned '0': PYTHONPATH=/gobilda_sim/ros_ws/src/build/bump_and_go_lidar/prefix_override:/usr/lib/python3/dist-packages/colcon_core/task/python/colcon_distutils_commands:/gobilda_sim/ros_ws/src/install/bump_and_go_lidar/lib/python3.10/site-packages:${PYTHONPATH} /usr/bin/python3 -W ignore:setup.py install is deprecated setup.py develop --editable --build-directory /gobilda_sim/ros_ws/src/build/bump_and_go_lidar/build --no-deps symlink_data
