[0.026s] Invoking command in '/gobilda_sim/ros_ws/build/ros_gz_example_bringup': CMAKE_PREFIX_PATH=/gobilda_sim/ros_ws/install/ros_gz_example_gazebo:/gobilda_sim/ros_ws/install/ros_gz_example_description:/gobilda_sim/ros_ws/install/ros_gz_example_bringup:/opt/ros/humble:/gobilda_sim/ros_ws/install/bump_and_go_lidar IGN_GAZEBO_PLUGIN_PATH=/gobilda_sim/ros_ws/install/ros_gz_example_gazebo/lib/ros_gz_example_gazebo IGN_GAZEBO_RESOURCE_PATH=/gobilda_sim/ros_ws/install/ros_gz_example_description/share/ros_gz_example_description/models:${IGN_GAZEBO_RESOURCE_PATH} /usr/bin/cmake --build /gobilda_sim/ros_ws/build/ros_gz_example_bringup -- -j16 -l16
[0.128s] Invoked command in '/gobilda_sim/ros_ws/build/ros_gz_example_bringup' returned '0': CMAKE_PREFIX_PATH=/gobilda_sim/ros_ws/install/ros_gz_example_gazebo:/gobilda_sim/ros_ws/install/ros_gz_example_description:/gobilda_sim/ros_ws/install/ros_gz_example_bringup:/opt/ros/humble:/gobilda_sim/ros_ws/install/bump_and_go_lidar IGN_GAZEBO_PLUGIN_PATH=/gobilda_sim/ros_ws/install/ros_gz_example_gazebo/lib/ros_gz_example_gazebo IGN_GAZEBO_RESOURCE_PATH=/gobilda_sim/ros_ws/install/ros_gz_example_description/share/ros_gz_example_description/models:${IGN_GAZEBO_RESOURCE_PATH} /usr/bin/cmake --build /gobilda_sim/ros_ws/build/ros_gz_example_bringup -- -j16 -l16
[0.197s] Invoking command in '/gobilda_sim/ros_ws/build/ros_gz_example_bringup': CMAKE_PREFIX_PATH=/gobilda_sim/ros_ws/install/ros_gz_example_gazebo:/gobilda_sim/ros_ws/install/ros_gz_example_description:/gobilda_sim/ros_ws/install/ros_gz_example_bringup:/opt/ros/humble:/gobilda_sim/ros_ws/install/bump_and_go_lidar IGN_GAZEBO_PLUGIN_PATH=/gobilda_sim/ros_ws/install/ros_gz_example_gazebo/lib/ros_gz_example_gazebo IGN_GAZEBO_RESOURCE_PATH=/gobilda_sim/ros_ws/install/ros_gz_example_description/share/ros_gz_example_description/models:${IGN_GAZEBO_RESOURCE_PATH} /usr/bin/cmake --install /gobilda_sim/ros_ws/build/ros_gz_example_bringup
[0.209s] -- Install configuration: ""
[0.212s] -- Execute custom install script
[0.213s] -- Up-to-date symlink: /gobilda_sim/ros_ws/install/ros_gz_example_bringup/share/ros_gz_example_bringup/launch/diff_drive.launch.py
[0.214s] -- Up-to-date symlink: /gobilda_sim/ros_ws/install/ros_gz_example_bringup/share/ros_gz_example_bringup/config/diff_drive.rviz
[0.215s] -- Up-to-date symlink: /gobilda_sim/ros_ws/install/ros_gz_example_bringup/share/ros_gz_example_bringup/config/ros_gz_example_bridge.yaml
[0.215s] -- Up-to-date symlink: /gobilda_sim/ros_ws/install/ros_gz_example_bringup/share/ament_index/resource_index/package_run_dependencies/ros_gz_example_bringup
[0.216s] -- Up-to-date symlink: /gobilda_sim/ros_ws/install/ros_gz_example_bringup/share/ament_index/resource_index/parent_prefix_path/ros_gz_example_bringup
[0.216s] -- Up-to-date symlink: /gobilda_sim/ros_ws/install/ros_gz_example_bringup/share/ros_gz_example_bringup/environment/ament_prefix_path.sh
[0.217s] -- Up-to-date symlink: /gobilda_sim/ros_ws/install/ros_gz_example_bringup/share/ros_gz_example_bringup/environment/ament_prefix_path.dsv
[0.218s] -- Up-to-date symlink: /gobilda_sim/ros_ws/install/ros_gz_example_bringup/share/ros_gz_example_bringup/environment/path.sh
[0.221s] -- Up-to-date symlink: /gobilda_sim/ros_ws/install/ros_gz_example_bringup/share/ros_gz_example_bringup/environment/path.dsv
[0.222s] -- Up-to-date symlink: /gobilda_sim/ros_ws/install/ros_gz_example_bringup/share/ros_gz_example_bringup/local_setup.bash
[0.222s] -- Up-to-date symlink: /gobilda_sim/ros_ws/install/ros_gz_example_bringup/share/ros_gz_example_bringup/local_setup.sh
[0.222s] -- Up-to-date symlink: /gobilda_sim/ros_ws/install/ros_gz_example_bringup/share/ros_gz_example_bringup/local_setup.zsh
[0.222s] -- Up-to-date symlink: /gobilda_sim/ros_ws/install/ros_gz_example_bringup/share/ros_gz_example_bringup/local_setup.dsv
[0.222s] -- Symlinking: /gobilda_sim/ros_ws/install/ros_gz_example_bringup/share/ros_gz_example_bringup/package.dsv
[0.241s] -- Up-to-date symlink: /gobilda_sim/ros_ws/install/ros_gz_example_bringup/share/ament_index/resource_index/packages/ros_gz_example_bringup
[0.242s] -- Up-to-date symlink: /gobilda_sim/ros_ws/install/ros_gz_example_bringup/share/ros_gz_example_bringup/cmake/ros_gz_example_bringupConfig.cmake
[0.242s] -- Up-to-date symlink: /gobilda_sim/ros_ws/install/ros_gz_example_bringup/share/ros_gz_example_bringup/cmake/ros_gz_example_bringupConfig-version.cmake
[0.242s] -- Up-to-date symlink: /gobilda_sim/ros_ws/install/ros_gz_example_bringup/share/ros_gz_example_bringup/package.xml
[0.248s] Invoked command in '/gobilda_sim/ros_ws/build/ros_gz_example_bringup' returned '0': CMAKE_PREFIX_PATH=/gobilda_sim/ros_ws/install/ros_gz_example_gazebo:/gobilda_sim/ros_ws/install/ros_gz_example_description:/gobilda_sim/ros_ws/install/ros_gz_example_bringup:/opt/ros/humble:/gobilda_sim/ros_ws/install/bump_and_go_lidar IGN_GAZEBO_PLUGIN_PATH=/gobilda_sim/ros_ws/install/ros_gz_example_gazebo/lib/ros_gz_example_gazebo IGN_GAZEBO_RESOURCE_PATH=/gobilda_sim/ros_ws/install/ros_gz_example_description/share/ros_gz_example_description/models:${IGN_GAZEBO_RESOURCE_PATH} /usr/bin/cmake --install /gobilda_sim/ros_ws/build/ros_gz_example_bringup
