[0.025s] Invoking command in '/gobilda_sim/ros_ws/build/ros_gz_example_bringup': CMAKE_PREFIX_PATH=/gobilda_sim/ros_ws/install/ros_gz_example_gazebo:/gobilda_sim/ros_ws/install/ros_gz_example_description:/gobilda_sim/ros_ws/install/ros_gz_example_bringup:/opt/ros/humble:/gobilda_sim/ros_ws/install/bump_and_go_lidar IGN_GAZEBO_PLUGIN_PATH=/gobilda_sim/ros_ws/install/ros_gz_example_gazebo/lib/ros_gz_example_gazebo IGN_GAZEBO_RESOURCE_PATH=/gobilda_sim/ros_ws/install/ros_gz_example_description/share/ros_gz_example_description/models:${IGN_GAZEBO_RESOURCE_PATH} /usr/bin/cmake --build /gobilda_sim/ros_ws/build/ros_gz_example_bringup -- -j16 -l16
[0.093s] Invoked command in '/gobilda_sim/ros_ws/build/ros_gz_example_bringup' returned '0': CMAKE_PREFIX_PATH=/gobilda_sim/ros_ws/install/ros_gz_example_gazebo:/gobilda_sim/ros_ws/install/ros_gz_example_description:/gobilda_sim/ros_ws/install/ros_gz_example_bringup:/opt/ros/humble:/gobilda_sim/ros_ws/install/bump_and_go_lidar IGN_GAZEBO_PLUGIN_PATH=/gobilda_sim/ros_ws/install/ros_gz_example_gazebo/lib/ros_gz_example_gazebo IGN_GAZEBO_RESOURCE_PATH=/gobilda_sim/ros_ws/install/ros_gz_example_description/share/ros_gz_example_description/models:${IGN_GAZEBO_RESOURCE_PATH} /usr/bin/cmake --build /gobilda_sim/ros_ws/build/ros_gz_example_bringup -- -j16 -l16
[0.140s] Invoking command in '/gobilda_sim/ros_ws/build/ros_gz_example_bringup': CMAKE_PREFIX_PATH=/gobilda_sim/ros_ws/install/ros_gz_example_gazebo:/gobilda_sim/ros_ws/install/ros_gz_example_description:/gobilda_sim/ros_ws/install/ros_gz_example_bringup:/opt/ros/humble:/gobilda_sim/ros_ws/install/bump_and_go_lidar IGN_GAZEBO_PLUGIN_PATH=/gobilda_sim/ros_ws/install/ros_gz_example_gazebo/lib/ros_gz_example_gazebo IGN_GAZEBO_RESOURCE_PATH=/gobilda_sim/ros_ws/install/ros_gz_example_description/share/ros_gz_example_description/models:${IGN_GAZEBO_RESOURCE_PATH} /usr/bin/cmake --install /gobilda_sim/ros_ws/build/ros_gz_example_bringup
[0.157s] -- Install configuration: ""
[0.157s] -- Execute custom install script
[0.158s] -- Up-to-date symlink: /gobilda_sim/ros_ws/install/ros_gz_example_bringup/share/ros_gz_example_bringup/launch/diff_drive.launch.py
[0.158s] -- Up-to-date symlink: /gobilda_sim/ros_ws/install/ros_gz_example_bringup/share/ros_gz_example_bringup/config/diff_drive.rviz
[0.158s] -- Up-to-date symlink: /gobilda_sim/ros_ws/install/ros_gz_example_bringup/share/ros_gz_example_bringup/config/ros_gz_example_bridge.yaml
[0.158s] -- Up-to-date symlink: /gobilda_sim/ros_ws/install/ros_gz_example_bringup/share/ament_index/resource_index/package_run_dependencies/ros_gz_example_bringup
[0.158s] -- Up-to-date symlink: /gobilda_sim/ros_ws/install/ros_gz_example_bringup/share/ament_index/resource_index/parent_prefix_path/ros_gz_example_bringup
[0.158s] -- Up-to-date symlink: /gobilda_sim/ros_ws/install/ros_gz_example_bringup/share/ros_gz_example_bringup/environment/ament_prefix_path.sh
[0.158s] -- Up-to-date symlink: /gobilda_sim/ros_ws/install/ros_gz_example_bringup/share/ros_gz_example_bringup/environment/ament_prefix_path.dsv
[0.158s] -- Up-to-date symlink: /gobilda_sim/ros_ws/install/ros_gz_example_bringup/share/ros_gz_example_bringup/environment/path.sh
[0.158s] -- Up-to-date symlink: /gobilda_sim/ros_ws/install/ros_gz_example_bringup/share/ros_gz_example_bringup/environment/path.dsv
[0.158s] -- Up-to-date symlink: /gobilda_sim/ros_ws/install/ros_gz_example_bringup/share/ros_gz_example_bringup/local_setup.bash
[0.159s] -- Up-to-date symlink: /gobilda_sim/ros_ws/install/ros_gz_example_bringup/share/ros_gz_example_bringup/local_setup.sh
[0.159s] -- Up-to-date symlink: /gobilda_sim/ros_ws/install/ros_gz_example_bringup/share/ros_gz_example_bringup/local_setup.zsh
[0.159s] -- Up-to-date symlink: /gobilda_sim/ros_ws/install/ros_gz_example_bringup/share/ros_gz_example_bringup/local_setup.dsv
[0.159s] -- Symlinking: /gobilda_sim/ros_ws/install/ros_gz_example_bringup/share/ros_gz_example_bringup/package.dsv
[0.169s] -- Up-to-date symlink: /gobilda_sim/ros_ws/install/ros_gz_example_bringup/share/ament_index/resource_index/packages/ros_gz_example_bringup
[0.170s] -- Up-to-date symlink: /gobilda_sim/ros_ws/install/ros_gz_example_bringup/share/ros_gz_example_bringup/cmake/ros_gz_example_bringupConfig.cmake
[0.176s] -- Up-to-date symlink: /gobilda_sim/ros_ws/install/ros_gz_example_bringup/share/ros_gz_example_bringup/cmake/ros_gz_example_bringupConfig-version.cmake
[0.177s] -- Up-to-date symlink: /gobilda_sim/ros_ws/install/ros_gz_example_bringup/share/ros_gz_example_bringup/package.xml
[0.183s] Invoked command in '/gobilda_sim/ros_ws/build/ros_gz_example_bringup' returned '0': CMAKE_PREFIX_PATH=/gobilda_sim/ros_ws/install/ros_gz_example_gazebo:/gobilda_sim/ros_ws/install/ros_gz_example_description:/gobilda_sim/ros_ws/install/ros_gz_example_bringup:/opt/ros/humble:/gobilda_sim/ros_ws/install/bump_and_go_lidar IGN_GAZEBO_PLUGIN_PATH=/gobilda_sim/ros_ws/install/ros_gz_example_gazebo/lib/ros_gz_example_gazebo IGN_GAZEBO_RESOURCE_PATH=/gobilda_sim/ros_ws/install/ros_gz_example_description/share/ros_gz_example_description/models:${IGN_GAZEBO_RESOURCE_PATH} /usr/bin/cmake --install /gobilda_sim/ros_ws/build/ros_gz_example_bringup
