[0.077s] Invoking command in '/gobilda_sim/ros_ws/src/build/ros_gz_example_description': CMAKE_PREFIX_PATH=${CMAKE_PREFIX_PATH}:/gobilda_sim/ros_ws/install/bump_and_go_lidar:/opt/ros/humble /usr/bin/cmake /gobilda_sim/ros_ws/src/ros_gz_project/ros_gz_example_description -DAMENT_CMAKE_SYMLINK_INSTALL=1 -DCMAKE_INSTALL_PREFIX=/gobilda_sim/ros_ws/src/install/ros_gz_example_description
[0.525s] -- The C compiler identification is GNU 11.4.0
[0.785s] -- The CXX compiler identification is GNU 11.4.0
[0.820s] -- Detecting C compiler ABI info
[0.970s] -- Detecting C compiler ABI info - done
[0.981s] -- Check for working C compiler: /usr/bin/cc - skipped
[0.984s] -- Detecting C compile features
[0.986s] -- Detecting C compile features - done
[0.993s] -- Detecting CXX compiler ABI info
[1.133s] -- Detecting CXX compiler ABI info - done
[1.142s] -- Check for working CXX compiler: /usr/bin/c++ - skipped
[1.142s] -- Detecting CXX compile features
[1.143s] -- Detecting CXX compile features - done
[1.175s] -- Found ament_cmake: 1.3.10 (/opt/ros/humble/share/ament_cmake/cmake)
[1.449s] -- Found Python3: /usr/bin/python3 (found version "3.10.12") found components: Interpreter 
[1.592s] -- Override CMake install command with custom implementation using symlinks instead of copying resources
[1.706s] -- Found ament_lint_auto: 0.12.11 (/opt/ros/humble/share/ament_lint_auto/cmake)
[1.844s] -- Configuring done
[1.852s] -- Generating done
[1.854s] -- Build files have been written to: /gobilda_sim/ros_ws/src/build/ros_gz_example_description
[1.863s] Invoked command in '/gobilda_sim/ros_ws/src/build/ros_gz_example_description' returned '0': CMAKE_PREFIX_PATH=${CMAKE_PREFIX_PATH}:/gobilda_sim/ros_ws/install/bump_and_go_lidar:/opt/ros/humble /usr/bin/cmake /gobilda_sim/ros_ws/src/ros_gz_project/ros_gz_example_description -DAMENT_CMAKE_SYMLINK_INSTALL=1 -DCMAKE_INSTALL_PREFIX=/gobilda_sim/ros_ws/src/install/ros_gz_example_description
[1.869s] Invoking command in '/gobilda_sim/ros_ws/src/build/ros_gz_example_description': CMAKE_PREFIX_PATH=${CMAKE_PREFIX_PATH}:/gobilda_sim/ros_ws/install/bump_and_go_lidar:/opt/ros/humble /usr/bin/cmake --build /gobilda_sim/ros_ws/src/build/ros_gz_example_description -- -j16 -l16
[1.970s] Invoked command in '/gobilda_sim/ros_ws/src/build/ros_gz_example_description' returned '0': CMAKE_PREFIX_PATH=${CMAKE_PREFIX_PATH}:/gobilda_sim/ros_ws/install/bump_and_go_lidar:/opt/ros/humble /usr/bin/cmake --build /gobilda_sim/ros_ws/src/build/ros_gz_example_description -- -j16 -l16
[2.122s] Invoking command in '/gobilda_sim/ros_ws/src/build/ros_gz_example_description': CMAKE_PREFIX_PATH=${CMAKE_PREFIX_PATH}:/gobilda_sim/ros_ws/install/bump_and_go_lidar:/opt/ros/humble /usr/bin/cmake --install /gobilda_sim/ros_ws/src/build/ros_gz_example_description
[2.139s] -- Install configuration: ""
[2.141s] -- Execute custom install script
[2.146s] -- Symlinking: /gobilda_sim/ros_ws/src/install/ros_gz_example_description/share/ros_gz_example_description/models/diff_drive/model.config
[2.167s] -- Symlinking: /gobilda_sim/ros_ws/src/install/ros_gz_example_description/share/ros_gz_example_description/models/diff_drive/model.sdf
[2.206s] -- Symlinking: /gobilda_sim/ros_ws/src/install/ros_gz_example_description/share/ros_gz_example_description/environment/ros_gz_example_description.dsv
[2.235s] -- Symlinking: /gobilda_sim/ros_ws/src/install/ros_gz_example_description/share/ros_gz_example_description/environment/ros_gz_example_description.sh
[2.260s] -- Symlinking: /gobilda_sim/ros_ws/src/install/ros_gz_example_description/share/ament_index/resource_index/package_run_dependencies/ros_gz_example_description
[2.318s] -- Symlinking: /gobilda_sim/ros_ws/src/install/ros_gz_example_description/share/ament_index/resource_index/parent_prefix_path/ros_gz_example_description
[2.361s] -- Symlinking: /gobilda_sim/ros_ws/src/install/ros_gz_example_description/share/ros_gz_example_description/environment/ament_prefix_path.sh
[2.392s] -- Symlinking: /gobilda_sim/ros_ws/src/install/ros_gz_example_description/share/ros_gz_example_description/environment/ament_prefix_path.dsv
[2.416s] -- Symlinking: /gobilda_sim/ros_ws/src/install/ros_gz_example_description/share/ros_gz_example_description/environment/path.sh
[2.449s] -- Symlinking: /gobilda_sim/ros_ws/src/install/ros_gz_example_description/share/ros_gz_example_description/environment/path.dsv
[2.470s] -- Symlinking: /gobilda_sim/ros_ws/src/install/ros_gz_example_description/share/ros_gz_example_description/local_setup.bash
[2.495s] -- Symlinking: /gobilda_sim/ros_ws/src/install/ros_gz_example_description/share/ros_gz_example_description/local_setup.sh
[2.518s] -- Symlinking: /gobilda_sim/ros_ws/src/install/ros_gz_example_description/share/ros_gz_example_description/local_setup.zsh
[2.543s] -- Symlinking: /gobilda_sim/ros_ws/src/install/ros_gz_example_description/share/ros_gz_example_description/local_setup.dsv
[2.565s] -- Symlinking: /gobilda_sim/ros_ws/src/install/ros_gz_example_description/share/ros_gz_example_description/package.dsv
[2.625s] -- Symlinking: /gobilda_sim/ros_ws/src/install/ros_gz_example_description/share/ament_index/resource_index/packages/ros_gz_example_description
[2.664s] -- Symlinking: /gobilda_sim/ros_ws/src/install/ros_gz_example_description/share/ros_gz_example_description/cmake/ros_gz_example_descriptionConfig.cmake
[2.687s] -- Symlinking: /gobilda_sim/ros_ws/src/install/ros_gz_example_description/share/ros_gz_example_description/cmake/ros_gz_example_descriptionConfig-version.cmake
[2.705s] -- Symlinking: /gobilda_sim/ros_ws/src/install/ros_gz_example_description/share/ros_gz_example_description/package.xml
[2.749s] Invoked command in '/gobilda_sim/ros_ws/src/build/ros_gz_example_description' returned '0': CMAKE_PREFIX_PATH=${CMAKE_PREFIX_PATH}:/gobilda_sim/ros_ws/install/bump_and_go_lidar:/opt/ros/humble /usr/bin/cmake --install /gobilda_sim/ros_ws/src/build/ros_gz_example_description
