[0.026s] Invoking command in '/gobilda_sim/ros_ws/build/ros_gz_example_gazebo': CMAKE_PREFIX_PATH=/gobilda_sim/ros_ws/install/ros_gz_example_description:/gobilda_sim/ros_ws/install/ros_gz_example_bringup:/gobilda_sim/ros_ws/install/ros_gz_example_gazebo:/opt/ros/humble:/gobilda_sim/ros_ws/install/bump_and_go_lidar IGN_GAZEBO_RESOURCE_PATH=/gobilda_sim/ros_ws/install/ros_gz_example_description/share/ros_gz_example_description/models:${IGN_GAZEBO_RESOURCE_PATH} /usr/bin/cmake --build /gobilda_sim/ros_ws/build/ros_gz_example_gazebo -- -j16 -l16
[0.131s] [100%] Built target BasicSystem
[0.131s] [100%] Built target FullSystem
[0.157s] Invoked command in '/gobilda_sim/ros_ws/build/ros_gz_example_gazebo' returned '0': CMAKE_PREFIX_PATH=/gobilda_sim/ros_ws/install/ros_gz_example_description:/gobilda_sim/ros_ws/install/ros_gz_example_bringup:/gobilda_sim/ros_ws/install/ros_gz_example_gazebo:/opt/ros/humble:/gobilda_sim/ros_ws/install/bump_and_go_lidar IGN_GAZEBO_RESOURCE_PATH=/gobilda_sim/ros_ws/install/ros_gz_example_description/share/ros_gz_example_description/models:${IGN_GAZEBO_RESOURCE_PATH} /usr/bin/cmake --build /gobilda_sim/ros_ws/build/ros_gz_example_gazebo -- -j16 -l16
[0.217s] Invoking command in '/gobilda_sim/ros_ws/build/ros_gz_example_gazebo': CMAKE_PREFIX_PATH=/gobilda_sim/ros_ws/install/ros_gz_example_description:/gobilda_sim/ros_ws/install/ros_gz_example_bringup:/gobilda_sim/ros_ws/install/ros_gz_example_gazebo:/opt/ros/humble:/gobilda_sim/ros_ws/install/bump_and_go_lidar IGN_GAZEBO_RESOURCE_PATH=/gobilda_sim/ros_ws/install/ros_gz_example_description/share/ros_gz_example_description/models:${IGN_GAZEBO_RESOURCE_PATH} /usr/bin/cmake --install /gobilda_sim/ros_ws/build/ros_gz_example_gazebo
[0.227s] -- Install configuration: ""
[0.228s] -- Execute custom install script
[0.229s] -- Up-to-date symlink: /gobilda_sim/ros_ws/install/ros_gz_example_gazebo/lib/ros_gz_example_gazebo/libBasicSystem.so
[0.229s] -- Up-to-date symlink: /gobilda_sim/ros_ws/install/ros_gz_example_gazebo/lib/ros_gz_example_gazebo/libFullSystem.so
[0.230s] -- Up-to-date symlink: /gobilda_sim/ros_ws/install/ros_gz_example_gazebo/share/ros_gz_example_gazebo/worlds/diff_drive.sdf
[0.230s] -- Up-to-date symlink: /gobilda_sim/ros_ws/install/ros_gz_example_gazebo/share/ros_gz_example_gazebo/environment/ros_gz_example_gazebo.dsv
[0.230s] -- Up-to-date symlink: /gobilda_sim/ros_ws/install/ros_gz_example_gazebo/share/ros_gz_example_gazebo/environment/ros_gz_example_gazebo.sh
[0.231s] -- Up-to-date symlink: /gobilda_sim/ros_ws/install/ros_gz_example_gazebo/share/ament_index/resource_index/package_run_dependencies/ros_gz_example_gazebo
[0.231s] -- Up-to-date symlink: /gobilda_sim/ros_ws/install/ros_gz_example_gazebo/share/ament_index/resource_index/parent_prefix_path/ros_gz_example_gazebo
[0.231s] -- Up-to-date symlink: /gobilda_sim/ros_ws/install/ros_gz_example_gazebo/share/ros_gz_example_gazebo/environment/ament_prefix_path.sh
[0.232s] -- Up-to-date symlink: /gobilda_sim/ros_ws/install/ros_gz_example_gazebo/share/ros_gz_example_gazebo/environment/ament_prefix_path.dsv
[0.232s] -- Up-to-date symlink: /gobilda_sim/ros_ws/install/ros_gz_example_gazebo/share/ros_gz_example_gazebo/environment/path.sh
[0.232s] -- Up-to-date symlink: /gobilda_sim/ros_ws/install/ros_gz_example_gazebo/share/ros_gz_example_gazebo/environment/path.dsv
[0.233s] -- Up-to-date symlink: /gobilda_sim/ros_ws/install/ros_gz_example_gazebo/share/ros_gz_example_gazebo/local_setup.bash
[0.233s] -- Up-to-date symlink: /gobilda_sim/ros_ws/install/ros_gz_example_gazebo/share/ros_gz_example_gazebo/local_setup.sh
[0.234s] -- Up-to-date symlink: /gobilda_sim/ros_ws/install/ros_gz_example_gazebo/share/ros_gz_example_gazebo/local_setup.zsh
[0.236s] -- Up-to-date symlink: /gobilda_sim/ros_ws/install/ros_gz_example_gazebo/share/ros_gz_example_gazebo/local_setup.dsv
[0.237s] -- Symlinking: /gobilda_sim/ros_ws/install/ros_gz_example_gazebo/share/ros_gz_example_gazebo/package.dsv
[0.252s] -- Up-to-date symlink: /gobilda_sim/ros_ws/install/ros_gz_example_gazebo/share/ament_index/resource_index/packages/ros_gz_example_gazebo
[0.253s] -- Up-to-date symlink: /gobilda_sim/ros_ws/install/ros_gz_example_gazebo/share/ros_gz_example_gazebo/cmake/ros_gz_example_gazeboConfig.cmake
[0.253s] -- Up-to-date symlink: /gobilda_sim/ros_ws/install/ros_gz_example_gazebo/share/ros_gz_example_gazebo/cmake/ros_gz_example_gazeboConfig-version.cmake
[0.253s] -- Up-to-date symlink: /gobilda_sim/ros_ws/install/ros_gz_example_gazebo/share/ros_gz_example_gazebo/package.xml
[0.257s] Invoked command in '/gobilda_sim/ros_ws/build/ros_gz_example_gazebo' returned '0': CMAKE_PREFIX_PATH=/gobilda_sim/ros_ws/install/ros_gz_example_description:/gobilda_sim/ros_ws/install/ros_gz_example_bringup:/gobilda_sim/ros_ws/install/ros_gz_example_gazebo:/opt/ros/humble:/gobilda_sim/ros_ws/install/bump_and_go_lidar IGN_GAZEBO_RESOURCE_PATH=/gobilda_sim/ros_ws/install/ros_gz_example_description/share/ros_gz_example_description/models:${IGN_GAZEBO_RESOURCE_PATH} /usr/bin/cmake --install /gobilda_sim/ros_ws/build/ros_gz_example_gazebo
