[0.497s] Invoking command in '/gobilda_sim/ros_ws/build/bump_and_go_lidar': PYTHONPATH=/gobilda_sim/ros_ws/build/bump_and_go_lidar/prefix_override:/usr/lib/python3/dist-packages/colcon_core/task/python/colcon_distutils_commands:/gobilda_sim/ros_ws/install/bump_and_go_lidar/lib/python3.10/site-packages: /usr/bin/python3 -W ignore:setup.py install is deprecated setup.py develop --editable --build-directory /gobilda_sim/ros_ws/build/bump_and_go_lidar/build --no-deps symlink_data
[0.720s] running develop
[0.722s] /usr/lib/python3/dist-packages/setuptools/command/easy_install.py:158: EasyInstallDeprecationWarning: easy_install command is deprecated. Use build and pip and other standards-based tools.
[0.722s]   warnings.warn(
[0.784s] running egg_info
[0.784s] creating bump_and_go_lidar.egg-info
[0.785s] writing bump_and_go_lidar.egg-info/PKG-INFO
[0.785s] writing dependency_links to bump_and_go_lidar.egg-info/dependency_links.txt
[0.785s] writing entry points to bump_and_go_lidar.egg-info/entry_points.txt
[0.785s] writing requirements to bump_and_go_lidar.egg-info/requires.txt
[0.785s] writing top-level names to bump_and_go_lidar.egg-info/top_level.txt
[0.785s] writing manifest file 'bump_and_go_lidar.egg-info/SOURCES.txt'
[0.787s] reading manifest file 'bump_and_go_lidar.egg-info/SOURCES.txt'
[0.787s] writing manifest file 'bump_and_go_lidar.egg-info/SOURCES.txt'
[0.790s] running build_ext
[0.790s] Creating /gobilda_sim/ros_ws/install/bump_and_go_lidar/lib/python3.10/site-packages/bump-and-go-lidar.egg-link (link to .)
[0.791s] 
[0.791s] Installed /gobilda_sim/ros_ws/build/bump_and_go_lidar
[0.791s] running symlink_data
[0.791s] creating /gobilda_sim/ros_ws/install/bump_and_go_lidar/share/ament_index
[0.792s] creating /gobilda_sim/ros_ws/install/bump_and_go_lidar/share/ament_index/resource_index
[0.792s] creating /gobilda_sim/ros_ws/install/bump_and_go_lidar/share/ament_index/resource_index/packages
[0.792s] symbolically linking /gobilda_sim/ros_ws/build/bump_and_go_lidar/resource/bump_and_go_lidar -> /gobilda_sim/ros_ws/install/bump_and_go_lidar/share/ament_index/resource_index/packages
[0.792s] symbolically linking /gobilda_sim/ros_ws/build/bump_and_go_lidar/package.xml -> /gobilda_sim/ros_ws/install/bump_and_go_lidar/share/bump_and_go_lidar
[0.815s] Invoked command in '/gobilda_sim/ros_ws/build/bump_and_go_lidar' returned '0': PYTHONPATH=/gobilda_sim/ros_ws/build/bump_and_go_lidar/prefix_override:/usr/lib/python3/dist-packages/colcon_core/task/python/colcon_distutils_commands:/gobilda_sim/ros_ws/install/bump_and_go_lidar/lib/python3.10/site-packages: /usr/bin/python3 -W ignore:setup.py install is deprecated setup.py develop --editable --build-directory /gobilda_sim/ros_ws/build/bump_and_go_lidar/build --no-deps symlink_data
