[0.044s] Invoking command in '/gobilda_sim/ros_ws/build/ros_gz_example_description': CMAKE_PREFIX_PATH=${CMAKE_PREFIX_PATH}:/gobilda_sim/ros_ws/install/bump_and_go_lidar:/opt/ros/humble /usr/bin/cmake --build /gobilda_sim/ros_ws/build/ros_gz_example_description -- -j16 -l16
[0.493s] Invoked command in '/gobilda_sim/ros_ws/build/ros_gz_example_description' returned '0': CMAKE_PREFIX_PATH=${CMAKE_PREFIX_PATH}:/gobilda_sim/ros_ws/install/bump_and_go_lidar:/opt/ros/humble /usr/bin/cmake --build /gobilda_sim/ros_ws/build/ros_gz_example_description -- -j16 -l16
[0.583s] Invoking command in '/gobilda_sim/ros_ws/build/ros_gz_example_description': CMAKE_PREFIX_PATH=${CMAKE_PREFIX_PATH}:/gobilda_sim/ros_ws/install/bump_and_go_lidar:/opt/ros/humble /usr/bin/cmake --install /gobilda_sim/ros_ws/build/ros_gz_example_description
[0.593s] -- Install configuration: ""
[0.594s] -- Execute custom install script
[0.597s] -- Up-to-date symlink: /gobilda_sim/ros_ws/install/ros_gz_example_description/share/ros_gz_example_description/models/diff_drive/model.config
[0.598s] -- Up-to-date symlink: /gobilda_sim/ros_ws/install/ros_gz_example_description/share/ros_gz_example_description/models/diff_drive/model.sdf
[0.598s] -- Up-to-date symlink: /gobilda_sim/ros_ws/install/ros_gz_example_description/share/ros_gz_example_description/environment/ros_gz_example_description.dsv
[0.599s] -- Up-to-date symlink: /gobilda_sim/ros_ws/install/ros_gz_example_description/share/ros_gz_example_description/environment/ros_gz_example_description.sh
[0.600s] -- Up-to-date symlink: /gobilda_sim/ros_ws/install/ros_gz_example_description/share/ament_index/resource_index/package_run_dependencies/ros_gz_example_description
[0.600s] -- Up-to-date symlink: /gobilda_sim/ros_ws/install/ros_gz_example_description/share/ament_index/resource_index/parent_prefix_path/ros_gz_example_description
[0.601s] -- Up-to-date symlink: /gobilda_sim/ros_ws/install/ros_gz_example_description/share/ros_gz_example_description/environment/ament_prefix_path.sh
[0.601s] -- Up-to-date symlink: /gobilda_sim/ros_ws/install/ros_gz_example_description/share/ros_gz_example_description/environment/ament_prefix_path.dsv
[0.601s] -- Up-to-date symlink: /gobilda_sim/ros_ws/install/ros_gz_example_description/share/ros_gz_example_description/environment/path.sh
[0.602s] -- Up-to-date symlink: /gobilda_sim/ros_ws/install/ros_gz_example_description/share/ros_gz_example_description/environment/path.dsv
[0.602s] -- Up-to-date symlink: /gobilda_sim/ros_ws/install/ros_gz_example_description/share/ros_gz_example_description/local_setup.bash
[0.603s] -- Up-to-date symlink: /gobilda_sim/ros_ws/install/ros_gz_example_description/share/ros_gz_example_description/local_setup.sh
[0.603s] -- Up-to-date symlink: /gobilda_sim/ros_ws/install/ros_gz_example_description/share/ros_gz_example_description/local_setup.zsh
[0.607s] -- Up-to-date symlink: /gobilda_sim/ros_ws/install/ros_gz_example_description/share/ros_gz_example_description/local_setup.dsv
[0.607s] -- Symlinking: /gobilda_sim/ros_ws/install/ros_gz_example_description/share/ros_gz_example_description/package.dsv
[0.632s] -- Up-to-date symlink: /gobilda_sim/ros_ws/install/ros_gz_example_description/share/ament_index/resource_index/packages/ros_gz_example_description
[0.633s] -- Up-to-date symlink: /gobilda_sim/ros_ws/install/ros_gz_example_description/share/ros_gz_example_description/cmake/ros_gz_example_descriptionConfig.cmake
[0.634s] -- Up-to-date symlink: /gobilda_sim/ros_ws/install/ros_gz_example_description/share/ros_gz_example_description/cmake/ros_gz_example_descriptionConfig-version.cmake
[0.634s] -- Up-to-date symlink: /gobilda_sim/ros_ws/install/ros_gz_example_description/share/ros_gz_example_description/package.xml
[0.639s] Invoked command in '/gobilda_sim/ros_ws/build/ros_gz_example_description' returned '0': CMAKE_PREFIX_PATH=${CMAKE_PREFIX_PATH}:/gobilda_sim/ros_ws/install/bump_and_go_lidar:/opt/ros/humble /usr/bin/cmake --install /gobilda_sim/ros_ws/build/ros_gz_example_description
