[0.048s] Invoking command in '/gobilda_sim/ros_ws/build/ros_gz_example_gazebo': CMAKE_PREFIX_PATH=/gobilda_sim/ros_ws/install/ros_gz_example_description:/gobilda_sim/ros_ws/install/ros_gz_example_bringup:/gobilda_sim/ros_ws/install/ros_gz_example_gazebo:/opt/ros/humble:/gobilda_sim/ros_ws/install/bump_and_go_lidar IGN_GAZEBO_RESOURCE_PATH=/gobilda_sim/ros_ws/install/ros_gz_example_description/share/ros_gz_example_description/models:${IGN_GAZEBO_RESOURCE_PATH} /usr/bin/cmake --build /gobilda_sim/ros_ws/build/ros_gz_example_gazebo -- -j16 -l16
[0.218s] [100%] Built target FullSystem
[0.219s] [100%] Built target BasicSystem
[0.246s] Invoked command in '/gobilda_sim/ros_ws/build/ros_gz_example_gazebo' returned '0': CMAKE_PREFIX_PATH=/gobilda_sim/ros_ws/install/ros_gz_example_description:/gobilda_sim/ros_ws/install/ros_gz_example_bringup:/gobilda_sim/ros_ws/install/ros_gz_example_gazebo:/opt/ros/humble:/gobilda_sim/ros_ws/install/bump_and_go_lidar IGN_GAZEBO_RESOURCE_PATH=/gobilda_sim/ros_ws/install/ros_gz_example_description/share/ros_gz_example_description/models:${IGN_GAZEBO_RESOURCE_PATH} /usr/bin/cmake --build /gobilda_sim/ros_ws/build/ros_gz_example_gazebo -- -j16 -l16
[0.349s] Invoking command in '/gobilda_sim/ros_ws/build/ros_gz_example_gazebo': CMAKE_PREFIX_PATH=/gobilda_sim/ros_ws/install/ros_gz_example_description:/gobilda_sim/ros_ws/install/ros_gz_example_bringup:/gobilda_sim/ros_ws/install/ros_gz_example_gazebo:/opt/ros/humble:/gobilda_sim/ros_ws/install/bump_and_go_lidar IGN_GAZEBO_RESOURCE_PATH=/gobilda_sim/ros_ws/install/ros_gz_example_description/share/ros_gz_example_description/models:${IGN_GAZEBO_RESOURCE_PATH} /usr/bin/cmake --install /gobilda_sim/ros_ws/build/ros_gz_example_gazebo
[0.367s] -- Install configuration: ""
[0.370s] -- Execute custom install script
[0.388s] -- Up-to-date symlink: /gobilda_sim/ros_ws/install/ros_gz_example_gazebo/lib/ros_gz_example_gazebo/libBasicSystem.so
[0.388s] -- Up-to-date symlink: /gobilda_sim/ros_ws/install/ros_gz_example_gazebo/lib/ros_gz_example_gazebo/libFullSystem.so
[0.388s] -- Up-to-date symlink: /gobilda_sim/ros_ws/install/ros_gz_example_gazebo/share/ros_gz_example_gazebo/worlds/diff_drive.sdf
[0.388s] -- Up-to-date symlink: /gobilda_sim/ros_ws/install/ros_gz_example_gazebo/share/ros_gz_example_gazebo/environment/ros_gz_example_gazebo.dsv
[0.389s] -- Up-to-date symlink: /gobilda_sim/ros_ws/install/ros_gz_example_gazebo/share/ros_gz_example_gazebo/environment/ros_gz_example_gazebo.sh
[0.389s] -- Up-to-date symlink: /gobilda_sim/ros_ws/install/ros_gz_example_gazebo/share/ament_index/resource_index/package_run_dependencies/ros_gz_example_gazebo
[0.389s] -- Up-to-date symlink: /gobilda_sim/ros_ws/install/ros_gz_example_gazebo/share/ament_index/resource_index/parent_prefix_path/ros_gz_example_gazebo
[0.389s] -- Up-to-date symlink: /gobilda_sim/ros_ws/install/ros_gz_example_gazebo/share/ros_gz_example_gazebo/environment/ament_prefix_path.sh
[0.389s] -- Up-to-date symlink: /gobilda_sim/ros_ws/install/ros_gz_example_gazebo/share/ros_gz_example_gazebo/environment/ament_prefix_path.dsv
[0.389s] -- Up-to-date symlink: /gobilda_sim/ros_ws/install/ros_gz_example_gazebo/share/ros_gz_example_gazebo/environment/path.sh
[0.389s] -- Up-to-date symlink: /gobilda_sim/ros_ws/install/ros_gz_example_gazebo/share/ros_gz_example_gazebo/environment/path.dsv
[0.389s] -- Up-to-date symlink: /gobilda_sim/ros_ws/install/ros_gz_example_gazebo/share/ros_gz_example_gazebo/local_setup.bash
[0.390s] -- Up-to-date symlink: /gobilda_sim/ros_ws/install/ros_gz_example_gazebo/share/ros_gz_example_gazebo/local_setup.sh
[0.390s] -- Up-to-date symlink: /gobilda_sim/ros_ws/install/ros_gz_example_gazebo/share/ros_gz_example_gazebo/local_setup.zsh
[0.390s] -- Up-to-date symlink: /gobilda_sim/ros_ws/install/ros_gz_example_gazebo/share/ros_gz_example_gazebo/local_setup.dsv
[0.390s] -- Symlinking: /gobilda_sim/ros_ws/install/ros_gz_example_gazebo/share/ros_gz_example_gazebo/package.dsv
[0.399s] -- Up-to-date symlink: /gobilda_sim/ros_ws/install/ros_gz_example_gazebo/share/ament_index/resource_index/packages/ros_gz_example_gazebo
[0.400s] -- Up-to-date symlink: /gobilda_sim/ros_ws/install/ros_gz_example_gazebo/share/ros_gz_example_gazebo/cmake/ros_gz_example_gazeboConfig.cmake
[0.401s] -- Up-to-date symlink: /gobilda_sim/ros_ws/install/ros_gz_example_gazebo/share/ros_gz_example_gazebo/cmake/ros_gz_example_gazeboConfig-version.cmake
[0.401s] -- Up-to-date symlink: /gobilda_sim/ros_ws/install/ros_gz_example_gazebo/share/ros_gz_example_gazebo/package.xml
[0.405s] Invoked command in '/gobilda_sim/ros_ws/build/ros_gz_example_gazebo' returned '0': CMAKE_PREFIX_PATH=/gobilda_sim/ros_ws/install/ros_gz_example_description:/gobilda_sim/ros_ws/install/ros_gz_example_bringup:/gobilda_sim/ros_ws/install/ros_gz_example_gazebo:/opt/ros/humble:/gobilda_sim/ros_ws/install/bump_and_go_lidar IGN_GAZEBO_RESOURCE_PATH=/gobilda_sim/ros_ws/install/ros_gz_example_description/share/ros_gz_example_description/models:${IGN_GAZEBO_RESOURCE_PATH} /usr/bin/cmake --install /gobilda_sim/ros_ws/build/ros_gz_example_gazebo
