[0.022s] Invoking command in '/gobilda_sim/ros_ws/src/build/ros_gz_example_gazebo': AMENT_PREFIX_PATH=/gobilda_sim/ros_ws/src/install/ros_gz_example_description:${AMENT_PREFIX_PATH} CMAKE_PREFIX_PATH=/gobilda_sim/ros_ws/src/install/ros_gz_example_description:/gobilda_sim/ros_ws/install/ros_gz_example_bringup:/gobilda_sim/ros_ws/install/ros_gz_example_gazebo:/gobilda_sim/ros_ws/install/ros_gz_example_description:/gobilda_sim/ros_ws/install/bump_and_go_lidar:/opt/ros/humble IGN_GAZEBO_RESOURCE_PATH=/gobilda_sim/ros_ws/src/install/ros_gz_example_description/share/ros_gz_example_description/models:${IGN_GAZEBO_RESOURCE_PATH} /usr/bin/cmake /gobilda_sim/ros_ws/src/ros_gz_project/ros_gz_example_gazebo -DAMENT_CMAKE_SYMLINK_INSTALL=1 -DCMAKE_INSTALL_PREFIX=/gobilda_sim/ros_ws/src/install/ros_gz_example_gazebo
[0.160s] -- The C compiler identification is GNU 11.4.0
[0.284s] -- The CXX compiler identification is GNU 11.4.0
[0.295s] -- Detecting C compiler ABI info
[0.444s] -- Detecting C compiler ABI info - done
[0.456s] -- Check for working C compiler: /usr/bin/cc - skipped
[0.457s] -- Detecting C compile features
[0.458s] -- Detecting C compile features - done
[0.465s] -- Detecting CXX compiler ABI info
[0.617s] -- Detecting CXX compiler ABI info - done
[0.630s] -- Check for working CXX compiler: /usr/bin/c++ - skipped
[0.630s] -- Detecting CXX compile features
[0.631s] -- Detecting CXX compile features - done
[0.637s] -- Found ament_cmake: 1.3.10 (/opt/ros/humble/share/ament_cmake/cmake)
[0.888s] -- Found Python3: /usr/bin/python3 (found version "3.10.12") found components: Interpreter 
[1.000s] -- Override CMake install command with custom implementation using symlinks instead of copying resources
[1.047s] -- Found ros_gz_example_description: 0.0.0 (/gobilda_sim/ros_ws/src/install/ros_gz_example_description/share/ros_gz_example_description/cmake)
[1.110s] -- Looking for ignition-plugin1 -- found version 1.4.0
[1.111s] -- Searching for dependencies of ignition-plugin1
[1.113s] -- Searching for <ignition-plugin1> component [register]
[1.120s] -- Looking for ignition-plugin1-register -- found version 1.4.0
[1.121s] -- Searching for dependencies of ignition-plugin1-register
[1.130s] -- Looking for ignition-common4 -- found version 4.7.0
[1.131s] -- Searching for dependencies of ignition-common4
[1.136s] -- Looking for dlfcn.h - found
[1.150s] -- Looking for libdl - found
[1.152s] -- Found DL: TRUE  
[1.171s] -- Checking for module 'uuid'
[1.212s] --   Found uuid, version 2.37.2
[1.271s] -- Found UUID: TRUE  
[1.273s] -- Searching for <ignition-common4> component [profiler]
[1.278s] -- Looking for ignition-common4-profiler -- found version 4.7.0
[1.278s] -- Searching for dependencies of ignition-common4-profiler
[1.333s] -- Looking for ignition-gazebo6 -- found version 6.16.0
[1.334s] -- Searching for dependencies of ignition-gazebo6
[1.341s] -- Looking for sdformat12 -- found version 12.7.2
[1.342s] -- Searching for dependencies of sdformat12
[1.349s] -- Checking for module 'tinyxml2'
[1.375s] --   Found tinyxml2, version 9.0.0
[1.433s] -- Looking for ignition-math6 -- found version 6.15.1
[1.433s] -- Searching for dependencies of ignition-math6
[1.441s] -- Looking for ignition-utils1 -- found version 1.5.1
[1.441s] -- Searching for dependencies of ignition-utils1
[1.451s] -- Looking for ignition-plugin1 -- found version 1.4.0
[1.451s] -- Searching for dependencies of ignition-plugin1
[1.451s] -- Searching for <ignition-plugin1> component [loader]
[1.457s] -- Looking for ignition-plugin1-loader -- found version 1.4.0
[1.458s] -- Searching for dependencies of ignition-plugin1-loader
[1.460s] -- Searching for <ignition-plugin1> component [register]
[1.467s] -- Looking for ignition-transport11 -- found version 11.4.1
[1.468s] -- Searching for dependencies of ignition-transport11
[1.819s] -- Found Protobuf: /usr/lib/x86_64-linux-gnu/libprotobuf.so (found version "3.12.4") 
[1.844s] -- Config-file not installed for ZeroMQ -- checking for pkg-config
[1.850s] -- Checking for module 'libzmq >= 4'
[1.877s] --   Found libzmq , version 4.3.4
[1.941s] -- Found ZeroMQ: TRUE (Required is at least version "4") 
[1.962s] -- Looking for ignition-utils1 -- found version 1.5.1
[1.963s] -- Searching for dependencies of ignition-utils1
[1.963s] -- Searching for <ignition-utils1> component [cli]
[1.969s] -- Looking for ignition-utils1-cli -- found version 1.5.1
[1.970s] -- Searching for dependencies of ignition-utils1-cli
[1.976s] -- Looking for ignition-msgs8 -- found version 8.7.0
[1.977s] -- Searching for dependencies of ignition-msgs8
[2.012s] -- Found Protobuf: /usr/lib/x86_64-linux-gnu/libprotobuf.so (found suitable version "3.12.4", minimum required is "3") 
[2.013s] -- Looking for ignition-math6 -- found version 6.15.1
[2.031s] -- Searching for <ignition-transport11> component [log]
[2.038s] -- Looking for ignition-transport11-log -- found version 11.4.1
[2.038s] -- Searching for dependencies of ignition-transport11-log
[2.040s] -- Searching for <ignition-transport11> component [parameters]
[2.052s] -- Looking for ignition-transport11-parameters -- found version 11.4.1
[2.052s] -- Searching for dependencies of ignition-transport11-parameters
[2.061s] -- Looking for ignition-msgs8 -- found version 8.7.0
[2.061s] -- Looking for ignition-common4 -- found version 4.7.0
[2.061s] -- Searching for dependencies of ignition-common4
[2.061s] -- Looking for dlfcn.h - found
[2.061s] -- Looking for libdl - found
[2.072s] -- Searching for <ignition-common4> component [profiler]
[2.073s] -- Searching for <ignition-common4> component [events]
[2.078s] -- Looking for ignition-common4-events -- found version 4.7.0
[2.078s] -- Searching for dependencies of ignition-common4-events
[2.078s] -- Looking for ignition-math6 -- found version 6.15.1
[2.080s] -- Searching for <ignition-common4> component [av]
[2.089s] -- Looking for ignition-common4-av -- found version 4.7.0
[2.090s] -- Searching for dependencies of ignition-common4-av
[2.106s] -- Checking for module 'libswscale'
[2.126s] --   Found libswscale, version 5.9.100
[2.184s] -- Found SWSCALE: TRUE  
[2.196s] -- Checking for module 'libavdevice >= 56.4.100'
[2.226s] --   Found libavdevice , version 58.13.100
[2.284s] -- Found AVDEVICE: TRUE (Required is at least version "56.4.100") 
[2.296s] -- Checking for module 'libavformat'
[2.324s] --   Found libavformat, version 58.76.100
[2.386s] -- Found AVFORMAT: TRUE  
[2.394s] -- Checking for module 'libavcodec'
[2.423s] --   Found libavcodec, version 58.134.100
[2.492s] -- Found AVCODEC: TRUE  
[2.501s] -- Checking for module 'libavutil'
[2.521s] --   Found libavutil, version 56.70.100
[2.568s] -- Found AVUTIL: TRUE  
[2.581s] -- Looking for ignition-fuel_tools7 -- found version 7.3.0
[2.581s] -- Searching for dependencies of ignition-fuel_tools7
[2.713s] -- Found CURL: /usr/lib/x86_64-linux-gnu/libcurl.so (found version "7.81.0")  
[2.741s] -- Checking for module 'jsoncpp'
[2.767s] --   Found jsoncpp, version 1.9.5
[2.830s] -- Found JSONCPP: TRUE  
[2.842s] -- Checking for module 'libzip'
[2.865s] --   Found libzip, version 1.7.3
[2.924s] -- Found ZIP: TRUE  
[2.925s] -- Looking for ignition-common4 -- found version 4.7.0
[2.926s] -- Looking for ignition-math6 -- found version 6.15.1
[2.926s] -- Looking for ignition-msgs8 -- found version 8.7.0
[2.936s] -- Looking for ignition-gui6 -- found version 6.8.0
[2.937s] -- Searching for dependencies of ignition-gui6
[2.979s] -- Looking for ignition-math6 -- found version 6.15.1
[2.979s] -- Looking for ignition-common4 -- found version 4.7.0
[2.980s] -- Looking for ignition-plugin1 -- found version 1.4.0
[2.980s] -- Looking for ignition-transport11 -- found version 11.4.1
[2.990s] -- Looking for ignition-rendering6 -- found version 6.6.3
[2.990s] -- Searching for dependencies of ignition-rendering6
[2.991s] -- Looking for ignition-math6 -- found version 6.15.1
[2.991s] -- Searching for dependencies of ignition-math6
[2.991s] -- Searching for <ignition-math6> component [eigen3]
[2.997s] -- Looking for ignition-math6-eigen3 -- found version 6.15.1
[2.998s] -- Searching for dependencies of ignition-math6-eigen3
[3.017s] -- Looking for ignition-common4 -- found version 4.7.0
[3.018s] -- Searching for dependencies of ignition-common4
[3.019s] -- Looking for dlfcn.h - found
[3.019s] -- Looking for libdl - found
[3.042s] -- Searching for <ignition-common4> component [graphics]
[3.050s] -- Looking for ignition-common4-graphics -- found version 4.7.0
[3.051s] -- Searching for dependencies of ignition-common4-graphics
[3.052s] -- Looking for ignition-math6 -- found version 6.15.1
[3.052s] -- Looking for ignition-utils1 -- found version 1.5.1
[3.054s] -- Searching for <ignition-common4> component [events]
[3.056s] -- Looking for ignition-plugin1 -- found version 1.4.0
[3.056s] -- Searching for dependencies of ignition-plugin1
[3.057s] -- Searching for <ignition-plugin1> component [all]
[3.061s] -- Looking for all libraries of ignition-plugin1 -- found version 1.4.0
[3.062s] -- Looking for ignition-plugin1 -- found version 1.4.0
[3.068s] -- Looking for ignition-msgs8 -- found version 8.7.0
[3.170s] -- Looking for ignition-physics5 -- found version 5.3.2
[3.171s] -- Searching for dependencies of ignition-physics5
[3.171s] -- Looking for ignition-math6 -- found version 6.15.1
[3.172s] -- Looking for ignition-plugin1 -- found version 1.4.0
[3.173s] -- Looking for ignition-utils1 -- found version 1.5.1
[3.180s] -- Searching for <ignition-physics5> component [heightmap]
[3.186s] -- Looking for ignition-physics5-heightmap -- found version 5.3.2
[3.186s] -- Searching for dependencies of ignition-physics5-heightmap
[3.187s] -- Looking for ignition-common4 -- found version 4.7.0
[3.188s] -- Searching for <ignition-physics5> component [mesh]
[3.193s] -- Looking for ignition-physics5-mesh -- found version 5.3.2
[3.194s] -- Searching for dependencies of ignition-physics5-mesh
[3.195s] -- Looking for ignition-common4 -- found version 4.7.0
[3.196s] -- Searching for <ignition-physics5> component [sdf]
[3.204s] -- Looking for ignition-physics5-sdf -- found version 5.3.2
[3.205s] -- Searching for dependencies of ignition-physics5-sdf
[3.206s] -- Looking for sdformat12 -- found version 12.7.2
[3.223s] -- Looking for ignition-sensors6 -- found version 6.8.0
[3.223s] -- Searching for dependencies of ignition-sensors6
[3.255s] -- Found Protobuf: /usr/lib/x86_64-linux-gnu/libprotobuf.so (found version "3.12.4") 
[3.256s] -- Looking for ignition-math6 -- found version 6.15.1
[3.256s] -- Looking for ignition-common4 -- found version 4.7.0
[3.257s] -- Looking for ignition-transport11 -- found version 11.4.1
[3.257s] -- Looking for ignition-rendering6 -- found version 6.6.3
[3.258s] -- Looking for ignition-msgs8 -- found version 8.7.0
[3.259s] -- Looking for sdformat12 -- found version 12.7.2
[3.264s] -- Searching for <ignition-sensors6> component [air_pressure]
[3.271s] -- Looking for ignition-sensors6-air_pressure -- found version 6.8.0
[3.272s] -- Searching for dependencies of ignition-sensors6-air_pressure
[3.274s] -- Searching for <ignition-sensors6> component [altimeter]
[3.280s] -- Looking for ignition-sensors6-altimeter -- found version 6.8.0
[3.281s] -- Searching for dependencies of ignition-sensors6-altimeter
[3.282s] -- Searching for <ignition-sensors6> component [imu]
[3.287s] -- Looking for ignition-sensors6-imu -- found version 6.8.0
[3.287s] -- Searching for dependencies of ignition-sensors6-imu
[3.289s] -- Searching for <ignition-sensors6> component [force_torque]
[3.294s] -- Looking for ignition-sensors6-force_torque -- found version 6.8.0
[3.295s] -- Searching for dependencies of ignition-sensors6-force_torque
[3.298s] -- Searching for <ignition-sensors6> component [logical_camera]
[3.304s] -- Looking for ignition-sensors6-logical_camera -- found version 6.8.0
[3.304s] -- Searching for dependencies of ignition-sensors6-logical_camera
[3.306s] -- Searching for <ignition-sensors6> component [magnetometer]
[3.311s] -- Looking for ignition-sensors6-magnetometer -- found version 6.8.0
[3.312s] -- Searching for dependencies of ignition-sensors6-magnetometer
[3.315s] -- Searching for <ignition-sensors6> component [navsat]
[3.320s] -- Looking for ignition-sensors6-navsat -- found version 6.8.0
[3.321s] -- Searching for dependencies of ignition-sensors6-navsat
[3.322s] -- Searching for <ignition-sensors6> component [rendering]
[3.328s] -- Looking for ignition-sensors6-rendering -- found version 6.8.0
[3.329s] -- Searching for dependencies of ignition-sensors6-rendering
[3.331s] -- Searching for <ignition-sensors6> component [lidar]
[3.339s] -- Looking for ignition-sensors6-lidar -- found version 6.8.0
[3.340s] -- Searching for dependencies of ignition-sensors6-lidar
[3.341s] -- Looking for ignition-sensors6 -- found version 6.8.0
[3.342s] -- Searching for <ignition-sensors6> component [gpu_lidar]
[3.351s] -- Looking for ignition-sensors6-gpu_lidar -- found version 6.8.0
[3.351s] -- Searching for dependencies of ignition-sensors6-gpu_lidar
[3.352s] -- Looking for ignition-sensors6 -- found version 6.8.0
[3.355s] -- Searching for <ignition-sensors6> component [camera]
[3.361s] -- Looking for ignition-sensors6-camera -- found version 6.8.0
[3.361s] -- Searching for dependencies of ignition-sensors6-camera
[3.362s] -- Looking for ignition-sensors6 -- found version 6.8.0
[3.364s] -- Searching for <ignition-sensors6> component [boundingbox_camera]
[3.372s] -- Looking for ignition-sensors6-boundingbox_camera -- found version 6.8.0
[3.372s] -- Searching for dependencies of ignition-sensors6-boundingbox_camera
[3.374s] -- Searching for <ignition-sensors6> component [segmentation_camera]
[3.380s] -- Looking for ignition-sensors6-segmentation_camera -- found version 6.8.0
[3.381s] -- Searching for dependencies of ignition-sensors6-segmentation_camera
[3.382s] -- Searching for <ignition-sensors6> component [depth_camera]
[3.387s] -- Looking for ignition-sensors6-depth_camera -- found version 6.8.0
[3.387s] -- Searching for dependencies of ignition-sensors6-depth_camera
[3.388s] -- Looking for ignition-sensors6 -- found version 6.8.0
[3.389s] -- Searching for <ignition-sensors6> component [rgbd_camera]
[3.397s] -- Looking for ignition-sensors6-rgbd_camera -- found version 6.8.0
[3.400s] -- Searching for dependencies of ignition-sensors6-rgbd_camera
[3.401s] -- Looking for ignition-sensors6 -- found version 6.8.0
[3.401s] -- Searching for <ignition-sensors6> component [thermal_camera]
[3.408s] -- Looking for ignition-sensors6-thermal_camera -- found version 6.8.0
[3.409s] -- Searching for dependencies of ignition-sensors6-thermal_camera
[3.410s] -- Looking for ignition-sensors6 -- found version 6.8.0
[3.412s] -- Looking for ignition-rendering6 -- found version 6.6.3
[3.413s] -- Looking for ignition-math6 -- found version 6.15.1
[3.418s] -- Looking for ignition-utils1 -- found version 1.5.1
[3.457s] -- Found ament_lint_auto: 0.12.11 (/opt/ros/humble/share/ament_lint_auto/cmake)
[3.578s] -- Configuring done
[3.617s] -- Generating done
[3.623s] -- Build files have been written to: /gobilda_sim/ros_ws/src/build/ros_gz_example_gazebo
[3.652s] Invoked command in '/gobilda_sim/ros_ws/src/build/ros_gz_example_gazebo' returned '0': AMENT_PREFIX_PATH=/gobilda_sim/ros_ws/src/install/ros_gz_example_description:${AMENT_PREFIX_PATH} CMAKE_PREFIX_PATH=/gobilda_sim/ros_ws/src/install/ros_gz_example_description:/gobilda_sim/ros_ws/install/ros_gz_example_bringup:/gobilda_sim/ros_ws/install/ros_gz_example_gazebo:/gobilda_sim/ros_ws/install/ros_gz_example_description:/gobilda_sim/ros_ws/install/bump_and_go_lidar:/opt/ros/humble IGN_GAZEBO_RESOURCE_PATH=/gobilda_sim/ros_ws/src/install/ros_gz_example_description/share/ros_gz_example_description/models:${IGN_GAZEBO_RESOURCE_PATH} /usr/bin/cmake /gobilda_sim/ros_ws/src/ros_gz_project/ros_gz_example_gazebo -DAMENT_CMAKE_SYMLINK_INSTALL=1 -DCMAKE_INSTALL_PREFIX=/gobilda_sim/ros_ws/src/install/ros_gz_example_gazebo
[3.658s] Invoking command in '/gobilda_sim/ros_ws/src/build/ros_gz_example_gazebo': AMENT_PREFIX_PATH=/gobilda_sim/ros_ws/src/install/ros_gz_example_description:${AMENT_PREFIX_PATH} CMAKE_PREFIX_PATH=/gobilda_sim/ros_ws/src/install/ros_gz_example_description:/gobilda_sim/ros_ws/install/ros_gz_example_bringup:/gobilda_sim/ros_ws/install/ros_gz_example_gazebo:/gobilda_sim/ros_ws/install/ros_gz_example_description:/gobilda_sim/ros_ws/install/bump_and_go_lidar:/opt/ros/humble IGN_GAZEBO_RESOURCE_PATH=/gobilda_sim/ros_ws/src/install/ros_gz_example_description/share/ros_gz_example_description/models:${IGN_GAZEBO_RESOURCE_PATH} /usr/bin/cmake --build /gobilda_sim/ros_ws/src/build/ros_gz_example_gazebo -- -j16 -l16
[3.735s] [ 25%] [32mBuilding CXX object CMakeFiles/BasicSystem.dir/src/BasicSystem.cc.o[0m
[3.736s] [ 50%] [32mBuilding CXX object CMakeFiles/FullSystem.dir/src/FullSystem.cc.o[0m
[12.336s] [ 75%] [32m[1mLinking CXX shared library libBasicSystem.so[0m
[12.376s] [100%] [32m[1mLinking CXX shared library libFullSystem.so[0m
[12.834s] [100%] Built target FullSystem
[12.880s] [100%] Built target BasicSystem
[12.898s] Invoked command in '/gobilda_sim/ros_ws/src/build/ros_gz_example_gazebo' returned '0': AMENT_PREFIX_PATH=/gobilda_sim/ros_ws/src/install/ros_gz_example_description:${AMENT_PREFIX_PATH} CMAKE_PREFIX_PATH=/gobilda_sim/ros_ws/src/install/ros_gz_example_description:/gobilda_sim/ros_ws/install/ros_gz_example_bringup:/gobilda_sim/ros_ws/install/ros_gz_example_gazebo:/gobilda_sim/ros_ws/install/ros_gz_example_description:/gobilda_sim/ros_ws/install/bump_and_go_lidar:/opt/ros/humble IGN_GAZEBO_RESOURCE_PATH=/gobilda_sim/ros_ws/src/install/ros_gz_example_description/share/ros_gz_example_description/models:${IGN_GAZEBO_RESOURCE_PATH} /usr/bin/cmake --build /gobilda_sim/ros_ws/src/build/ros_gz_example_gazebo -- -j16 -l16
[12.955s] Invoking command in '/gobilda_sim/ros_ws/src/build/ros_gz_example_gazebo': AMENT_PREFIX_PATH=/gobilda_sim/ros_ws/src/install/ros_gz_example_description:${AMENT_PREFIX_PATH} CMAKE_PREFIX_PATH=/gobilda_sim/ros_ws/src/install/ros_gz_example_description:/gobilda_sim/ros_ws/install/ros_gz_example_bringup:/gobilda_sim/ros_ws/install/ros_gz_example_gazebo:/gobilda_sim/ros_ws/install/ros_gz_example_description:/gobilda_sim/ros_ws/install/bump_and_go_lidar:/opt/ros/humble IGN_GAZEBO_RESOURCE_PATH=/gobilda_sim/ros_ws/src/install/ros_gz_example_description/share/ros_gz_example_description/models:${IGN_GAZEBO_RESOURCE_PATH} /usr/bin/cmake --install /gobilda_sim/ros_ws/src/build/ros_gz_example_gazebo
[12.968s] -- Install configuration: ""
[12.968s] -- Execute custom install script
[12.970s] -- Symlinking: /gobilda_sim/ros_ws/src/install/ros_gz_example_gazebo/lib/ros_gz_example_gazebo/libBasicSystem.so
[12.986s] -- Symlinking: /gobilda_sim/ros_ws/src/install/ros_gz_example_gazebo/lib/ros_gz_example_gazebo/libFullSystem.so
[13.001s] -- Symlinking: /gobilda_sim/ros_ws/src/install/ros_gz_example_gazebo/share/ros_gz_example_gazebo/worlds/diff_drive.sdf
[13.017s] -- Symlinking: /gobilda_sim/ros_ws/src/install/ros_gz_example_gazebo/share/ros_gz_example_gazebo/environment/ros_gz_example_gazebo.dsv
[13.037s] -- Symlinking: /gobilda_sim/ros_ws/src/install/ros_gz_example_gazebo/share/ros_gz_example_gazebo/environment/ros_gz_example_gazebo.sh
[13.050s] -- Symlinking: /gobilda_sim/ros_ws/src/install/ros_gz_example_gazebo/share/ament_index/resource_index/package_run_dependencies/ros_gz_example_gazebo
[13.072s] -- Symlinking: /gobilda_sim/ros_ws/src/install/ros_gz_example_gazebo/share/ament_index/resource_index/parent_prefix_path/ros_gz_example_gazebo
[13.082s] -- Symlinking: /gobilda_sim/ros_ws/src/install/ros_gz_example_gazebo/share/ros_gz_example_gazebo/environment/ament_prefix_path.sh
[13.097s] -- Symlinking: /gobilda_sim/ros_ws/src/install/ros_gz_example_gazebo/share/ros_gz_example_gazebo/environment/ament_prefix_path.dsv
[13.108s] -- Symlinking: /gobilda_sim/ros_ws/src/install/ros_gz_example_gazebo/share/ros_gz_example_gazebo/environment/path.sh
[13.123s] -- Symlinking: /gobilda_sim/ros_ws/src/install/ros_gz_example_gazebo/share/ros_gz_example_gazebo/environment/path.dsv
[13.144s] -- Symlinking: /gobilda_sim/ros_ws/src/install/ros_gz_example_gazebo/share/ros_gz_example_gazebo/local_setup.bash
[13.155s] -- Symlinking: /gobilda_sim/ros_ws/src/install/ros_gz_example_gazebo/share/ros_gz_example_gazebo/local_setup.sh
[13.172s] -- Symlinking: /gobilda_sim/ros_ws/src/install/ros_gz_example_gazebo/share/ros_gz_example_gazebo/local_setup.zsh
[13.198s] -- Symlinking: /gobilda_sim/ros_ws/src/install/ros_gz_example_gazebo/share/ros_gz_example_gazebo/local_setup.dsv
[13.209s] -- Symlinking: /gobilda_sim/ros_ws/src/install/ros_gz_example_gazebo/share/ros_gz_example_gazebo/package.dsv
[13.221s] -- Symlinking: /gobilda_sim/ros_ws/src/install/ros_gz_example_gazebo/share/ament_index/resource_index/packages/ros_gz_example_gazebo
[13.235s] -- Symlinking: /gobilda_sim/ros_ws/src/install/ros_gz_example_gazebo/share/ros_gz_example_gazebo/cmake/ros_gz_example_gazeboConfig.cmake
[13.247s] -- Symlinking: /gobilda_sim/ros_ws/src/install/ros_gz_example_gazebo/share/ros_gz_example_gazebo/cmake/ros_gz_example_gazeboConfig-version.cmake
[13.259s] -- Symlinking: /gobilda_sim/ros_ws/src/install/ros_gz_example_gazebo/share/ros_gz_example_gazebo/package.xml
[13.276s] Invoked command in '/gobilda_sim/ros_ws/src/build/ros_gz_example_gazebo' returned '0': AMENT_PREFIX_PATH=/gobilda_sim/ros_ws/src/install/ros_gz_example_description:${AMENT_PREFIX_PATH} CMAKE_PREFIX_PATH=/gobilda_sim/ros_ws/src/install/ros_gz_example_description:/gobilda_sim/ros_ws/install/ros_gz_example_bringup:/gobilda_sim/ros_ws/install/ros_gz_example_gazebo:/gobilda_sim/ros_ws/install/ros_gz_example_description:/gobilda_sim/ros_ws/install/bump_and_go_lidar:/opt/ros/humble IGN_GAZEBO_RESOURCE_PATH=/gobilda_sim/ros_ws/src/install/ros_gz_example_description/share/ros_gz_example_description/models:${IGN_GAZEBO_RESOURCE_PATH} /usr/bin/cmake --install /gobilda_sim/ros_ws/src/build/ros_gz_example_gazebo
