[1.050s] Invoking command in '/gobilda_sim/ros_ws/build/bump_and_go_lidar': PYTHONPATH=/gobilda_sim/ros_ws/build/bump_and_go_lidar/prefix_override:/usr/lib/python3/dist-packages/colcon_core/task/python/colcon_distutils_commands:/gobilda_sim/ros_ws/install/bump_and_go_lidar/lib/python3.10/site-packages:${PYTHONPATH} /usr/bin/python3 -W ignore:setup.py install is deprecated setup.py develop --editable --build-directory /gobilda_sim/ros_ws/build/bump_and_go_lidar/build --no-deps symlink_data
[1.482s] running develop
[1.483s] /usr/lib/python3/dist-packages/setuptools/command/easy_install.py:158: EasyInstallDeprecationWarning: easy_install command is deprecated. Use build and pip and other standards-based tools.
[1.484s]   warnings.warn(
[1.719s] running egg_info
[1.720s] writing bump_and_go_lidar.egg-info/PKG-INFO
[1.720s] writing dependency_links to bump_and_go_lidar.egg-info/dependency_links.txt
[1.720s] writing entry points to bump_and_go_lidar.egg-info/entry_points.txt
[1.721s] writing requirements to bump_and_go_lidar.egg-info/requires.txt
[1.721s] writing top-level names to bump_and_go_lidar.egg-info/top_level.txt
[1.724s] reading manifest file 'bump_and_go_lidar.egg-info/SOURCES.txt'
[1.726s] writing manifest file 'bump_and_go_lidar.egg-info/SOURCES.txt'
[1.728s] running build_ext
[1.728s] Creating /gobilda_sim/ros_ws/install/bump_and_go_lidar/lib/python3.10/site-packages/bump-and-go-lidar.egg-link (link to .)
[1.729s] Installing control_node script to /gobilda_sim/ros_ws/install/bump_and_go_lidar/lib/bump_and_go_lidar
[1.730s] 
[1.730s] Installed /gobilda_sim/ros_ws/build/bump_and_go_lidar
[1.730s] running symlink_data
[1.730s] creating /gobilda_sim/ros_ws/install/bump_and_go_lidar/share/bump_and_go_lidar/launch
[1.731s] symbolically linking /gobilda_sim/ros_ws/build/bump_and_go_lidar/launch/bump_and_go_lidar_launch.py -> /gobilda_sim/ros_ws/install/bump_and_go_lidar/share/bump_and_go_lidar/launch
[1.780s] Invoked command in '/gobilda_sim/ros_ws/build/bump_and_go_lidar' returned '0': PYTHONPATH=/gobilda_sim/ros_ws/build/bump_and_go_lidar/prefix_override:/usr/lib/python3/dist-packages/colcon_core/task/python/colcon_distutils_commands:/gobilda_sim/ros_ws/install/bump_and_go_lidar/lib/python3.10/site-packages:${PYTHONPATH} /usr/bin/python3 -W ignore:setup.py install is deprecated setup.py develop --editable --build-directory /gobilda_sim/ros_ws/build/bump_and_go_lidar/build --no-deps symlink_data
