[0.011s] Invoking command in '/gobilda_sim/ros_ws/build/ros_gz_example_bringup': AMENT_PREFIX_PATH=/gobilda_sim/ros_ws/install/ros_gz_example_gazebo:/gobilda_sim/ros_ws/install/ros_gz_example_description:${AMENT_PREFIX_PATH} CMAKE_PREFIX_PATH=/gobilda_sim/ros_ws/install/ros_gz_example_gazebo:/gobilda_sim/ros_ws/install/ros_gz_example_description:/opt/ros/humble IGN_GAZEBO_PLUGIN_PATH=/gobilda_sim/ros_ws/install/ros_gz_example_gazebo/lib/ros_gz_example_gazebo IGN_GAZEBO_RESOURCE_PATH=/gobilda_sim/ros_ws/install/ros_gz_example_gazebo/share/ros_gz_example_gazebo/worlds:/gobilda_sim/ros_ws/install/ros_gz_example_description/share/ros_gz_example_description/models /usr/bin/cmake /gobilda_sim/ros_ws/src/ros_gz_project/ros_gz_example_bringup -DAMENT_CMAKE_SYMLINK_INSTALL=1 -DCMAKE_INSTALL_PREFIX=/gobilda_sim/ros_ws/install/ros_gz_example_bringup
[0.078s] -- The C compiler identification is GNU 11.4.0
[0.153s] -- The CXX compiler identification is GNU 11.4.0
[0.160s] -- Detecting C compiler ABI info
[0.242s] -- Detecting C compiler ABI info - done
[0.250s] -- Check for working C compiler: /usr/bin/cc - skipped
[0.251s] -- Detecting C compile features
[0.251s] -- Detecting C compile features - done
[0.255s] -- Detecting CXX compiler ABI info
[0.334s] -- Detecting CXX compiler ABI info - done
[0.343s] -- Check for working CXX compiler: /usr/bin/c++ - skipped
[0.343s] -- Detecting CXX compile features
[0.344s] -- Detecting CXX compile features - done
[0.349s] -- Found ament_cmake: 1.3.10 (/opt/ros/humble/share/ament_cmake/cmake)
[0.521s] -- Found Python3: /usr/bin/python3 (found version "3.10.12") found components: Interpreter 
[0.591s] -- Override CMake install command with custom implementation using symlinks instead of copying resources
[0.618s] -- Found ros_gz_example_description: 0.0.0 (/gobilda_sim/ros_ws/install/ros_gz_example_description/share/ros_gz_example_description/cmake)
[0.618s] -- Found ros_gz_example_gazebo: 0.0.0 (/gobilda_sim/ros_ws/install/ros_gz_example_gazebo/share/ros_gz_example_gazebo/cmake)
[0.621s] -- Found ament_lint_auto: 0.12.11 (/opt/ros/humble/share/ament_lint_auto/cmake)
[0.696s] -- Configuring done
[0.700s] -- Generating done
[0.701s] -- Build files have been written to: /gobilda_sim/ros_ws/build/ros_gz_example_bringup
[0.707s] Invoked command in '/gobilda_sim/ros_ws/build/ros_gz_example_bringup' returned '0': AMENT_PREFIX_PATH=/gobilda_sim/ros_ws/install/ros_gz_example_gazebo:/gobilda_sim/ros_ws/install/ros_gz_example_description:${AMENT_PREFIX_PATH} CMAKE_PREFIX_PATH=/gobilda_sim/ros_ws/install/ros_gz_example_gazebo:/gobilda_sim/ros_ws/install/ros_gz_example_description:/opt/ros/humble IGN_GAZEBO_PLUGIN_PATH=/gobilda_sim/ros_ws/install/ros_gz_example_gazebo/lib/ros_gz_example_gazebo IGN_GAZEBO_RESOURCE_PATH=/gobilda_sim/ros_ws/install/ros_gz_example_gazebo/share/ros_gz_example_gazebo/worlds:/gobilda_sim/ros_ws/install/ros_gz_example_description/share/ros_gz_example_description/models /usr/bin/cmake /gobilda_sim/ros_ws/src/ros_gz_project/ros_gz_example_bringup -DAMENT_CMAKE_SYMLINK_INSTALL=1 -DCMAKE_INSTALL_PREFIX=/gobilda_sim/ros_ws/install/ros_gz_example_bringup
[0.709s] Invoking command in '/gobilda_sim/ros_ws/build/ros_gz_example_bringup': AMENT_PREFIX_PATH=/gobilda_sim/ros_ws/install/ros_gz_example_gazebo:/gobilda_sim/ros_ws/install/ros_gz_example_description:${AMENT_PREFIX_PATH} CMAKE_PREFIX_PATH=/gobilda_sim/ros_ws/install/ros_gz_example_gazebo:/gobilda_sim/ros_ws/install/ros_gz_example_description:/opt/ros/humble IGN_GAZEBO_PLUGIN_PATH=/gobilda_sim/ros_ws/install/ros_gz_example_gazebo/lib/ros_gz_example_gazebo IGN_GAZEBO_RESOURCE_PATH=/gobilda_sim/ros_ws/install/ros_gz_example_gazebo/share/ros_gz_example_gazebo/worlds:/gobilda_sim/ros_ws/install/ros_gz_example_description/share/ros_gz_example_description/models /usr/bin/cmake --build /gobilda_sim/ros_ws/build/ros_gz_example_bringup -- -j16 -l16
[0.743s] Invoked command in '/gobilda_sim/ros_ws/build/ros_gz_example_bringup' returned '0': AMENT_PREFIX_PATH=/gobilda_sim/ros_ws/install/ros_gz_example_gazebo:/gobilda_sim/ros_ws/install/ros_gz_example_description:${AMENT_PREFIX_PATH} CMAKE_PREFIX_PATH=/gobilda_sim/ros_ws/install/ros_gz_example_gazebo:/gobilda_sim/ros_ws/install/ros_gz_example_description:/opt/ros/humble IGN_GAZEBO_PLUGIN_PATH=/gobilda_sim/ros_ws/install/ros_gz_example_gazebo/lib/ros_gz_example_gazebo IGN_GAZEBO_RESOURCE_PATH=/gobilda_sim/ros_ws/install/ros_gz_example_gazebo/share/ros_gz_example_gazebo/worlds:/gobilda_sim/ros_ws/install/ros_gz_example_description/share/ros_gz_example_description/models /usr/bin/cmake --build /gobilda_sim/ros_ws/build/ros_gz_example_bringup -- -j16 -l16
[0.767s] Invoking command in '/gobilda_sim/ros_ws/build/ros_gz_example_bringup': AMENT_PREFIX_PATH=/gobilda_sim/ros_ws/install/ros_gz_example_gazebo:/gobilda_sim/ros_ws/install/ros_gz_example_description:${AMENT_PREFIX_PATH} CMAKE_PREFIX_PATH=/gobilda_sim/ros_ws/install/ros_gz_example_gazebo:/gobilda_sim/ros_ws/install/ros_gz_example_description:/opt/ros/humble IGN_GAZEBO_PLUGIN_PATH=/gobilda_sim/ros_ws/install/ros_gz_example_gazebo/lib/ros_gz_example_gazebo IGN_GAZEBO_RESOURCE_PATH=/gobilda_sim/ros_ws/install/ros_gz_example_gazebo/share/ros_gz_example_gazebo/worlds:/gobilda_sim/ros_ws/install/ros_gz_example_description/share/ros_gz_example_description/models /usr/bin/cmake --install /gobilda_sim/ros_ws/build/ros_gz_example_bringup
[0.773s] -- Install configuration: ""
[0.774s] -- Execute custom install script
[0.775s] -- Symlinking: /gobilda_sim/ros_ws/install/ros_gz_example_bringup/share/ros_gz_example_bringup/launch/diff_drive.launch.py
[0.782s] -- Symlinking: /gobilda_sim/ros_ws/install/ros_gz_example_bringup/share/ros_gz_example_bringup/config/diff_drive.rviz
[0.789s] -- Symlinking: /gobilda_sim/ros_ws/install/ros_gz_example_bringup/share/ros_gz_example_bringup/config/ros_gz_example_bridge.yaml
[0.796s] -- Symlinking: /gobilda_sim/ros_ws/install/ros_gz_example_bringup/share/ament_index/resource_index/package_run_dependencies/ros_gz_example_bringup
[0.802s] -- Symlinking: /gobilda_sim/ros_ws/install/ros_gz_example_bringup/share/ament_index/resource_index/parent_prefix_path/ros_gz_example_bringup
[0.809s] -- Symlinking: /gobilda_sim/ros_ws/install/ros_gz_example_bringup/share/ros_gz_example_bringup/environment/ament_prefix_path.sh
[0.815s] -- Symlinking: /gobilda_sim/ros_ws/install/ros_gz_example_bringup/share/ros_gz_example_bringup/environment/ament_prefix_path.dsv
[0.822s] -- Symlinking: /gobilda_sim/ros_ws/install/ros_gz_example_bringup/share/ros_gz_example_bringup/environment/path.sh
[0.828s] -- Symlinking: /gobilda_sim/ros_ws/install/ros_gz_example_bringup/share/ros_gz_example_bringup/environment/path.dsv
[0.835s] -- Symlinking: /gobilda_sim/ros_ws/install/ros_gz_example_bringup/share/ros_gz_example_bringup/local_setup.bash
[0.842s] -- Symlinking: /gobilda_sim/ros_ws/install/ros_gz_example_bringup/share/ros_gz_example_bringup/local_setup.sh
[0.848s] -- Symlinking: /gobilda_sim/ros_ws/install/ros_gz_example_bringup/share/ros_gz_example_bringup/local_setup.zsh
[0.856s] -- Symlinking: /gobilda_sim/ros_ws/install/ros_gz_example_bringup/share/ros_gz_example_bringup/local_setup.dsv
[0.863s] -- Symlinking: /gobilda_sim/ros_ws/install/ros_gz_example_bringup/share/ros_gz_example_bringup/package.dsv
[0.871s] -- Symlinking: /gobilda_sim/ros_ws/install/ros_gz_example_bringup/share/ament_index/resource_index/packages/ros_gz_example_bringup
[0.879s] -- Symlinking: /gobilda_sim/ros_ws/install/ros_gz_example_bringup/share/ros_gz_example_bringup/cmake/ros_gz_example_bringupConfig.cmake
[0.886s] -- Symlinking: /gobilda_sim/ros_ws/install/ros_gz_example_bringup/share/ros_gz_example_bringup/cmake/ros_gz_example_bringupConfig-version.cmake
[0.893s] -- Symlinking: /gobilda_sim/ros_ws/install/ros_gz_example_bringup/share/ros_gz_example_bringup/package.xml
[0.902s] Invoked command in '/gobilda_sim/ros_ws/build/ros_gz_example_bringup' returned '0': AMENT_PREFIX_PATH=/gobilda_sim/ros_ws/install/ros_gz_example_gazebo:/gobilda_sim/ros_ws/install/ros_gz_example_description:${AMENT_PREFIX_PATH} CMAKE_PREFIX_PATH=/gobilda_sim/ros_ws/install/ros_gz_example_gazebo:/gobilda_sim/ros_ws/install/ros_gz_example_description:/opt/ros/humble IGN_GAZEBO_PLUGIN_PATH=/gobilda_sim/ros_ws/install/ros_gz_example_gazebo/lib/ros_gz_example_gazebo IGN_GAZEBO_RESOURCE_PATH=/gobilda_sim/ros_ws/install/ros_gz_example_gazebo/share/ros_gz_example_gazebo/worlds:/gobilda_sim/ros_ws/install/ros_gz_example_description/share/ros_gz_example_description/models /usr/bin/cmake --install /gobilda_sim/ros_ws/build/ros_gz_example_bringup
