[0.010s] Invoking command in '/gobilda_sim/ros_ws/build/ros_gz_example_gazebo': AMENT_PREFIX_PATH=/gobilda_sim/ros_ws/install/ros_gz_example_description:${AMENT_PREFIX_PATH} CMAKE_PREFIX_PATH=/gobilda_sim/ros_ws/install/ros_gz_example_description:/opt/ros/humble IGN_GAZEBO_RESOURCE_PATH=/gobilda_sim/ros_ws/install/ros_gz_example_description/share/ros_gz_example_description/models /usr/bin/cmake /gobilda_sim/ros_ws/src/ros_gz_project/ros_gz_example_gazebo -DAMENT_CMAKE_SYMLINK_INSTALL=1 -DCMAKE_INSTALL_PREFIX=/gobilda_sim/ros_ws/install/ros_gz_example_gazebo
[0.073s] -- The C compiler identification is GNU 11.4.0
[0.128s] -- The CXX compiler identification is GNU 11.4.0
[0.137s] -- Detecting C compiler ABI info
[0.209s] -- Detecting C compiler ABI info - done
[0.216s] -- Check for working C compiler: /usr/bin/cc - skipped
[0.217s] -- Detecting C compile features
[0.217s] -- Detecting C compile features - done
[0.220s] -- Detecting CXX compiler ABI info
[0.298s] -- Detecting CXX compiler ABI info - done
[0.307s] -- Check for working CXX compiler: /usr/bin/c++ - skipped
[0.307s] -- Detecting CXX compile features
[0.308s] -- Detecting CXX compile features - done
[0.311s] -- Found ament_cmake: 1.3.10 (/opt/ros/humble/share/ament_cmake/cmake)
[0.473s] -- Found Python3: /usr/bin/python3 (found version "3.10.12") found components: Interpreter 
[0.573s] -- Override CMake install command with custom implementation using symlinks instead of copying resources
[0.597s] -- Found ros_gz_example_description: 0.0.0 (/gobilda_sim/ros_ws/install/ros_gz_example_description/share/ros_gz_example_description/cmake)
[0.606s] -- Looking for ignition-plugin1 -- found version 1.4.0
[0.606s] -- Searching for dependencies of ignition-plugin1
[0.607s] -- Searching for <ignition-plugin1> component [register]
[0.609s] -- Looking for ignition-plugin1-register -- found version 1.4.0
[0.610s] -- Searching for dependencies of ignition-plugin1-register
[0.614s] -- Looking for ignition-common4 -- found version 4.7.0
[0.615s] -- Searching for dependencies of ignition-common4
[0.616s] -- Looking for dlfcn.h - found
[0.622s] -- Looking for libdl - found
[0.623s] -- Found DL: TRUE  
[0.636s] -- Checking for module 'uuid'
[0.649s] --   Found uuid, version 2.37.2
[0.684s] -- Found UUID: TRUE  
[0.685s] -- Searching for <ignition-common4> component [profiler]
[0.687s] -- Looking for ignition-common4-profiler -- found version 4.7.0
[0.688s] -- Searching for dependencies of ignition-common4-profiler
[0.692s] -- Looking for ignition-gazebo6 -- found version 6.16.0
[0.692s] -- Searching for dependencies of ignition-gazebo6
[0.694s] -- Looking for sdformat12 -- found version 12.7.2
[0.694s] -- Searching for dependencies of sdformat12
[0.699s] -- Checking for module 'tinyxml2'
[0.710s] --   Found tinyxml2, version 9.0.0
[0.749s] -- Looking for ignition-math6 -- found version 6.15.1
[0.750s] -- Searching for dependencies of ignition-math6
[0.753s] -- Looking for ignition-utils1 -- found version 1.5.1
[0.753s] -- Searching for dependencies of ignition-utils1
[0.754s] -- Looking for ignition-plugin1 -- found version 1.4.0
[0.755s] -- Searching for dependencies of ignition-plugin1
[0.755s] -- Searching for <ignition-plugin1> component [loader]
[0.757s] -- Looking for ignition-plugin1-loader -- found version 1.4.0
[0.757s] -- Searching for dependencies of ignition-plugin1-loader
[0.758s] -- Searching for <ignition-plugin1> component [register]
[0.761s] -- Looking for ignition-transport11 -- found version 11.4.1
[0.761s] -- Searching for dependencies of ignition-transport11
[0.988s] -- Found Protobuf: /usr/lib/x86_64-linux-gnu/libprotobuf.so (found version "3.12.4") 
[1.002s] -- Config-file not installed for ZeroMQ -- checking for pkg-config
[1.007s] -- Checking for module 'libzmq >= 4'
[1.019s] --   Found libzmq , version 4.3.4
[1.050s] -- Found ZeroMQ: TRUE (Required is at least version "4") 
[1.062s] -- Looking for ignition-utils1 -- found version 1.5.1
[1.062s] -- Searching for dependencies of ignition-utils1
[1.062s] -- Searching for <ignition-utils1> component [cli]
[1.064s] -- Looking for ignition-utils1-cli -- found version 1.5.1
[1.065s] -- Searching for dependencies of ignition-utils1-cli
[1.067s] -- Looking for ignition-msgs8 -- found version 8.7.0
[1.068s] -- Searching for dependencies of ignition-msgs8
[1.090s] -- Found Protobuf: /usr/lib/x86_64-linux-gnu/libprotobuf.so (found suitable version "3.12.4", minimum required is "3") 
[1.091s] -- Looking for ignition-math6 -- found version 6.15.1
[1.100s] -- Searching for <ignition-transport11> component [log]
[1.103s] -- Looking for ignition-transport11-log -- found version 11.4.1
[1.104s] -- Searching for dependencies of ignition-transport11-log
[1.105s] -- Searching for <ignition-transport11> component [parameters]
[1.108s] -- Looking for ignition-transport11-parameters -- found version 11.4.1
[1.108s] -- Searching for dependencies of ignition-transport11-parameters
[1.109s] -- Looking for ignition-msgs8 -- found version 8.7.0
[1.110s] -- Looking for ignition-common4 -- found version 4.7.0
[1.110s] -- Searching for dependencies of ignition-common4
[1.111s] -- Looking for dlfcn.h - found
[1.111s] -- Looking for libdl - found
[1.119s] -- Searching for <ignition-common4> component [profiler]
[1.120s] -- Searching for <ignition-common4> component [events]
[1.122s] -- Looking for ignition-common4-events -- found version 4.7.0
[1.123s] -- Searching for dependencies of ignition-common4-events
[1.123s] -- Looking for ignition-math6 -- found version 6.15.1
[1.123s] -- Searching for <ignition-common4> component [av]
[1.126s] -- Looking for ignition-common4-av -- found version 4.7.0
[1.126s] -- Searching for dependencies of ignition-common4-av
[1.131s] -- Checking for module 'libswscale'
[1.141s] --   Found libswscale, version 5.9.100
[1.170s] -- Found SWSCALE: TRUE  
[1.175s] -- Checking for module 'libavdevice >= 56.4.100'
[1.186s] --   Found libavdevice , version 58.13.100
[1.216s] -- Found AVDEVICE: TRUE (Required is at least version "56.4.100") 
[1.221s] -- Checking for module 'libavformat'
[1.231s] --   Found libavformat, version 58.76.100
[1.259s] -- Found AVFORMAT: TRUE  
[1.265s] -- Checking for module 'libavcodec'
[1.277s] --   Found libavcodec, version 58.134.100
[1.304s] -- Found AVCODEC: TRUE  
[1.309s] -- Checking for module 'libavutil'
[1.319s] --   Found libavutil, version 56.70.100
[1.347s] -- Found AVUTIL: TRUE  
[1.350s] -- Looking for ignition-fuel_tools7 -- found version 7.3.0
[1.351s] -- Searching for dependencies of ignition-fuel_tools7
[1.417s] -- Found CURL: /usr/lib/x86_64-linux-gnu/libcurl.so (found version "7.81.0")  
[1.425s] -- Checking for module 'jsoncpp'
[1.435s] --   Found jsoncpp, version 1.9.5
[1.461s] -- Found JSONCPP: TRUE  
[1.466s] -- Checking for module 'libzip'
[1.477s] --   Found libzip, version 1.7.3
[1.503s] -- Found ZIP: TRUE  
[1.504s] -- Looking for ignition-common4 -- found version 4.7.0
[1.504s] -- Looking for ignition-math6 -- found version 6.15.1
[1.505s] -- Looking for ignition-msgs8 -- found version 8.7.0
[1.508s] -- Looking for ignition-gui6 -- found version 6.8.0
[1.509s] -- Searching for dependencies of ignition-gui6
[1.535s] -- Looking for ignition-math6 -- found version 6.15.1
[1.535s] -- Looking for ignition-common4 -- found version 4.7.0
[1.536s] -- Looking for ignition-plugin1 -- found version 1.4.0
[1.536s] -- Looking for ignition-transport11 -- found version 11.4.1
[1.539s] -- Looking for ignition-rendering6 -- found version 6.6.3
[1.539s] -- Searching for dependencies of ignition-rendering6
[1.540s] -- Looking for ignition-math6 -- found version 6.15.1
[1.540s] -- Searching for dependencies of ignition-math6
[1.540s] -- Searching for <ignition-math6> component [eigen3]
[1.543s] -- Looking for ignition-math6-eigen3 -- found version 6.15.1
[1.543s] -- Searching for dependencies of ignition-math6-eigen3
[1.559s] -- Looking for ignition-common4 -- found version 4.7.0
[1.559s] -- Searching for dependencies of ignition-common4
[1.560s] -- Looking for dlfcn.h - found
[1.560s] -- Looking for libdl - found
[1.569s] -- Searching for <ignition-common4> component [graphics]
[1.571s] -- Looking for ignition-common4-graphics -- found version 4.7.0
[1.571s] -- Searching for dependencies of ignition-common4-graphics
[1.572s] -- Looking for ignition-math6 -- found version 6.15.1
[1.572s] -- Looking for ignition-utils1 -- found version 1.5.1
[1.573s] -- Searching for <ignition-common4> component [events]
[1.574s] -- Looking for ignition-plugin1 -- found version 1.4.0
[1.574s] -- Searching for dependencies of ignition-plugin1
[1.575s] -- Searching for <ignition-plugin1> component [all]
[1.577s] -- Looking for all libraries of ignition-plugin1 -- found version 1.4.0
[1.577s] -- Looking for ignition-plugin1 -- found version 1.4.0
[1.579s] -- Looking for ignition-msgs8 -- found version 8.7.0
[1.609s] -- Looking for ignition-physics5 -- found version 5.3.2
[1.610s] -- Searching for dependencies of ignition-physics5
[1.611s] -- Looking for ignition-math6 -- found version 6.15.1
[1.612s] -- Looking for ignition-plugin1 -- found version 1.4.0
[1.612s] -- Looking for ignition-utils1 -- found version 1.5.1
[1.614s] -- Searching for <ignition-physics5> component [heightmap]
[1.616s] -- Looking for ignition-physics5-heightmap -- found version 5.3.2
[1.617s] -- Searching for dependencies of ignition-physics5-heightmap
[1.617s] -- Looking for ignition-common4 -- found version 4.7.0
[1.618s] -- Searching for <ignition-physics5> component [mesh]
[1.621s] -- Looking for ignition-physics5-mesh -- found version 5.3.2
[1.621s] -- Searching for dependencies of ignition-physics5-mesh
[1.622s] -- Looking for ignition-common4 -- found version 4.7.0
[1.622s] -- Searching for <ignition-physics5> component [sdf]
[1.624s] -- Looking for ignition-physics5-sdf -- found version 5.3.2
[1.625s] -- Searching for dependencies of ignition-physics5-sdf
[1.625s] -- Looking for sdformat12 -- found version 12.7.2
[1.628s] -- Looking for ignition-sensors6 -- found version 6.8.0
[1.628s] -- Searching for dependencies of ignition-sensors6
[1.647s] -- Found Protobuf: /usr/lib/x86_64-linux-gnu/libprotobuf.so (found version "3.12.4") 
[1.648s] -- Looking for ignition-math6 -- found version 6.15.1
[1.648s] -- Looking for ignition-common4 -- found version 4.7.0
[1.649s] -- Looking for ignition-transport11 -- found version 11.4.1
[1.649s] -- Looking for ignition-rendering6 -- found version 6.6.3
[1.650s] -- Looking for ignition-msgs8 -- found version 8.7.0
[1.650s] -- Looking for sdformat12 -- found version 12.7.2
[1.651s] -- Searching for <ignition-sensors6> component [air_pressure]
[1.653s] -- Looking for ignition-sensors6-air_pressure -- found version 6.8.0
[1.654s] -- Searching for dependencies of ignition-sensors6-air_pressure
[1.654s] -- Searching for <ignition-sensors6> component [altimeter]
[1.657s] -- Looking for ignition-sensors6-altimeter -- found version 6.8.0
[1.658s] -- Searching for dependencies of ignition-sensors6-altimeter
[1.659s] -- Searching for <ignition-sensors6> component [imu]
[1.663s] -- Looking for ignition-sensors6-imu -- found version 6.8.0
[1.663s] -- Searching for dependencies of ignition-sensors6-imu
[1.664s] -- Searching for <ignition-sensors6> component [force_torque]
[1.668s] -- Looking for ignition-sensors6-force_torque -- found version 6.8.0
[1.669s] -- Searching for dependencies of ignition-sensors6-force_torque
[1.670s] -- Searching for <ignition-sensors6> component [logical_camera]
[1.673s] -- Looking for ignition-sensors6-logical_camera -- found version 6.8.0
[1.674s] -- Searching for dependencies of ignition-sensors6-logical_camera
[1.675s] -- Searching for <ignition-sensors6> component [magnetometer]
[1.678s] -- Looking for ignition-sensors6-magnetometer -- found version 6.8.0
[1.678s] -- Searching for dependencies of ignition-sensors6-magnetometer
[1.679s] -- Searching for <ignition-sensors6> component [navsat]
[1.682s] -- Looking for ignition-sensors6-navsat -- found version 6.8.0
[1.683s] -- Searching for dependencies of ignition-sensors6-navsat
[1.683s] -- Searching for <ignition-sensors6> component [rendering]
[1.685s] -- Looking for ignition-sensors6-rendering -- found version 6.8.0
[1.685s] -- Searching for dependencies of ignition-sensors6-rendering
[1.686s] -- Searching for <ignition-sensors6> component [lidar]
[1.688s] -- Looking for ignition-sensors6-lidar -- found version 6.8.0
[1.689s] -- Searching for dependencies of ignition-sensors6-lidar
[1.689s] -- Looking for ignition-sensors6 -- found version 6.8.0
[1.690s] -- Searching for <ignition-sensors6> component [gpu_lidar]
[1.692s] -- Looking for ignition-sensors6-gpu_lidar -- found version 6.8.0
[1.692s] -- Searching for dependencies of ignition-sensors6-gpu_lidar
[1.693s] -- Looking for ignition-sensors6 -- found version 6.8.0
[1.693s] -- Searching for <ignition-sensors6> component [camera]
[1.696s] -- Looking for ignition-sensors6-camera -- found version 6.8.0
[1.696s] -- Searching for dependencies of ignition-sensors6-camera
[1.696s] -- Looking for ignition-sensors6 -- found version 6.8.0
[1.697s] -- Searching for <ignition-sensors6> component [boundingbox_camera]
[1.699s] -- Looking for ignition-sensors6-boundingbox_camera -- found version 6.8.0
[1.700s] -- Searching for dependencies of ignition-sensors6-boundingbox_camera
[1.701s] -- Searching for <ignition-sensors6> component [segmentation_camera]
[1.703s] -- Looking for ignition-sensors6-segmentation_camera -- found version 6.8.0
[1.704s] -- Searching for dependencies of ignition-sensors6-segmentation_camera
[1.705s] -- Searching for <ignition-sensors6> component [depth_camera]
[1.707s] -- Looking for ignition-sensors6-depth_camera -- found version 6.8.0
[1.708s] -- Searching for dependencies of ignition-sensors6-depth_camera
[1.708s] -- Looking for ignition-sensors6 -- found version 6.8.0
[1.709s] -- Searching for <ignition-sensors6> component [rgbd_camera]
[1.712s] -- Looking for ignition-sensors6-rgbd_camera -- found version 6.8.0
[1.713s] -- Searching for dependencies of ignition-sensors6-rgbd_camera
[1.713s] -- Looking for ignition-sensors6 -- found version 6.8.0
[1.714s] -- Searching for <ignition-sensors6> component [thermal_camera]
[1.717s] -- Looking for ignition-sensors6-thermal_camera -- found version 6.8.0
[1.717s] -- Searching for dependencies of ignition-sensors6-thermal_camera
[1.718s] -- Looking for ignition-sensors6 -- found version 6.8.0
[1.720s] -- Looking for ignition-rendering6 -- found version 6.6.3
[1.721s] -- Looking for ignition-math6 -- found version 6.15.1
[1.724s] -- Looking for ignition-utils1 -- found version 1.5.1
[1.749s] -- Found ament_lint_auto: 0.12.11 (/opt/ros/humble/share/ament_lint_auto/cmake)
[1.841s] -- Configuring done
[1.855s] -- Generating done
[1.857s] -- Build files have been written to: /gobilda_sim/ros_ws/build/ros_gz_example_gazebo
[1.869s] Invoked command in '/gobilda_sim/ros_ws/build/ros_gz_example_gazebo' returned '0': AMENT_PREFIX_PATH=/gobilda_sim/ros_ws/install/ros_gz_example_description:${AMENT_PREFIX_PATH} CMAKE_PREFIX_PATH=/gobilda_sim/ros_ws/install/ros_gz_example_description:/opt/ros/humble IGN_GAZEBO_RESOURCE_PATH=/gobilda_sim/ros_ws/install/ros_gz_example_description/share/ros_gz_example_description/models /usr/bin/cmake /gobilda_sim/ros_ws/src/ros_gz_project/ros_gz_example_gazebo -DAMENT_CMAKE_SYMLINK_INSTALL=1 -DCMAKE_INSTALL_PREFIX=/gobilda_sim/ros_ws/install/ros_gz_example_gazebo
[1.871s] Invoking command in '/gobilda_sim/ros_ws/build/ros_gz_example_gazebo': AMENT_PREFIX_PATH=/gobilda_sim/ros_ws/install/ros_gz_example_description:${AMENT_PREFIX_PATH} CMAKE_PREFIX_PATH=/gobilda_sim/ros_ws/install/ros_gz_example_description:/opt/ros/humble IGN_GAZEBO_RESOURCE_PATH=/gobilda_sim/ros_ws/install/ros_gz_example_description/share/ros_gz_example_description/models /usr/bin/cmake --build /gobilda_sim/ros_ws/build/ros_gz_example_gazebo -- -j16 -l16
[1.914s] [ 25%] [32mBuilding CXX object CMakeFiles/BasicSystem.dir/src/BasicSystem.cc.o[0m
[1.915s] [ 50%] [32mBuilding CXX object CMakeFiles/FullSystem.dir/src/FullSystem.cc.o[0m
[8.034s] [ 75%] [32m[1mLinking CXX shared library libBasicSystem.so[0m
[8.129s] [100%] [32m[1mLinking CXX shared library libFullSystem.so[0m
[8.272s] [100%] Built target BasicSystem
[8.377s] [100%] Built target FullSystem
[8.392s] Invoked command in '/gobilda_sim/ros_ws/build/ros_gz_example_gazebo' returned '0': AMENT_PREFIX_PATH=/gobilda_sim/ros_ws/install/ros_gz_example_description:${AMENT_PREFIX_PATH} CMAKE_PREFIX_PATH=/gobilda_sim/ros_ws/install/ros_gz_example_description:/opt/ros/humble IGN_GAZEBO_RESOURCE_PATH=/gobilda_sim/ros_ws/install/ros_gz_example_description/share/ros_gz_example_description/models /usr/bin/cmake --build /gobilda_sim/ros_ws/build/ros_gz_example_gazebo -- -j16 -l16
[8.442s] Invoking command in '/gobilda_sim/ros_ws/build/ros_gz_example_gazebo': AMENT_PREFIX_PATH=/gobilda_sim/ros_ws/install/ros_gz_example_description:${AMENT_PREFIX_PATH} CMAKE_PREFIX_PATH=/gobilda_sim/ros_ws/install/ros_gz_example_description:/opt/ros/humble IGN_GAZEBO_RESOURCE_PATH=/gobilda_sim/ros_ws/install/ros_gz_example_description/share/ros_gz_example_description/models /usr/bin/cmake --install /gobilda_sim/ros_ws/build/ros_gz_example_gazebo
[8.447s] -- Install configuration: ""
[8.448s] -- Execute custom install script
[8.448s] -- Symlinking: /gobilda_sim/ros_ws/install/ros_gz_example_gazebo/lib/ros_gz_example_gazebo/libBasicSystem.so
[8.458s] -- Symlinking: /gobilda_sim/ros_ws/install/ros_gz_example_gazebo/lib/ros_gz_example_gazebo/libFullSystem.so
[8.474s] -- Symlinking: /gobilda_sim/ros_ws/install/ros_gz_example_gazebo/share/ros_gz_example_gazebo/worlds/diff_drive.sdf
[8.485s] -- Symlinking: /gobilda_sim/ros_ws/install/ros_gz_example_gazebo/share/ros_gz_example_gazebo/environment/ros_gz_example_gazebo.dsv
[8.495s] -- Symlinking: /gobilda_sim/ros_ws/install/ros_gz_example_gazebo/share/ros_gz_example_gazebo/environment/ros_gz_example_gazebo.sh
[8.505s] -- Symlinking: /gobilda_sim/ros_ws/install/ros_gz_example_gazebo/share/ament_index/resource_index/package_run_dependencies/ros_gz_example_gazebo
[8.515s] -- Symlinking: /gobilda_sim/ros_ws/install/ros_gz_example_gazebo/share/ament_index/resource_index/parent_prefix_path/ros_gz_example_gazebo
[8.526s] -- Symlinking: /gobilda_sim/ros_ws/install/ros_gz_example_gazebo/share/ros_gz_example_gazebo/environment/ament_prefix_path.sh
[8.537s] -- Symlinking: /gobilda_sim/ros_ws/install/ros_gz_example_gazebo/share/ros_gz_example_gazebo/environment/ament_prefix_path.dsv
[8.547s] -- Symlinking: /gobilda_sim/ros_ws/install/ros_gz_example_gazebo/share/ros_gz_example_gazebo/environment/path.sh
[8.555s] -- Symlinking: /gobilda_sim/ros_ws/install/ros_gz_example_gazebo/share/ros_gz_example_gazebo/environment/path.dsv
[8.562s] -- Symlinking: /gobilda_sim/ros_ws/install/ros_gz_example_gazebo/share/ros_gz_example_gazebo/local_setup.bash
[8.571s] -- Symlinking: /gobilda_sim/ros_ws/install/ros_gz_example_gazebo/share/ros_gz_example_gazebo/local_setup.sh
[8.580s] -- Symlinking: /gobilda_sim/ros_ws/install/ros_gz_example_gazebo/share/ros_gz_example_gazebo/local_setup.zsh
[8.590s] -- Symlinking: /gobilda_sim/ros_ws/install/ros_gz_example_gazebo/share/ros_gz_example_gazebo/local_setup.dsv
[8.598s] -- Symlinking: /gobilda_sim/ros_ws/install/ros_gz_example_gazebo/share/ros_gz_example_gazebo/package.dsv
[8.605s] -- Symlinking: /gobilda_sim/ros_ws/install/ros_gz_example_gazebo/share/ament_index/resource_index/packages/ros_gz_example_gazebo
[8.612s] -- Symlinking: /gobilda_sim/ros_ws/install/ros_gz_example_gazebo/share/ros_gz_example_gazebo/cmake/ros_gz_example_gazeboConfig.cmake
[8.619s] -- Symlinking: /gobilda_sim/ros_ws/install/ros_gz_example_gazebo/share/ros_gz_example_gazebo/cmake/ros_gz_example_gazeboConfig-version.cmake
[8.626s] -- Symlinking: /gobilda_sim/ros_ws/install/ros_gz_example_gazebo/share/ros_gz_example_gazebo/package.xml
[8.635s] Invoked command in '/gobilda_sim/ros_ws/build/ros_gz_example_gazebo' returned '0': AMENT_PREFIX_PATH=/gobilda_sim/ros_ws/install/ros_gz_example_description:${AMENT_PREFIX_PATH} CMAKE_PREFIX_PATH=/gobilda_sim/ros_ws/install/ros_gz_example_description:/opt/ros/humble IGN_GAZEBO_RESOURCE_PATH=/gobilda_sim/ros_ws/install/ros_gz_example_description/share/ros_gz_example_description/models /usr/bin/cmake --install /gobilda_sim/ros_ws/build/ros_gz_example_gazebo
