[0.017s] Invoking command in '/gobilda_sim/ros_ws/src/build/ros_gz_example_bringup': AMENT_PREFIX_PATH=/gobilda_sim/ros_ws/src/install/ros_gz_example_gazebo:/gobilda_sim/ros_ws/src/install/ros_gz_example_description:${AMENT_PREFIX_PATH} CMAKE_PREFIX_PATH=/gobilda_sim/ros_ws/src/install/ros_gz_example_gazebo:/gobilda_sim/ros_ws/src/install/ros_gz_example_description:/gobilda_sim/ros_ws/install/ros_gz_example_bringup:/gobilda_sim/ros_ws/install/ros_gz_example_gazebo:/gobilda_sim/ros_ws/install/ros_gz_example_description:/gobilda_sim/ros_ws/install/bump_and_go_lidar:/opt/ros/humble IGN_GAZEBO_PLUGIN_PATH=/gobilda_sim/ros_ws/src/install/ros_gz_example_gazebo/lib/ros_gz_example_gazebo IGN_GAZEBO_RESOURCE_PATH=/gobilda_sim/ros_ws/src/install/ros_gz_example_gazebo/share/ros_gz_example_gazebo/worlds:/gobilda_sim/ros_ws/src/install/ros_gz_example_description/share/ros_gz_example_description/models:${IGN_GAZEBO_RESOURCE_PATH} /usr/bin/cmake /gobilda_sim/ros_ws/src/ros_gz_project/ros_gz_example_bringup -DAMENT_CMAKE_SYMLINK_INSTALL=1 -DCMAKE_INSTALL_PREFIX=/gobilda_sim/ros_ws/src/install/ros_gz_example_bringup
[0.123s] -- The C compiler identification is GNU 11.4.0
[0.240s] -- The CXX compiler identification is GNU 11.4.0
[0.254s] -- Detecting C compiler ABI info
[0.383s] -- Detecting C compiler ABI info - done
[0.399s] -- Check for working C compiler: /usr/bin/cc - skipped
[0.400s] -- Detecting C compile features
[0.400s] -- Detecting C compile features - done
[0.407s] -- Detecting CXX compiler ABI info
[0.538s] -- Detecting CXX compiler ABI info - done
[0.550s] -- Check for working CXX compiler: /usr/bin/c++ - skipped
[0.550s] -- Detecting CXX compile features
[0.551s] -- Detecting CXX compile features - done
[0.558s] -- Found ament_cmake: 1.3.10 (/opt/ros/humble/share/ament_cmake/cmake)
[0.859s] -- Found Python3: /usr/bin/python3 (found version "3.10.12") found components: Interpreter 
[0.993s] -- Override CMake install command with custom implementation using symlinks instead of copying resources
[1.038s] -- Found ros_gz_example_description: 0.0.0 (/gobilda_sim/ros_ws/src/install/ros_gz_example_description/share/ros_gz_example_description/cmake)
[1.040s] -- Found ros_gz_example_gazebo: 0.0.0 (/gobilda_sim/ros_ws/src/install/ros_gz_example_gazebo/share/ros_gz_example_gazebo/cmake)
[1.044s] -- Found ament_lint_auto: 0.12.11 (/opt/ros/humble/share/ament_lint_auto/cmake)
[1.180s] -- Configuring done
[1.187s] -- Generating done
[1.190s] -- Build files have been written to: /gobilda_sim/ros_ws/src/build/ros_gz_example_bringup
[1.204s] Invoked command in '/gobilda_sim/ros_ws/src/build/ros_gz_example_bringup' returned '0': AMENT_PREFIX_PATH=/gobilda_sim/ros_ws/src/install/ros_gz_example_gazebo:/gobilda_sim/ros_ws/src/install/ros_gz_example_description:${AMENT_PREFIX_PATH} CMAKE_PREFIX_PATH=/gobilda_sim/ros_ws/src/install/ros_gz_example_gazebo:/gobilda_sim/ros_ws/src/install/ros_gz_example_description:/gobilda_sim/ros_ws/install/ros_gz_example_bringup:/gobilda_sim/ros_ws/install/ros_gz_example_gazebo:/gobilda_sim/ros_ws/install/ros_gz_example_description:/gobilda_sim/ros_ws/install/bump_and_go_lidar:/opt/ros/humble IGN_GAZEBO_PLUGIN_PATH=/gobilda_sim/ros_ws/src/install/ros_gz_example_gazebo/lib/ros_gz_example_gazebo IGN_GAZEBO_RESOURCE_PATH=/gobilda_sim/ros_ws/src/install/ros_gz_example_gazebo/share/ros_gz_example_gazebo/worlds:/gobilda_sim/ros_ws/src/install/ros_gz_example_description/share/ros_gz_example_description/models:${IGN_GAZEBO_RESOURCE_PATH} /usr/bin/cmake /gobilda_sim/ros_ws/src/ros_gz_project/ros_gz_example_bringup -DAMENT_CMAKE_SYMLINK_INSTALL=1 -DCMAKE_INSTALL_PREFIX=/gobilda_sim/ros_ws/src/install/ros_gz_example_bringup
[1.205s] Invoking command in '/gobilda_sim/ros_ws/src/build/ros_gz_example_bringup': AMENT_PREFIX_PATH=/gobilda_sim/ros_ws/src/install/ros_gz_example_gazebo:/gobilda_sim/ros_ws/src/install/ros_gz_example_description:${AMENT_PREFIX_PATH} CMAKE_PREFIX_PATH=/gobilda_sim/ros_ws/src/install/ros_gz_example_gazebo:/gobilda_sim/ros_ws/src/install/ros_gz_example_description:/gobilda_sim/ros_ws/install/ros_gz_example_bringup:/gobilda_sim/ros_ws/install/ros_gz_example_gazebo:/gobilda_sim/ros_ws/install/ros_gz_example_description:/gobilda_sim/ros_ws/install/bump_and_go_lidar:/opt/ros/humble IGN_GAZEBO_PLUGIN_PATH=/gobilda_sim/ros_ws/src/install/ros_gz_example_gazebo/lib/ros_gz_example_gazebo IGN_GAZEBO_RESOURCE_PATH=/gobilda_sim/ros_ws/src/install/ros_gz_example_gazebo/share/ros_gz_example_gazebo/worlds:/gobilda_sim/ros_ws/src/install/ros_gz_example_description/share/ros_gz_example_description/models:${IGN_GAZEBO_RESOURCE_PATH} /usr/bin/cmake --build /gobilda_sim/ros_ws/src/build/ros_gz_example_bringup -- -j16 -l16
[1.271s] Invoked command in '/gobilda_sim/ros_ws/src/build/ros_gz_example_bringup' returned '0': AMENT_PREFIX_PATH=/gobilda_sim/ros_ws/src/install/ros_gz_example_gazebo:/gobilda_sim/ros_ws/src/install/ros_gz_example_description:${AMENT_PREFIX_PATH} CMAKE_PREFIX_PATH=/gobilda_sim/ros_ws/src/install/ros_gz_example_gazebo:/gobilda_sim/ros_ws/src/install/ros_gz_example_description:/gobilda_sim/ros_ws/install/ros_gz_example_bringup:/gobilda_sim/ros_ws/install/ros_gz_example_gazebo:/gobilda_sim/ros_ws/install/ros_gz_example_description:/gobilda_sim/ros_ws/install/bump_and_go_lidar:/opt/ros/humble IGN_GAZEBO_PLUGIN_PATH=/gobilda_sim/ros_ws/src/install/ros_gz_example_gazebo/lib/ros_gz_example_gazebo IGN_GAZEBO_RESOURCE_PATH=/gobilda_sim/ros_ws/src/install/ros_gz_example_gazebo/share/ros_gz_example_gazebo/worlds:/gobilda_sim/ros_ws/src/install/ros_gz_example_description/share/ros_gz_example_description/models:${IGN_GAZEBO_RESOURCE_PATH} /usr/bin/cmake --build /gobilda_sim/ros_ws/src/build/ros_gz_example_bringup -- -j16 -l16
[1.309s] Invoking command in '/gobilda_sim/ros_ws/src/build/ros_gz_example_bringup': AMENT_PREFIX_PATH=/gobilda_sim/ros_ws/src/install/ros_gz_example_gazebo:/gobilda_sim/ros_ws/src/install/ros_gz_example_description:${AMENT_PREFIX_PATH} CMAKE_PREFIX_PATH=/gobilda_sim/ros_ws/src/install/ros_gz_example_gazebo:/gobilda_sim/ros_ws/src/install/ros_gz_example_description:/gobilda_sim/ros_ws/install/ros_gz_example_bringup:/gobilda_sim/ros_ws/install/ros_gz_example_gazebo:/gobilda_sim/ros_ws/install/ros_gz_example_description:/gobilda_sim/ros_ws/install/bump_and_go_lidar:/opt/ros/humble IGN_GAZEBO_PLUGIN_PATH=/gobilda_sim/ros_ws/src/install/ros_gz_example_gazebo/lib/ros_gz_example_gazebo IGN_GAZEBO_RESOURCE_PATH=/gobilda_sim/ros_ws/src/install/ros_gz_example_gazebo/share/ros_gz_example_gazebo/worlds:/gobilda_sim/ros_ws/src/install/ros_gz_example_description/share/ros_gz_example_description/models:${IGN_GAZEBO_RESOURCE_PATH} /usr/bin/cmake --install /gobilda_sim/ros_ws/src/build/ros_gz_example_bringup
[1.322s] -- Install configuration: ""
[1.322s] -- Execute custom install script
[1.326s] -- Symlinking: /gobilda_sim/ros_ws/src/install/ros_gz_example_bringup/share/ros_gz_example_bringup/launch/diff_drive.launch.py
[1.365s] -- Symlinking: /gobilda_sim/ros_ws/src/install/ros_gz_example_bringup/share/ros_gz_example_bringup/config/diff_drive.rviz
[1.399s] -- Symlinking: /gobilda_sim/ros_ws/src/install/ros_gz_example_bringup/share/ros_gz_example_bringup/config/ros_gz_example_bridge.yaml
[1.413s] -- Symlinking: /gobilda_sim/ros_ws/src/install/ros_gz_example_bringup/share/ament_index/resource_index/package_run_dependencies/ros_gz_example_bringup
[1.440s] -- Symlinking: /gobilda_sim/ros_ws/src/install/ros_gz_example_bringup/share/ament_index/resource_index/parent_prefix_path/ros_gz_example_bringup
[1.461s] -- Symlinking: /gobilda_sim/ros_ws/src/install/ros_gz_example_bringup/share/ros_gz_example_bringup/environment/ament_prefix_path.sh
[1.479s] -- Symlinking: /gobilda_sim/ros_ws/src/install/ros_gz_example_bringup/share/ros_gz_example_bringup/environment/ament_prefix_path.dsv
[1.502s] -- Symlinking: /gobilda_sim/ros_ws/src/install/ros_gz_example_bringup/share/ros_gz_example_bringup/environment/path.sh
[1.513s] -- Symlinking: /gobilda_sim/ros_ws/src/install/ros_gz_example_bringup/share/ros_gz_example_bringup/environment/path.dsv
[1.530s] -- Symlinking: /gobilda_sim/ros_ws/src/install/ros_gz_example_bringup/share/ros_gz_example_bringup/local_setup.bash
[1.542s] -- Symlinking: /gobilda_sim/ros_ws/src/install/ros_gz_example_bringup/share/ros_gz_example_bringup/local_setup.sh
[1.555s] -- Symlinking: /gobilda_sim/ros_ws/src/install/ros_gz_example_bringup/share/ros_gz_example_bringup/local_setup.zsh
[1.569s] -- Symlinking: /gobilda_sim/ros_ws/src/install/ros_gz_example_bringup/share/ros_gz_example_bringup/local_setup.dsv
[1.583s] -- Symlinking: /gobilda_sim/ros_ws/src/install/ros_gz_example_bringup/share/ros_gz_example_bringup/package.dsv
[1.601s] -- Symlinking: /gobilda_sim/ros_ws/src/install/ros_gz_example_bringup/share/ament_index/resource_index/packages/ros_gz_example_bringup
[1.618s] -- Symlinking: /gobilda_sim/ros_ws/src/install/ros_gz_example_bringup/share/ros_gz_example_bringup/cmake/ros_gz_example_bringupConfig.cmake
[1.630s] -- Symlinking: /gobilda_sim/ros_ws/src/install/ros_gz_example_bringup/share/ros_gz_example_bringup/cmake/ros_gz_example_bringupConfig-version.cmake
[1.643s] -- Symlinking: /gobilda_sim/ros_ws/src/install/ros_gz_example_bringup/share/ros_gz_example_bringup/package.xml
[1.663s] Invoked command in '/gobilda_sim/ros_ws/src/build/ros_gz_example_bringup' returned '0': AMENT_PREFIX_PATH=/gobilda_sim/ros_ws/src/install/ros_gz_example_gazebo:/gobilda_sim/ros_ws/src/install/ros_gz_example_description:${AMENT_PREFIX_PATH} CMAKE_PREFIX_PATH=/gobilda_sim/ros_ws/src/install/ros_gz_example_gazebo:/gobilda_sim/ros_ws/src/install/ros_gz_example_description:/gobilda_sim/ros_ws/install/ros_gz_example_bringup:/gobilda_sim/ros_ws/install/ros_gz_example_gazebo:/gobilda_sim/ros_ws/install/ros_gz_example_description:/gobilda_sim/ros_ws/install/bump_and_go_lidar:/opt/ros/humble IGN_GAZEBO_PLUGIN_PATH=/gobilda_sim/ros_ws/src/install/ros_gz_example_gazebo/lib/ros_gz_example_gazebo IGN_GAZEBO_RESOURCE_PATH=/gobilda_sim/ros_ws/src/install/ros_gz_example_gazebo/share/ros_gz_example_gazebo/worlds:/gobilda_sim/ros_ws/src/install/ros_gz_example_description/share/ros_gz_example_description/models:${IGN_GAZEBO_RESOURCE_PATH} /usr/bin/cmake --install /gobilda_sim/ros_ws/src/build/ros_gz_example_bringup
